# JRE version: OpenJDK Runtime Environment Temurin-21.0.11+10 (21.0.11+10) (build 21.0.11+10-LTS)
# Java VM: OpenJDK 64-Bit Server VM Temurin-21.0.11+10 (21.0.11+10-LTS, mixed mode, sharing, tiered, compressed oops, compressed class ptrs, parallel gc, windows-amd64)
GC Precious Log:
 CardTable entry size: 512
 CPUs: 12 total, 12 available
 Memory: 5978M
 Large Page Support: Disabled
 NUMA Support: Disabled
 Compressed Oops: Enabled (32-bit)
 Alignments: Space 512K, Generation 512K, Heap 2M
 Heap Min Capacity: 100M
 Heap Initial Capacity: 100M
 Heap Max Capacity: 2G
 Pre-touch: Disabled
 Parallel Workers: 10
Heap:
 PSYoungGen      total 14848K, used 7716K [0x00000000d5580000, 0x00000000d6780000, 0x0000000100000000)
  eden space 12288K, 42% used [0x00000000d5580000,0x00000000d5a9bf90,0x00000000d6180000)
  from space 2560K, 97% used [0x00000000d6500000,0x00000000d676d078,0x00000000d6780000)
  to   space 3072K, 0% used [0x00000000d6180000,0x00000000d6180000,0x00000000d6480000)
 ParOldGen       total 118272K, used 118179K [0x0000000080000000, 0x0000000087380000, 0x00000000d5580000)
  object space 118272K, 99% used [0x0000000080000000,0x0000000087368ee8,0x0000000087380000)
 Metaspace       used 55849K, committed 57280K, reserved 1114112K
  class space    used 6038K, committed 6720K, reserved 1048576K
GC Heap History (20 events):
Event: 22.186 GC heap after
{Heap after GC invocations=45 (full 2):
 PSYoungGen      total 20480K, used 3967K [0x00000000d5580000, 0x00000000d6f80000, 0x0000000100000000)
  eden space 16384K, 0% used [0x00000000d5580000,0x00000000d5580000,0x00000000d6580000)
  from space 4096K, 96% used [0x00000000d6780000,0x00000000d6b5ff18,0x00000000d6b80000)
  to   space 4096K, 0% used [0x00000000d6b80000,0x00000000d6b80000,0x00000000d6f80000)
 ParOldGen       total 87040K, used 86672K [0x0000000080000000, 0x0000000085500000, 0x00000000d5580000)
  object space 87040K, 99% used [0x0000000080000000,0x00000000854a43f8,0x0000000085500000)
 Metaspace       used 55117K, committed 56512K, reserved 1114112K
  class space    used 6004K, committed 6656K, reserved 1048576K
}
Event: 22.294 GC heap before
{Heap before GC invocations=46 (full 2):
 PSYoungGen      total 20480K, used 20351K [0x00000000d5580000, 0x00000000d6f80000, 0x0000000100000000)
  eden space 16384K, 100% used [0x00000000d5580000,0x00000000d6580000,0x00000000d6580000)
  from space 4096K, 96% used [0x00000000d6780000,0x00000000d6b5ff18,0x00000000d6b80000)
  to   space 4096K, 0% used [0x00000000d6b80000,0x00000000d6b80000,0x00000000d6f80000)
 ParOldGen       total 87040K, used 86672K [0x0000000080000000, 0x0000000085500000, 0x00000000d5580000)
  object space 87040K, 99% used [0x0000000080000000,0x00000000854a43f8,0x0000000085500000)
 Metaspace       used 55439K, committed 56896K, reserved 1114112K
  class space    used 6036K, committed 6720K, reserved 1048576K
}
Event: 22.300 GC heap after
{Heap after GC invocations=46 (full 2):
 PSYoungGen      total 19968K, used 3377K [0x00000000d5580000, 0x00000000d6f00000, 0x0000000100000000)
  eden space 16384K, 0% used [0x00000000d5580000,0x00000000d5580000,0x00000000d6580000)
  from space 3584K, 94% used [0x00000000d6b80000,0x00000000d6ecc508,0x00000000d6f00000)
  to   space 4096K, 0% used [0x00000000d6700000,0x00000000d6700000,0x00000000d6b00000)
 ParOldGen       total 90624K, used 90411K [0x0000000080000000, 0x0000000085880000, 0x00000000d5580000)
  object space 90624K, 99% used [0x0000000080000000,0x000000008584add8,0x0000000085880000)
 Metaspace       used 55439K, committed 56896K, reserved 1114112K
  class space    used 6036K, committed 6720K, reserved 1048576K
}
Event: 22.399 GC heap before
{Heap before GC invocations=47 (full 2):
 PSYoungGen      total 19968K, used 19761K [0x00000000d5580000, 0x00000000d6f00000, 0x0000000100000000)
  eden space 16384K, 100% used [0x00000000d5580000,0x00000000d6580000,0x00000000d6580000)
  from space 3584K, 94% used [0x00000000d6b80000,0x00000000d6ecc508,0x00000000d6f00000)
  to   space 4096K, 0% used [0x00000000d6700000,0x00000000d6700000,0x00000000d6b00000)
 ParOldGen       total 90624K, used 90411K [0x0000000080000000, 0x0000000085880000, 0x00000000d5580000)
  object space 90624K, 99% used [0x0000000080000000,0x000000008584add8,0x0000000085880000)
 Metaspace       used 55481K, committed 56896K, reserved 1114112K
  class space    used 6037K, committed 6720K, reserved 1048576K
}
Event: 22.406 GC heap after
{Heap after GC invocations=47 (full 2):
 PSYoungGen      total 20480K, used 3807K [0x00000000d5580000, 0x00000000d6d80000, 0x0000000100000000)
  eden space 16384K, 0% used [0x00000000d5580000,0x00000000d5580000,0x00000000d6580000)
  from space 4096K, 92% used [0x00000000d6700000,0x00000000d6ab7d20,0x00000000d6b00000)
  to   space 2560K, 0% used [0x00000000d6b00000,0x00000000d6b00000,0x00000000d6d80000)
 ParOldGen       total 93696K, used 93551K [0x0000000080000000, 0x0000000085b80000, 0x00000000d5580000)
  object space 93696K, 99% used [0x0000000080000000,0x0000000085b5bf88,0x0000000085b80000)
 Metaspace       used 55481K, committed 56896K, reserved 1114112K
  class space    used 6037K, committed 6720K, reserved 1048576K
}
Event: 22.518 GC heap before
{Heap before GC invocations=48 (full 2):
 PSYoungGen      total 20480K, used 20191K [0x00000000d5580000, 0x00000000d6d80000, 0x0000000100000000)
  eden space 16384K, 100% used [0x00000000d5580000,0x00000000d6580000,0x00000000d6580000)
  from space 4096K, 92% used [0x00000000d6700000,0x00000000d6ab7d20,0x00000000d6b00000)
  to   space 2560K, 0% used [0x00000000d6b00000,0x00000000d6b00000,0x00000000d6d80000)
 ParOldGen       total 93696K, used 93551K [0x0000000080000000, 0x0000000085b80000, 0x00000000d5580000)
  object space 93696K, 99% used [0x0000000080000000,0x0000000085b5bf88,0x0000000085b80000)
 Metaspace       used 55541K, committed 56960K, reserved 1114112K
  class space    used 6037K, committed 6720K, reserved 1048576K
}
Event: 22.524 GC heap after
{Heap after GC invocations=48 (full 2):
 PSYoungGen      total 16896K, used 2555K [0x00000000d5580000, 0x00000000d7480000, 0x0000000100000000)
  eden space 14336K, 0% used [0x00000000d5580000,0x00000000d5580000,0x00000000d6380000)
  from space 2560K, 99% used [0x00000000d6b00000,0x00000000d6d7eda8,0x00000000d6d80000)
  to   space 7680K, 0% used [0x00000000d6380000,0x00000000d6380000,0x00000000d6b00000)
 ParOldGen       total 98304K, used 97858K [0x0000000080000000, 0x0000000086000000, 0x00000000d5580000)
  object space 98304K, 99% used [0x0000000080000000,0x0000000085f90bd8,0x0000000086000000)
 Metaspace       used 55541K, committed 56960K, reserved 1114112K
  class space    used 6037K, committed 6720K, reserved 1048576K
}
Event: 22.638 GC heap before
{Heap before GC invocations=49 (full 2):
 PSYoungGen      total 16896K, used 16891K [0x00000000d5580000, 0x00000000d7480000, 0x0000000100000000)
  eden space 14336K, 100% used [0x00000000d5580000,0x00000000d6380000,0x00000000d6380000)
  from space 2560K, 99% used [0x00000000d6b00000,0x00000000d6d7eda8,0x00000000d6d80000)
  to   space 7680K, 0% used [0x00000000d6380000,0x00000000d6380000,0x00000000d6b00000)
 ParOldGen       total 98304K, used 97858K [0x0000000080000000, 0x0000000086000000, 0x00000000d5580000)
  object space 98304K, 99% used [0x0000000080000000,0x0000000085f90bd8,0x0000000086000000)
 Metaspace       used 55582K, committed 57024K, reserved 1114112K
  class space    used 6037K, committed 6720K, reserved 1048576K
}
Event: 22.644 GC heap after
{Heap after GC invocations=49 (full 2):
 PSYoungGen      total 17408K, used 2848K [0x00000000d5580000, 0x00000000d6c80000, 0x0000000100000000)
  eden space 14336K, 0% used [0x00000000d5580000,0x00000000d5580000,0x00000000d6380000)
  from space 3072K, 92% used [0x00000000d6380000,0x00000000d6648120,0x00000000d6680000)
  to   space 4608K, 0% used [0x00000000d6800000,0x00000000d6800000,0x00000000d6c80000)
 ParOldGen       total 100864K, used 100412K [0x0000000080000000, 0x0000000086280000, 0x00000000d5580000)
  object space 100864K, 99% used [0x0000000080000000,0x000000008620f198,0x0000000086280000)
 Metaspace       used 55582K, committed 57024K, reserved 1114112K
  class space    used 6037K, committed 6720K, reserved 1048576K
}
Event: 22.804 GC heap before
{Heap before GC invocations=50 (full 2):
 PSYoungGen      total 17408K, used 17184K [0x00000000d5580000, 0x00000000d6c80000, 0x0000000100000000)
  eden space 14336K, 100% used [0x00000000d5580000,0x00000000d6380000,0x00000000d6380000)
  from space 3072K, 92% used [0x00000000d6380000,0x00000000d6648120,0x00000000d6680000)
  to   space 4608K, 0% used [0x00000000d6800000,0x00000000d6800000,0x00000000d6c80000)
 ParOldGen       total 100864K, used 100412K [0x0000000080000000, 0x0000000086280000, 0x00000000d5580000)
  object space 100864K, 99% used [0x0000000080000000,0x000000008620f198,0x0000000086280000)
 Metaspace       used 55611K, committed 57024K, reserved 1114112K
  class space    used 6037K, committed 6720K, reserved 1048576K
}
Event: 22.812 GC heap after
{Heap after GC invocations=50 (full 2):
 PSYoungGen      total 16896K, used 2528K [0x00000000d5580000, 0x00000000d6a80000, 0x0000000100000000)
  eden space 14336K, 0% used [0x00000000d5580000,0x00000000d5580000,0x00000000d6380000)
  from space 2560K, 98% used [0x00000000d6800000,0x00000000d6a78000,0x00000000d6a80000)
  to   space 3072K, 0% used [0x00000000d6480000,0x00000000d6480000,0x00000000d6780000)
 ParOldGen       total 103424K, used 103067K [0x0000000080000000, 0x0000000086500000, 0x00000000d5580000)
  object space 103424K, 99% used [0x0000000080000000,0x00000000864a6c58,0x0000000086500000)
 Metaspace       used 55611K, committed 57024K, reserved 1114112K
  class space    used 6037K, committed 6720K, reserved 1048576K
}
Event: 22.915 GC heap before
{Heap before GC invocations=51 (full 2):
 PSYoungGen      total 16896K, used 16864K [0x00000000d5580000, 0x00000000d6a80000, 0x0000000100000000)
  eden space 14336K, 100% used [0x00000000d5580000,0x00000000d6380000,0x00000000d6380000)
  from space 2560K, 98% used [0x00000000d6800000,0x00000000d6a78000,0x00000000d6a80000)
  to   space 3072K, 0% used [0x00000000d6480000,0x00000000d6480000,0x00000000d6780000)
 ParOldGen       total 103424K, used 103067K [0x0000000080000000, 0x0000000086500000, 0x00000000d5580000)
  object space 103424K, 99% used [0x0000000080000000,0x00000000864a6c58,0x0000000086500000)
 Metaspace       used 55631K, committed 57024K, reserved 1114112K
  class space    used 6038K, committed 6720K, reserved 1048576K
}
Event: 22.921 GC heap after
{Heap after GC invocations=51 (full 2):
 PSYoungGen      total 17408K, used 3047K [0x00000000d5580000, 0x00000000d6f80000, 0x0000000100000000)
  eden space 14336K, 0% used [0x00000000d5580000,0x00000000d5580000,0x00000000d6380000)
  from space 3072K, 99% used [0x00000000d6480000,0x00000000d6779d68,0x00000000d6780000)
  to   space 6144K, 0% used [0x00000000d6980000,0x00000000d6980000,0x00000000d6f80000)
 ParOldGen       total 105984K, used 105497K [0x0000000080000000, 0x0000000086780000, 0x00000000d5580000)
  object space 105984K, 99% used [0x0000000080000000,0x0000000086706540,0x0000000086780000)
 Metaspace       used 55631K, committed 57024K, reserved 1114112K
  class space    used 6038K, committed 6720K, reserved 1048576K
}
Event: 23.024 GC heap before
{Heap before GC invocations=52 (full 2):
 PSYoungGen      total 17408K, used 17383K [0x00000000d5580000, 0x00000000d6f80000, 0x0000000100000000)
  eden space 14336K, 100% used [0x00000000d5580000,0x00000000d6380000,0x00000000d6380000)
  from space 3072K, 99% used [0x00000000d6480000,0x00000000d6779d68,0x00000000d6780000)
  to   space 6144K, 0% used [0x00000000d6980000,0x00000000d6980000,0x00000000d6f80000)
 ParOldGen       total 105984K, used 105497K [0x0000000080000000, 0x0000000086780000, 0x00000000d5580000)
  object space 105984K, 99% used [0x0000000080000000,0x0000000086706540,0x0000000086780000)
 Metaspace       used 55663K, committed 57024K, reserved 1114112K
  class space    used 6038K, committed 6720K, reserved 1048576K
}
Event: 23.029 GC heap after
{Heap after GC invocations=52 (full 2):
 PSYoungGen      total 17408K, used 2685K [0x00000000d5580000, 0x00000000d6c80000, 0x0000000100000000)
  eden space 14336K, 0% used [0x00000000d5580000,0x00000000d5580000,0x00000000d6380000)
  from space 3072K, 87% used [0x00000000d6980000,0x00000000d6c1f558,0x00000000d6c80000)
  to   space 4096K, 0% used [0x00000000d6480000,0x00000000d6480000,0x00000000d6880000)
 ParOldGen       total 108544K, used 108276K [0x0000000080000000, 0x0000000086a00000, 0x00000000d5580000)
  object space 108544K, 99% used [0x0000000080000000,0x00000000869bd008,0x0000000086a00000)
 Metaspace       used 55663K, committed 57024K, reserved 1114112K
  class space    used 6038K, committed 6720K, reserved 1048576K
}
Event: 23.152 GC heap before
{Heap before GC invocations=53 (full 2):
 PSYoungGen      total 17408K, used 17021K [0x00000000d5580000, 0x00000000d6c80000, 0x0000000100000000)
  eden space 14336K, 100% used [0x00000000d5580000,0x00000000d6380000,0x00000000d6380000)
  from space 3072K, 87% used [0x00000000d6980000,0x00000000d6c1f558,0x00000000d6c80000)
  to   space 4096K, 0% used [0x00000000d6480000,0x00000000d6480000,0x00000000d6880000)
 ParOldGen       total 108544K, used 108276K [0x0000000080000000, 0x0000000086a00000, 0x00000000d5580000)
  object space 108544K, 99% used [0x0000000080000000,0x00000000869bd008,0x0000000086a00000)
 Metaspace       used 55694K, committed 57088K, reserved 1114112K
  class space    used 6038K, committed 6720K, reserved 1048576K
}
Event: 23.161 GC heap after
{Heap after GC invocations=53 (full 2):
 PSYoungGen      total 17408K, used 2608K [0x00000000d5580000, 0x00000000d6a00000, 0x0000000100000000)
  eden space 14336K, 0% used [0x00000000d5580000,0x00000000d5580000,0x00000000d6380000)
  from space 3072K, 84% used [0x00000000d6480000,0x00000000d670c398,0x00000000d6780000)
  to   space 2560K, 0% used [0x00000000d6780000,0x00000000d6780000,0x00000000d6a00000)
 ParOldGen       total 111104K, used 110762K [0x0000000080000000, 0x0000000086c80000, 0x00000000d5580000)
  object space 111104K, 99% used [0x0000000080000000,0x0000000086c2a920,0x0000000086c80000)
 Metaspace       used 55694K, committed 57088K, reserved 1114112K
  class space    used 6038K, committed 6720K, reserved 1048576K
}
Event: 23.318 GC heap before
{Heap before GC invocations=54 (full 2):
 PSYoungGen      total 17408K, used 16944K [0x00000000d5580000, 0x00000000d6a00000, 0x0000000100000000)
  eden space 14336K, 100% used [0x00000000d5580000,0x00000000d6380000,0x00000000d6380000)
  from space 3072K, 84% used [0x00000000d6480000,0x00000000d670c398,0x00000000d6780000)
  to   space 2560K, 0% used [0x00000000d6780000,0x00000000d6780000,0x00000000d6a00000)
 ParOldGen       total 111104K, used 110762K [0x0000000080000000, 0x0000000086c80000, 0x00000000d5580000)
  object space 111104K, 99% used [0x0000000080000000,0x0000000086c2a920,0x0000000086c80000)
 Metaspace       used 55754K, committed 57216K, reserved 1114112K
  class space    used 6038K, committed 6720K, reserved 1048576K
}
Event: 23.326 GC heap after
{Heap after GC invocations=54 (full 2):
 PSYoungGen      total 14848K, used 2548K [0x00000000d5580000, 0x00000000d6f80000, 0x0000000100000000)
  eden space 12288K, 0% used [0x00000000d5580000,0x00000000d5580000,0x00000000d6180000)
  from space 2560K, 99% used [0x00000000d6780000,0x00000000d69fd0c0,0x00000000d6a00000)
  to   space 6144K, 0% used [0x00000000d6180000,0x00000000d6180000,0x00000000d6780000)
 ParOldGen       total 114176K, used 113828K [0x0000000080000000, 0x0000000086f80000, 0x00000000d5580000)
  object space 114176K, 99% used [0x0000000080000000,0x0000000086f29278,0x0000000086f80000)
 Metaspace       used 55754K, committed 57216K, reserved 1114112K
  class space    used 6038K, committed 6720K, reserved 1048576K
}
Event: 23.437 GC heap before
{Heap before GC invocations=55 (full 2):
 PSYoungGen      total 14848K, used 14836K [0x00000000d5580000, 0x00000000d6f80000, 0x0000000100000000)
  eden space 12288K, 100% used [0x00000000d5580000,0x00000000d6180000,0x00000000d6180000)
  from space 2560K, 99% used [0x00000000d6780000,0x00000000d69fd0c0,0x00000000d6a00000)
  to   space 6144K, 0% used [0x00000000d6180000,0x00000000d6180000,0x00000000d6780000)
 ParOldGen       total 114176K, used 113828K [0x0000000080000000, 0x0000000086f80000, 0x00000000d5580000)
  object space 114176K, 99% used [0x0000000080000000,0x0000000086f29278,0x0000000086f80000)
 Metaspace       used 55794K, committed 57216K, reserved 1114112K
  class space    used 6038K, committed 6720K, reserved 1048576K
}

