# JRE version: OpenJDK Runtime Environment Temurin-21.0.11+10 (21.0.11+10) (build 21.0.11+10-LTS)
# Java VM: OpenJDK 64-Bit Server VM Temurin-21.0.11+10 (21.0.11+10-LTS, mixed mode, sharing, tiered, compressed oops, compressed class ptrs, parallel gc, windows-amd64)
GC Precious Log:
 CardTable entry size: 512
 CPUs: 12 total, 12 available
 Memory: 5978M
 Large Page Support: Disabled
 NUMA Support: Disabled
 Compressed Oops: Enabled (32-bit)
 Alignments: Space 512K, Generation 512K, Heap 2M
 Heap Min Capacity: 100M
 Heap Initial Capacity: 100M
 Heap Max Capacity: 2G
 Pre-touch: Disabled
 Parallel Workers: 10
Heap:
 PSYoungGen      total 14336K, used 5438K [0x00000000d5580000, 0x00000000d7100000, 0x0000000100000000)
  eden space 11264K, 21% used [0x00000000d5580000,0x00000000d57d6430,0x00000000d6080000)
  from space 3072K, 99% used [0x00000000d6700000,0x00000000d69f9728,0x00000000d6a00000)
  to   space 6656K, 0% used [0x00000000d6080000,0x00000000d6080000,0x00000000d6700000)
 ParOldGen       total 105472K, used 105249K [0x0000000080000000, 0x0000000086700000, 0x00000000d5580000)
  object space 105472K, 99% used [0x0000000080000000,0x00000000866c87a8,0x0000000086700000)
 Metaspace       used 55760K, committed 57024K, reserved 1114112K
  class space    used 6036K, committed 6592K, reserved 1048576K
GC Heap History (20 events):
Event: 19.654 GC heap before
{Heap before GC invocations=40 (full 2):
 PSYoungGen      total 20992K, used 20552K [0x00000000d5580000, 0x00000000d6e00000, 0x0000000100000000)
  eden space 16896K, 100% used [0x00000000d5580000,0x00000000d6600000,0x00000000d6600000)
  from space 4096K, 89% used [0x00000000d6700000,0x00000000d6a923f0,0x00000000d6b00000)
  to   space 3072K, 0% used [0x00000000d6b00000,0x00000000d6b00000,0x00000000d6e00000)
 ParOldGen       total 71168K, used 71118K [0x0000000080000000, 0x0000000084580000, 0x00000000d5580000)
  object space 71168K, 99% used [0x0000000080000000,0x0000000084573830,0x0000000084580000)
 Metaspace       used 54506K, committed 55744K, reserved 1114112K
  class space    used 5909K, committed 6464K, reserved 1048576K
}
Event: 19.659 GC heap after
{Heap after GC invocations=40 (full 2):
 PSYoungGen      total 17920K, used 3045K [0x00000000d5580000, 0x00000000d7400000, 0x0000000100000000)
  eden space 14848K, 0% used [0x00000000d5580000,0x00000000d5580000,0x00000000d6400000)
  from space 3072K, 99% used [0x00000000d6b00000,0x00000000d6df9438,0x00000000d6e00000)
  to   space 7168K, 0% used [0x00000000d6400000,0x00000000d6400000,0x00000000d6b00000)
 ParOldGen       total 74752K, used 74597K [0x0000000080000000, 0x0000000084900000, 0x00000000d5580000)
  object space 74752K, 99% used [0x0000000080000000,0x00000000848d96e0,0x0000000084900000)
 Metaspace       used 54506K, committed 55744K, reserved 1114112K
  class space    used 5909K, committed 6464K, reserved 1048576K
}
Event: 19.767 GC heap before
{Heap before GC invocations=41 (full 2):
 PSYoungGen      total 17920K, used 17893K [0x00000000d5580000, 0x00000000d7400000, 0x0000000100000000)
  eden space 14848K, 100% used [0x00000000d5580000,0x00000000d6400000,0x00000000d6400000)
  from space 3072K, 99% used [0x00000000d6b00000,0x00000000d6df9438,0x00000000d6e00000)
  to   space 7168K, 0% used [0x00000000d6400000,0x00000000d6400000,0x00000000d6b00000)
 ParOldGen       total 74752K, used 74597K [0x0000000080000000, 0x0000000084900000, 0x00000000d5580000)
  object space 74752K, 99% used [0x0000000080000000,0x00000000848d96e0,0x0000000084900000)
 Metaspace       used 54599K, committed 55872K, reserved 1114112K
  class space    used 5930K, committed 6528K, reserved 1048576K
}
Event: 19.772 GC heap after
{Heap after GC invocations=41 (full 2):
 PSYoungGen      total 19456K, used 4211K [0x00000000d5580000, 0x00000000d6e00000, 0x0000000100000000)
  eden space 14848K, 0% used [0x00000000d5580000,0x00000000d5580000,0x00000000d6400000)
  from space 4608K, 91% used [0x00000000d6400000,0x00000000d681cdd0,0x00000000d6880000)
  to   space 5120K, 0% used [0x00000000d6900000,0x00000000d6900000,0x00000000d6e00000)
 ParOldGen       total 77824K, used 77612K [0x0000000080000000, 0x0000000084c00000, 0x00000000d5580000)
  object space 77824K, 99% used [0x0000000080000000,0x0000000084bcb1d8,0x0000000084c00000)
 Metaspace       used 54599K, committed 55872K, reserved 1114112K
  class space    used 5930K, committed 6528K, reserved 1048576K
}
Event: 19.860 GC heap before
{Heap before GC invocations=42 (full 2):
 PSYoungGen      total 19456K, used 19059K [0x00000000d5580000, 0x00000000d6e00000, 0x0000000100000000)
  eden space 14848K, 100% used [0x00000000d5580000,0x00000000d6400000,0x00000000d6400000)
  from space 4608K, 91% used [0x00000000d6400000,0x00000000d681cdd0,0x00000000d6880000)
  to   space 5120K, 0% used [0x00000000d6900000,0x00000000d6900000,0x00000000d6e00000)
 ParOldGen       total 77824K, used 77612K [0x0000000080000000, 0x0000000084c00000, 0x00000000d5580000)
  object space 77824K, 99% used [0x0000000080000000,0x0000000084bcb1d8,0x0000000084c00000)
 Metaspace       used 54627K, committed 55936K, reserved 1114112K
  class space    used 5930K, committed 6528K, reserved 1048576K
}
Event: 19.866 GC heap after
{Heap after GC invocations=42 (full 2):
 PSYoungGen      total 19456K, used 4424K [0x00000000d5580000, 0x00000000d6d80000, 0x0000000100000000)
  eden space 14848K, 0% used [0x00000000d5580000,0x00000000d5580000,0x00000000d6400000)
  from space 4608K, 96% used [0x00000000d6900000,0x00000000d6d52068,0x00000000d6d80000)
  to   space 4608K, 0% used [0x00000000d6400000,0x00000000d6400000,0x00000000d6880000)
 ParOldGen       total 81920K, used 81621K [0x0000000080000000, 0x0000000085000000, 0x00000000d5580000)
  object space 81920K, 99% used [0x0000000080000000,0x0000000084fb5610,0x0000000085000000)
 Metaspace       used 54627K, committed 55936K, reserved 1114112K
  class space    used 5930K, committed 6528K, reserved 1048576K
}
Event: 19.967 GC heap before
{Heap before GC invocations=43 (full 2):
 PSYoungGen      total 19456K, used 19272K [0x00000000d5580000, 0x00000000d6d80000, 0x0000000100000000)
  eden space 14848K, 100% used [0x00000000d5580000,0x00000000d6400000,0x00000000d6400000)
  from space 4608K, 96% used [0x00000000d6900000,0x00000000d6d52068,0x00000000d6d80000)
  to   space 4608K, 0% used [0x00000000d6400000,0x00000000d6400000,0x00000000d6880000)
 ParOldGen       total 81920K, used 81621K [0x0000000080000000, 0x0000000085000000, 0x00000000d5580000)
  object space 81920K, 99% used [0x0000000080000000,0x0000000084fb5610,0x0000000085000000)
 Metaspace       used 54967K, committed 56256K, reserved 1114112K
  class space    used 5962K, committed 6528K, reserved 1048576K
}
Event: 19.973 GC heap after
{Heap after GC invocations=43 (full 2):
 PSYoungGen      total 17920K, used 2999K [0x00000000d5580000, 0x00000000d6b00000, 0x0000000100000000)
  eden space 14848K, 0% used [0x00000000d5580000,0x00000000d5580000,0x00000000d6400000)
  from space 3072K, 97% used [0x00000000d6400000,0x00000000d66edd38,0x00000000d6700000)
  to   space 3584K, 0% used [0x00000000d6780000,0x00000000d6780000,0x00000000d6b00000)
 ParOldGen       total 84480K, used 84401K [0x0000000080000000, 0x0000000085280000, 0x00000000d5580000)
  object space 84480K, 99% used [0x0000000080000000,0x000000008526c5c0,0x0000000085280000)
 Metaspace       used 54967K, committed 56256K, reserved 1114112K
  class space    used 5962K, committed 6528K, reserved 1048576K
}
Event: 20.077 GC heap before
{Heap before GC invocations=44 (full 2):
 PSYoungGen      total 17920K, used 17847K [0x00000000d5580000, 0x00000000d6b00000, 0x0000000100000000)
  eden space 14848K, 100% used [0x00000000d5580000,0x00000000d6400000,0x00000000d6400000)
  from space 3072K, 97% used [0x00000000d6400000,0x00000000d66edd38,0x00000000d6700000)
  to   space 3584K, 0% used [0x00000000d6780000,0x00000000d6780000,0x00000000d6b00000)
 ParOldGen       total 84480K, used 84401K [0x0000000080000000, 0x0000000085280000, 0x00000000d5580000)
  object space 84480K, 99% used [0x0000000080000000,0x000000008526c5c0,0x0000000085280000)
 Metaspace       used 55211K, committed 56512K, reserved 1114112K
  class space    used 5994K, committed 6592K, reserved 1048576K
}
Event: 20.081 GC heap after
{Heap after GC invocations=44 (full 2):
 PSYoungGen      total 18432K, used 3323K [0x00000000d5580000, 0x00000000d6b00000, 0x0000000100000000)
  eden space 14848K, 0% used [0x00000000d5580000,0x00000000d5580000,0x00000000d6400000)
  from space 3584K, 92% used [0x00000000d6780000,0x00000000d6abed78,0x00000000d6b00000)
  to   space 3584K, 0% used [0x00000000d6400000,0x00000000d6400000,0x00000000d6780000)
 ParOldGen       total 87552K, used 87087K [0x0000000080000000, 0x0000000085580000, 0x00000000d5580000)
  object space 87552K, 99% used [0x0000000080000000,0x000000008550bf88,0x0000000085580000)
 Metaspace       used 55211K, committed 56512K, reserved 1114112K
  class space    used 5994K, committed 6592K, reserved 1048576K
}
Event: 20.204 GC heap before
{Heap before GC invocations=45 (full 2):
 PSYoungGen      total 18432K, used 18171K [0x00000000d5580000, 0x00000000d6b00000, 0x0000000100000000)
  eden space 14848K, 100% used [0x00000000d5580000,0x00000000d6400000,0x00000000d6400000)
  from space 3584K, 92% used [0x00000000d6780000,0x00000000d6abed78,0x00000000d6b00000)
  to   space 3584K, 0% used [0x00000000d6400000,0x00000000d6400000,0x00000000d6780000)
 ParOldGen       total 87552K, used 87087K [0x0000000080000000, 0x0000000085580000, 0x00000000d5580000)
  object space 87552K, 99% used [0x0000000080000000,0x000000008550bf88,0x0000000085580000)
 Metaspace       used 55391K, committed 56640K, reserved 1114112K
  class space    used 6016K, committed 6592K, reserved 1048576K
}
Event: 20.210 GC heap after
{Heap after GC invocations=45 (full 2):
 PSYoungGen      total 18432K, used 3464K [0x00000000d5580000, 0x00000000d6b00000, 0x0000000100000000)
  eden space 14848K, 0% used [0x00000000d5580000,0x00000000d5580000,0x00000000d6400000)
  from space 3584K, 96% used [0x00000000d6400000,0x00000000d67621d8,0x00000000d6780000)
  to   space 3584K, 0% used [0x00000000d6780000,0x00000000d6780000,0x00000000d6b00000)
 ParOldGen       total 90624K, used 90185K [0x0000000080000000, 0x0000000085880000, 0x00000000d5580000)
  object space 90624K, 99% used [0x0000000080000000,0x0000000085812650,0x0000000085880000)
 Metaspace       used 55391K, committed 56640K, reserved 1114112K
  class space    used 6016K, committed 6592K, reserved 1048576K
}
Event: 20.343 GC heap before
{Heap before GC invocations=46 (full 2):
 PSYoungGen      total 18432K, used 18268K [0x00000000d5580000, 0x00000000d6b00000, 0x0000000100000000)
  eden space 14848K, 99% used [0x00000000d5580000,0x00000000d63f4ef8,0x00000000d6400000)
  from space 3584K, 96% used [0x00000000d6400000,0x00000000d67621d8,0x00000000d6780000)
  to   space 3584K, 0% used [0x00000000d6780000,0x00000000d6780000,0x00000000d6b00000)
 ParOldGen       total 90624K, used 90185K [0x0000000080000000, 0x0000000085880000, 0x00000000d5580000)
  object space 90624K, 99% used [0x0000000080000000,0x0000000085812650,0x0000000085880000)
 Metaspace       used 55608K, committed 56896K, reserved 1114112K
  class space    used 6035K, committed 6592K, reserved 1048576K
}
Event: 20.348 GC heap after
{Heap after GC invocations=46 (full 2):
 PSYoungGen      total 18432K, used 3095K [0x00000000d5580000, 0x00000000d6b00000, 0x0000000100000000)
  eden space 14848K, 0% used [0x00000000d5580000,0x00000000d5580000,0x00000000d6400000)
  from space 3584K, 86% used [0x00000000d6780000,0x00000000d6a85ee0,0x00000000d6b00000)
  to   space 3584K, 0% used [0x00000000d6400000,0x00000000d6400000,0x00000000d6780000)
 ParOldGen       total 93696K, used 93475K [0x0000000080000000, 0x0000000085b80000, 0x00000000d5580000)
  object space 93696K, 99% used [0x0000000080000000,0x0000000085b48ef0,0x0000000085b80000)
 Metaspace       used 55608K, committed 56896K, reserved 1114112K
  class space    used 6035K, committed 6592K, reserved 1048576K
}
Event: 20.459 GC heap before
{Heap before GC invocations=47 (full 2):
 PSYoungGen      total 18432K, used 17943K [0x00000000d5580000, 0x00000000d6b00000, 0x0000000100000000)
  eden space 14848K, 100% used [0x00000000d5580000,0x00000000d6400000,0x00000000d6400000)
  from space 3584K, 86% used [0x00000000d6780000,0x00000000d6a85ee0,0x00000000d6b00000)
  to   space 3584K, 0% used [0x00000000d6400000,0x00000000d6400000,0x00000000d6780000)
 ParOldGen       total 93696K, used 93475K [0x0000000080000000, 0x0000000085b80000, 0x00000000d5580000)
  object space 93696K, 99% used [0x0000000080000000,0x0000000085b48ef0,0x0000000085b80000)
 Metaspace       used 55640K, committed 56960K, reserved 1114112K
  class space    used 6035K, committed 6592K, reserved 1048576K
}
Event: 20.463 GC heap after
{Heap after GC invocations=47 (full 2):
 PSYoungGen      total 18432K, used 3522K [0x00000000d5580000, 0x00000000d6c00000, 0x0000000100000000)
  eden space 14848K, 0% used [0x00000000d5580000,0x00000000d5580000,0x00000000d6400000)
  from space 3584K, 98% used [0x00000000d6400000,0x00000000d6770bb0,0x00000000d6780000)
  to   space 4096K, 0% used [0x00000000d6800000,0x00000000d6800000,0x00000000d6c00000)
 ParOldGen       total 96768K, used 96348K [0x0000000080000000, 0x0000000085e80000, 0x00000000d5580000)
  object space 96768K, 99% used [0x0000000080000000,0x0000000085e17398,0x0000000085e80000)
 Metaspace       used 55640K, committed 56960K, reserved 1114112K
  class space    used 6035K, committed 6592K, reserved 1048576K
}
Event: 20.622 GC heap before
{Heap before GC invocations=48 (full 2):
 PSYoungGen      total 18432K, used 18370K [0x00000000d5580000, 0x00000000d6c00000, 0x0000000100000000)
  eden space 14848K, 100% used [0x00000000d5580000,0x00000000d6400000,0x00000000d6400000)
  from space 3584K, 98% used [0x00000000d6400000,0x00000000d6770bb0,0x00000000d6780000)
  to   space 4096K, 0% used [0x00000000d6800000,0x00000000d6800000,0x00000000d6c00000)
 ParOldGen       total 96768K, used 96348K [0x0000000080000000, 0x0000000085e80000, 0x00000000d5580000)
  object space 96768K, 99% used [0x0000000080000000,0x0000000085e17398,0x0000000085e80000)
 Metaspace       used 55700K, committed 57024K, reserved 1114112K
  class space    used 6036K, committed 6592K, reserved 1048576K
}
Event: 20.627 GC heap after
{Heap after GC invocations=48 (full 2):
 PSYoungGen      total 17920K, used 3009K [0x00000000d5580000, 0x00000000d6b00000, 0x0000000100000000)
  eden space 14848K, 0% used [0x00000000d5580000,0x00000000d5580000,0x00000000d6400000)
  from space 3072K, 97% used [0x00000000d6800000,0x00000000d6af0680,0x00000000d6b00000)
  to   space 3584K, 0% used [0x00000000d6400000,0x00000000d6400000,0x00000000d6780000)
 ParOldGen       total 99840K, used 99633K [0x0000000080000000, 0x0000000086180000, 0x00000000d5580000)
  object space 99840K, 99% used [0x0000000080000000,0x000000008614c458,0x0000000086180000)
 Metaspace       used 55700K, committed 57024K, reserved 1114112K
  class space    used 6036K, committed 6592K, reserved 1048576K
}
Event: 20.797 GC heap before
{Heap before GC invocations=49 (full 2):
 PSYoungGen      total 17920K, used 17857K [0x00000000d5580000, 0x00000000d6b00000, 0x0000000100000000)
  eden space 14848K, 100% used [0x00000000d5580000,0x00000000d6400000,0x00000000d6400000)
  from space 3072K, 97% used [0x00000000d6800000,0x00000000d6af0680,0x00000000d6b00000)
  to   space 3584K, 0% used [0x00000000d6400000,0x00000000d6400000,0x00000000d6780000)
 ParOldGen       total 99840K, used 99633K [0x0000000080000000, 0x0000000086180000, 0x00000000d5580000)
  object space 99840K, 99% used [0x0000000080000000,0x000000008614c458,0x0000000086180000)
 Metaspace       used 55741K, committed 57024K, reserved 1114112K
  class space    used 6036K, committed 6592K, reserved 1048576K
}
Event: 20.802 GC heap after
{Heap after GC invocations=49 (full 2):
 PSYoungGen      total 17920K, used 2654K [0x00000000d5580000, 0x00000000d6a00000, 0x0000000100000000)
  eden space 14848K, 0% used [0x00000000d5580000,0x00000000d5580000,0x00000000d6400000)
  from space 3072K, 86% used [0x00000000d6400000,0x00000000d6697a60,0x00000000d6700000)
  to   space 3072K, 0% used [0x00000000d6700000,0x00000000d6700000,0x00000000d6a00000)
 ParOldGen       total 102400K, used 102384K [0x0000000080000000, 0x0000000086400000, 0x00000000d5580000)
  object space 102400K, 99% used [0x0000000080000000,0x00000000863fc088,0x0000000086400000)
 Metaspace       used 55741K, committed 57024K, reserved 1114112K
  class space    used 6036K, committed 6592K, reserved 1048576K
}

