# JRE version: OpenJDK Runtime Environment Temurin-21.0.11+10 (21.0.11+10) (build 21.0.11+10-LTS)
# Java VM: OpenJDK 64-Bit Server VM Temurin-21.0.11+10 (21.0.11+10-LTS, mixed mode, sharing, tiered, compressed oops, compressed class ptrs, parallel gc, windows-amd64)
GC Precious Log:
 CardTable entry size: 512
 CPUs: 12 total, 12 available
 Memory: 5978M
 Large Page Support: Disabled
 NUMA Support: Disabled
 Compressed Oops: Enabled (32-bit)
 Alignments: Space 512K, Generation 512K, Heap 2M
 Heap Min Capacity: 100M
 Heap Initial Capacity: 100M
 Heap Max Capacity: 2G
 Pre-touch: Disabled
 Parallel Workers: 10
Heap:
 PSYoungGen      total 13824K, used 4918K [0x00000000d5580000, 0x00000000d6700000, 0x0000000100000000)
  eden space 11264K, 22% used [0x00000000d5580000,0x00000000d57f3590,0x00000000d6080000)
  from space 2560K, 94% used [0x00000000d6480000,0x00000000d66da5d0,0x00000000d6700000)
  to   space 3072K, 0% used [0x00000000d6100000,0x00000000d6100000,0x00000000d6400000)
 ParOldGen       total 137216K, used 137033K [0x0000000080000000, 0x0000000088600000, 0x00000000d5580000)
  object space 137216K, 99% used [0x0000000080000000,0x00000000885d26d0,0x0000000088600000)
 Metaspace       used 60209K, committed 61632K, reserved 1114112K
  class space    used 6404K, committed 7040K, reserved 1048576K
GC Heap History (20 events):
Event: 38.013 GC heap before
{Heap before GC invocations=63 (full 3):
 PSYoungGen      total 14848K, used 14558K [0x00000000d5580000, 0x00000000d6880000, 0x0000000100000000)
  eden space 11264K, 100% used [0x00000000d5580000,0x00000000d6080000,0x00000000d6080000)
  from space 3584K, 91% used [0x00000000d6080000,0x00000000d63b7978,0x00000000d6400000)
  to   space 4096K, 0% used [0x00000000d6480000,0x00000000d6480000,0x00000000d6880000)
 ParOldGen       total 120832K, used 110989K [0x0000000080000000, 0x0000000087600000, 0x00000000d5580000)
  object space 120832K, 91% used [0x0000000080000000,0x0000000086c63558,0x0000000087600000)
 Metaspace       used 59250K, committed 60736K, reserved 1114112K
  class space    used 6324K, committed 6976K, reserved 1048576K
}
Event: 38.019 GC heap after
{Heap after GC invocations=63 (full 3):
 PSYoungGen      total 14848K, used 3138K [0x00000000d5580000, 0x00000000d6800000, 0x0000000100000000)
  eden space 11264K, 0% used [0x00000000d5580000,0x00000000d5580000,0x00000000d6080000)
  from space 3584K, 87% used [0x00000000d6480000,0x00000000d6790bd8,0x00000000d6800000)
  to   space 3584K, 0% used [0x00000000d6080000,0x00000000d6080000,0x00000000d6400000)
 ParOldGen       total 120832K, used 114157K [0x0000000080000000, 0x0000000087600000, 0x00000000d5580000)
  object space 120832K, 94% used [0x0000000080000000,0x0000000086f7b748,0x0000000087600000)
 Metaspace       used 59250K, committed 60736K, reserved 1114112K
  class space    used 6324K, committed 6976K, reserved 1048576K
}
Event: 38.131 GC heap before
{Heap before GC invocations=64 (full 3):
 PSYoungGen      total 14848K, used 14402K [0x00000000d5580000, 0x00000000d6800000, 0x0000000100000000)
  eden space 11264K, 100% used [0x00000000d5580000,0x00000000d6080000,0x00000000d6080000)
  from space 3584K, 87% used [0x00000000d6480000,0x00000000d6790bd8,0x00000000d6800000)
  to   space 3584K, 0% used [0x00000000d6080000,0x00000000d6080000,0x00000000d6400000)
 ParOldGen       total 120832K, used 114157K [0x0000000080000000, 0x0000000087600000, 0x00000000d5580000)
  object space 120832K, 94% used [0x0000000080000000,0x0000000086f7b748,0x0000000087600000)
 Metaspace       used 59370K, committed 60864K, reserved 1114112K
  class space    used 6327K, committed 6976K, reserved 1048576K
}
Event: 38.136 GC heap after
{Heap after GC invocations=64 (full 3):
 PSYoungGen      total 14336K, used 2897K [0x00000000d5580000, 0x00000000d6680000, 0x0000000100000000)
  eden space 11264K, 0% used [0x00000000d5580000,0x00000000d5580000,0x00000000d6080000)
  from space 3072K, 94% used [0x00000000d6080000,0x00000000d6354688,0x00000000d6380000)
  to   space 3072K, 0% used [0x00000000d6380000,0x00000000d6380000,0x00000000d6680000)
 ParOldGen       total 120832K, used 117146K [0x0000000080000000, 0x0000000087600000, 0x00000000d5580000)
  object space 120832K, 96% used [0x0000000080000000,0x00000000872668c0,0x0000000087600000)
 Metaspace       used 59370K, committed 60864K, reserved 1114112K
  class space    used 6327K, committed 6976K, reserved 1048576K
}
Event: 38.293 GC heap before
{Heap before GC invocations=65 (full 3):
 PSYoungGen      total 14336K, used 14161K [0x00000000d5580000, 0x00000000d6680000, 0x0000000100000000)
  eden space 11264K, 100% used [0x00000000d5580000,0x00000000d6080000,0x00000000d6080000)
  from space 3072K, 94% used [0x00000000d6080000,0x00000000d6354688,0x00000000d6380000)
  to   space 3072K, 0% used [0x00000000d6380000,0x00000000d6380000,0x00000000d6680000)
 ParOldGen       total 120832K, used 117146K [0x0000000080000000, 0x0000000087600000, 0x00000000d5580000)
  object space 120832K, 96% used [0x0000000080000000,0x00000000872668c0,0x0000000087600000)
 Metaspace       used 59533K, committed 60992K, reserved 1114112K
  class space    used 6348K, committed 6976K, reserved 1048576K
}
Event: 38.305 GC heap after
{Heap after GC invocations=65 (full 3):
 PSYoungGen      total 13312K, used 1822K [0x00000000d5580000, 0x00000000d6580000, 0x0000000100000000)
  eden space 11264K, 0% used [0x00000000d5580000,0x00000000d5580000,0x00000000d6080000)
  from space 2048K, 89% used [0x00000000d6380000,0x00000000d6547bf0,0x00000000d6580000)
  to   space 2560K, 0% used [0x00000000d6080000,0x00000000d6080000,0x00000000d6300000)
 ParOldGen       total 122880K, used 121619K [0x0000000080000000, 0x0000000087800000, 0x00000000d5580000)
  object space 122880K, 98% used [0x0000000080000000,0x00000000876c4c18,0x0000000087800000)
 Metaspace       used 59533K, committed 60992K, reserved 1114112K
  class space    used 6348K, committed 6976K, reserved 1048576K
}
Event: 38.412 GC heap before
{Heap before GC invocations=66 (full 3):
 PSYoungGen      total 13312K, used 13086K [0x00000000d5580000, 0x00000000d6580000, 0x0000000100000000)
  eden space 11264K, 100% used [0x00000000d5580000,0x00000000d6080000,0x00000000d6080000)
  from space 2048K, 89% used [0x00000000d6380000,0x00000000d6547bf0,0x00000000d6580000)
  to   space 2560K, 0% used [0x00000000d6080000,0x00000000d6080000,0x00000000d6300000)
 ParOldGen       total 122880K, used 121619K [0x0000000080000000, 0x0000000087800000, 0x00000000d5580000)
  object space 122880K, 98% used [0x0000000080000000,0x00000000876c4c18,0x0000000087800000)
 Metaspace       used 59609K, committed 61056K, reserved 1114112K
  class space    used 6362K, committed 6976K, reserved 1048576K
}
Event: 38.416 GC heap after
{Heap after GC invocations=66 (full 3):
 PSYoungGen      total 13824K, used 2426K [0x00000000d5580000, 0x00000000d6580000, 0x0000000100000000)
  eden space 11264K, 0% used [0x00000000d5580000,0x00000000d5580000,0x00000000d6080000)
  from space 2560K, 94% used [0x00000000d6080000,0x00000000d62dea48,0x00000000d6300000)
  to   space 2560K, 0% used [0x00000000d6300000,0x00000000d6300000,0x00000000d6580000)
 ParOldGen       total 123392K, used 123258K [0x0000000080000000, 0x0000000087880000, 0x00000000d5580000)
  object space 123392K, 99% used [0x0000000080000000,0x000000008785e8f8,0x0000000087880000)
 Metaspace       used 59609K, committed 61056K, reserved 1114112K
  class space    used 6362K, committed 6976K, reserved 1048576K
}
Event: 38.513 GC heap before
{Heap before GC invocations=67 (full 3):
 PSYoungGen      total 13824K, used 13690K [0x00000000d5580000, 0x00000000d6580000, 0x0000000100000000)
  eden space 11264K, 100% used [0x00000000d5580000,0x00000000d6080000,0x00000000d6080000)
  from space 2560K, 94% used [0x00000000d6080000,0x00000000d62dea48,0x00000000d6300000)
  to   space 2560K, 0% used [0x00000000d6300000,0x00000000d6300000,0x00000000d6580000)
 ParOldGen       total 123392K, used 123258K [0x0000000080000000, 0x0000000087880000, 0x00000000d5580000)
  object space 123392K, 99% used [0x0000000080000000,0x000000008785e8f8,0x0000000087880000)
 Metaspace       used 59724K, committed 61120K, reserved 1114112K
  class space    used 6369K, committed 6976K, reserved 1048576K
}
Event: 38.519 GC heap after
{Heap after GC invocations=67 (full 3):
 PSYoungGen      total 13824K, used 2376K [0x00000000d5580000, 0x00000000d6580000, 0x0000000100000000)
  eden space 11264K, 0% used [0x00000000d5580000,0x00000000d5580000,0x00000000d6080000)
  from space 2560K, 92% used [0x00000000d6300000,0x00000000d6552238,0x00000000d6580000)
  to   space 2560K, 0% used [0x00000000d6080000,0x00000000d6080000,0x00000000d6300000)
 ParOldGen       total 125952K, used 125516K [0x0000000080000000, 0x0000000087b00000, 0x00000000d5580000)
  object space 125952K, 99% used [0x0000000080000000,0x0000000087a93058,0x0000000087b00000)
 Metaspace       used 59724K, committed 61120K, reserved 1114112K
  class space    used 6369K, committed 6976K, reserved 1048576K
}
Event: 38.651 GC heap before
{Heap before GC invocations=68 (full 3):
 PSYoungGen      total 13824K, used 13640K [0x00000000d5580000, 0x00000000d6580000, 0x0000000100000000)
  eden space 11264K, 100% used [0x00000000d5580000,0x00000000d6080000,0x00000000d6080000)
  from space 2560K, 92% used [0x00000000d6300000,0x00000000d6552238,0x00000000d6580000)
  to   space 2560K, 0% used [0x00000000d6080000,0x00000000d6080000,0x00000000d6300000)
 ParOldGen       total 125952K, used 125516K [0x0000000080000000, 0x0000000087b00000, 0x00000000d5580000)
  object space 125952K, 99% used [0x0000000080000000,0x0000000087a93058,0x0000000087b00000)
 Metaspace       used 59816K, committed 61248K, reserved 1114112K
  class space    used 6377K, committed 6976K, reserved 1048576K
}
Event: 38.660 GC heap after
{Heap after GC invocations=68 (full 3):
 PSYoungGen      total 13824K, used 2208K [0x00000000d5580000, 0x00000000d6580000, 0x0000000100000000)
  eden space 11264K, 0% used [0x00000000d5580000,0x00000000d5580000,0x00000000d6080000)
  from space 2560K, 86% used [0x00000000d6080000,0x00000000d62a8000,0x00000000d6300000)
  to   space 2560K, 0% used [0x00000000d6300000,0x00000000d6300000,0x00000000d6580000)
 ParOldGen       total 128000K, used 127689K [0x0000000080000000, 0x0000000087d00000, 0x00000000d5580000)
  object space 128000K, 99% used [0x0000000080000000,0x0000000087cb27c0,0x0000000087d00000)
 Metaspace       used 59816K, committed 61248K, reserved 1114112K
  class space    used 6377K, committed 6976K, reserved 1048576K
}
Event: 38.854 GC heap before
{Heap before GC invocations=69 (full 3):
 PSYoungGen      total 13824K, used 13472K [0x00000000d5580000, 0x00000000d6580000, 0x0000000100000000)
  eden space 11264K, 100% used [0x00000000d5580000,0x00000000d6080000,0x00000000d6080000)
  from space 2560K, 86% used [0x00000000d6080000,0x00000000d62a8000,0x00000000d6300000)
  to   space 2560K, 0% used [0x00000000d6300000,0x00000000d6300000,0x00000000d6580000)
 ParOldGen       total 128000K, used 127689K [0x0000000080000000, 0x0000000087d00000, 0x00000000d5580000)
  object space 128000K, 99% used [0x0000000080000000,0x0000000087cb27c0,0x0000000087d00000)
 Metaspace       used 59839K, committed 61312K, reserved 1114112K
  class space    used 6378K, committed 7040K, reserved 1048576K
}
Event: 38.861 GC heap after
{Heap after GC invocations=69 (full 3):
 PSYoungGen      total 13824K, used 2267K [0x00000000d5580000, 0x00000000d6580000, 0x0000000100000000)
  eden space 11264K, 0% used [0x00000000d5580000,0x00000000d5580000,0x00000000d6080000)
  from space 2560K, 88% used [0x00000000d6300000,0x00000000d6536d00,0x00000000d6580000)
  to   space 2560K, 0% used [0x00000000d6080000,0x00000000d6080000,0x00000000d6300000)
 ParOldGen       total 130048K, used 129754K [0x0000000080000000, 0x0000000087f00000, 0x00000000d5580000)
  object space 130048K, 99% used [0x0000000080000000,0x0000000087eb6af0,0x0000000087f00000)
 Metaspace       used 59839K, committed 61312K, reserved 1114112K
  class space    used 6378K, committed 7040K, reserved 1048576K
}
Event: 39.007 GC heap before
{Heap before GC invocations=70 (full 3):
 PSYoungGen      total 13824K, used 13531K [0x00000000d5580000, 0x00000000d6580000, 0x0000000100000000)
  eden space 11264K, 100% used [0x00000000d5580000,0x00000000d6080000,0x00000000d6080000)
  from space 2560K, 88% used [0x00000000d6300000,0x00000000d6536d00,0x00000000d6580000)
  to   space 2560K, 0% used [0x00000000d6080000,0x00000000d6080000,0x00000000d6300000)
 ParOldGen       total 130048K, used 129754K [0x0000000080000000, 0x0000000087f00000, 0x00000000d5580000)
  object space 130048K, 99% used [0x0000000080000000,0x0000000087eb6af0,0x0000000087f00000)
 Metaspace       used 59890K, committed 61376K, reserved 1114112K
  class space    used 6383K, committed 7040K, reserved 1048576K
}
Event: 39.013 GC heap after
{Heap after GC invocations=70 (full 3):
 PSYoungGen      total 13824K, used 2356K [0x00000000d5580000, 0x00000000d6580000, 0x0000000100000000)
  eden space 11264K, 0% used [0x00000000d5580000,0x00000000d5580000,0x00000000d6080000)
  from space 2560K, 92% used [0x00000000d6080000,0x00000000d62cd298,0x00000000d6300000)
  to   space 2560K, 0% used [0x00000000d6300000,0x00000000d6300000,0x00000000d6580000)
 ParOldGen       total 132096K, used 131788K [0x0000000080000000, 0x0000000088100000, 0x00000000d5580000)
  object space 132096K, 99% used [0x0000000080000000,0x00000000880b30b8,0x0000000088100000)
 Metaspace       used 59890K, committed 61376K, reserved 1114112K
  class space    used 6383K, committed 7040K, reserved 1048576K
}
Event: 39.118 GC heap before
{Heap before GC invocations=71 (full 3):
 PSYoungGen      total 13824K, used 13620K [0x00000000d5580000, 0x00000000d6580000, 0x0000000100000000)
  eden space 11264K, 100% used [0x00000000d5580000,0x00000000d6080000,0x00000000d6080000)
  from space 2560K, 92% used [0x00000000d6080000,0x00000000d62cd298,0x00000000d6300000)
  to   space 2560K, 0% used [0x00000000d6300000,0x00000000d6300000,0x00000000d6580000)
 ParOldGen       total 132096K, used 131788K [0x0000000080000000, 0x0000000088100000, 0x00000000d5580000)
  object space 132096K, 99% used [0x0000000080000000,0x00000000880b30b8,0x0000000088100000)
 Metaspace       used 59903K, committed 61376K, reserved 1114112K
  class space    used 6383K, committed 7040K, reserved 1048576K
}
Event: 39.127 GC heap after
{Heap after GC invocations=71 (full 3):
 PSYoungGen      total 12800K, used 1502K [0x00000000d5580000, 0x00000000d6480000, 0x0000000100000000)
  eden space 11264K, 0% used [0x00000000d5580000,0x00000000d5580000,0x00000000d6080000)
  from space 1536K, 97% used [0x00000000d6300000,0x00000000d6477a68,0x00000000d6480000)
  to   space 2048K, 0% used [0x00000000d6080000,0x00000000d6080000,0x00000000d6280000)
 ParOldGen       total 134144K, used 133776K [0x0000000080000000, 0x0000000088300000, 0x00000000d5580000)
  object space 134144K, 99% used [0x0000000080000000,0x00000000882a41c8,0x0000000088300000)
 Metaspace       used 59903K, committed 61376K, reserved 1114112K
  class space    used 6383K, committed 7040K, reserved 1048576K
}
Event: 39.403 GC heap before
{Heap before GC invocations=72 (full 3):
 PSYoungGen      total 12800K, used 12766K [0x00000000d5580000, 0x00000000d6480000, 0x0000000100000000)
  eden space 11264K, 100% used [0x00000000d5580000,0x00000000d6080000,0x00000000d6080000)
  from space 1536K, 97% used [0x00000000d6300000,0x00000000d6477a68,0x00000000d6480000)
  to   space 2048K, 0% used [0x00000000d6080000,0x00000000d6080000,0x00000000d6280000)
 ParOldGen       total 134144K, used 133776K [0x0000000080000000, 0x0000000088300000, 0x00000000d5580000)
  object space 134144K, 99% used [0x0000000080000000,0x00000000882a41c8,0x0000000088300000)
 Metaspace       used 60099K, committed 61504K, reserved 1114112K
  class space    used 6404K, committed 7040K, reserved 1048576K
}
Event: 39.411 GC heap after
{Heap after GC invocations=72 (full 3):
 PSYoungGen      total 13312K, used 2033K [0x00000000d5580000, 0x00000000d6880000, 0x0000000100000000)
  eden space 11264K, 0% used [0x00000000d5580000,0x00000000d5580000,0x00000000d6080000)
  from space 2048K, 99% used [0x00000000d6080000,0x00000000d627c530,0x00000000d6280000)
  to   space 4096K, 0% used [0x00000000d6480000,0x00000000d6480000,0x00000000d6880000)
 ParOldGen       total 135168K, used 135108K [0x0000000080000000, 0x0000000088400000, 0x00000000d5580000)
  object space 135168K, 99% used [0x0000000080000000,0x00000000883f1358,0x0000000088400000)
 Metaspace       used 60099K, committed 61504K, reserved 1114112K
  class space    used 6404K, committed 7040K, reserved 1048576K
}

