# JRE version: OpenJDK Runtime Environment Temurin-21.0.11+10 (21.0.11+10) (build 21.0.11+10-LTS)
# Java VM: OpenJDK 64-Bit Server VM Temurin-21.0.11+10 (21.0.11+10-LTS, mixed mode, sharing, tiered, compressed oops, compressed class ptrs, parallel gc, windows-amd64)
GC Precious Log:
 CardTable entry size: 512
 CPUs: 12 total, 12 available
 Memory: 5978M
 Large Page Support: Disabled
 NUMA Support: Disabled
 Compressed Oops: Enabled (32-bit)
 Alignments: Space 512K, Generation 512K, Heap 2M
 Heap Min Capacity: 100M
 Heap Initial Capacity: 100M
 Heap Max Capacity: 2G
 Pre-touch: Disabled
 Parallel Workers: 10
Heap:
 PSYoungGen      total 23040K, used 7955K [0x00000000d5580000, 0x00000000d7f00000, 0x0000000100000000)
  eden space 17920K, 15% used [0x00000000d5580000,0x00000000d584b870,0x00000000d6700000)
  from space 5120K, 99% used [0x00000000d7200000,0x00000000d76f9518,0x00000000d7700000)
  to   space 11264K, 0% used [0x00000000d6700000,0x00000000d6700000,0x00000000d7200000)
 ParOldGen       total 93184K, used 92953K [0x0000000080000000, 0x0000000085b00000, 0x00000000d5580000)
  object space 93184K, 99% used [0x0000000080000000,0x0000000085ac6410,0x0000000085b00000)
 Metaspace       used 54361K, committed 55744K, reserved 1114112K
  class space    used 5929K, committed 6528K, reserved 1048576K
GC Heap History (20 events):
Event: 11.677 GC heap before
{Heap before GC invocations=34 (full 2):
 PSYoungGen      total 22016K, used 21914K [0x00000000d5580000, 0x00000000d7180000, 0x0000000100000000)
  eden space 18432K, 99% used [0x00000000d5580000,0x00000000d677afd0,0x00000000d6780000)
  from space 3584K, 97% used [0x00000000d6780000,0x00000000d6aeb968,0x00000000d6b00000)
  to   space 5120K, 0% used [0x00000000d6c80000,0x00000000d6c80000,0x00000000d7180000)
 ParOldGen       total 68608K, used 55140K [0x0000000080000000, 0x0000000084300000, 0x00000000d5580000)
  object space 68608K, 80% used [0x0000000080000000,0x00000000835d9310,0x0000000084300000)
 Metaspace       used 50715K, committed 52032K, reserved 1114112K
  class space    used 5520K, committed 6080K, reserved 1048576K
}
Event: 11.683 GC heap after
{Heap after GC invocations=34 (full 2):
 PSYoungGen      total 22016K, used 3192K [0x00000000d5580000, 0x00000000d7000000, 0x0000000100000000)
  eden space 18432K, 0% used [0x00000000d5580000,0x00000000d5580000,0x00000000d6780000)
  from space 3584K, 89% used [0x00000000d6c80000,0x00000000d6f9e3d8,0x00000000d7000000)
  to   space 3584K, 0% used [0x00000000d6780000,0x00000000d6780000,0x00000000d6b00000)
 ParOldGen       total 68608K, used 58397K [0x0000000080000000, 0x0000000084300000, 0x00000000d5580000)
  object space 68608K, 85% used [0x0000000080000000,0x0000000083907588,0x0000000084300000)
 Metaspace       used 50715K, committed 52032K, reserved 1114112K
  class space    used 5520K, committed 6080K, reserved 1048576K
}
Event: 11.774 GC heap before
{Heap before GC invocations=35 (full 2):
 PSYoungGen      total 22016K, used 21624K [0x00000000d5580000, 0x00000000d7000000, 0x0000000100000000)
  eden space 18432K, 100% used [0x00000000d5580000,0x00000000d6780000,0x00000000d6780000)
  from space 3584K, 89% used [0x00000000d6c80000,0x00000000d6f9e3d8,0x00000000d7000000)
  to   space 3584K, 0% used [0x00000000d6780000,0x00000000d6780000,0x00000000d6b00000)
 ParOldGen       total 68608K, used 58397K [0x0000000080000000, 0x0000000084300000, 0x00000000d5580000)
  object space 68608K, 85% used [0x0000000080000000,0x0000000083907588,0x0000000084300000)
 Metaspace       used 51100K, committed 52416K, reserved 1114112K
  class space    used 5568K, committed 6144K, reserved 1048576K
}
Event: 11.780 GC heap after
{Heap after GC invocations=35 (full 2):
 PSYoungGen      total 22016K, used 3015K [0x00000000d5580000, 0x00000000d6e80000, 0x0000000100000000)
  eden space 18432K, 0% used [0x00000000d5580000,0x00000000d5580000,0x00000000d6780000)
  from space 3584K, 84% used [0x00000000d6780000,0x00000000d6a71db0,0x00000000d6b00000)
  to   space 3584K, 0% used [0x00000000d6b00000,0x00000000d6b00000,0x00000000d6e80000)
 ParOldGen       total 68608K, used 61375K [0x0000000080000000, 0x0000000084300000, 0x00000000d5580000)
  object space 68608K, 89% used [0x0000000080000000,0x0000000083befd38,0x0000000084300000)
 Metaspace       used 51100K, committed 52416K, reserved 1114112K
  class space    used 5568K, committed 6144K, reserved 1048576K
}
Event: 11.885 GC heap before
{Heap before GC invocations=36 (full 2):
 PSYoungGen      total 22016K, used 21447K [0x00000000d5580000, 0x00000000d6e80000, 0x0000000100000000)
  eden space 18432K, 100% used [0x00000000d5580000,0x00000000d6780000,0x00000000d6780000)
  from space 3584K, 84% used [0x00000000d6780000,0x00000000d6a71db0,0x00000000d6b00000)
  to   space 3584K, 0% used [0x00000000d6b00000,0x00000000d6b00000,0x00000000d6e80000)
 ParOldGen       total 68608K, used 61375K [0x0000000080000000, 0x0000000084300000, 0x00000000d5580000)
  object space 68608K, 89% used [0x0000000080000000,0x0000000083befd38,0x0000000084300000)
 Metaspace       used 51766K, committed 53056K, reserved 1114112K
  class space    used 5642K, committed 6208K, reserved 1048576K
}
Event: 11.890 GC heap after
{Heap after GC invocations=36 (full 2):
 PSYoungGen      total 21504K, used 2831K [0x00000000d5580000, 0x00000000d6e00000, 0x0000000100000000)
  eden space 18432K, 0% used [0x00000000d5580000,0x00000000d5580000,0x00000000d6780000)
  from space 3072K, 92% used [0x00000000d6b00000,0x00000000d6dc3fb8,0x00000000d6e00000)
  to   space 3072K, 0% used [0x00000000d6800000,0x00000000d6800000,0x00000000d6b00000)
 ParOldGen       total 68608K, used 64069K [0x0000000080000000, 0x0000000084300000, 0x00000000d5580000)
  object space 68608K, 93% used [0x0000000080000000,0x0000000083e91440,0x0000000084300000)
 Metaspace       used 51766K, committed 53056K, reserved 1114112K
  class space    used 5642K, committed 6208K, reserved 1048576K
}
Event: 11.994 GC heap before
{Heap before GC invocations=37 (full 2):
 PSYoungGen      total 21504K, used 21241K [0x00000000d5580000, 0x00000000d6e00000, 0x0000000100000000)
  eden space 18432K, 99% used [0x00000000d5580000,0x00000000d677a5c0,0x00000000d6780000)
  from space 3072K, 92% used [0x00000000d6b00000,0x00000000d6dc3fb8,0x00000000d6e00000)
  to   space 3072K, 0% used [0x00000000d6800000,0x00000000d6800000,0x00000000d6b00000)
 ParOldGen       total 68608K, used 64069K [0x0000000080000000, 0x0000000084300000, 0x00000000d5580000)
  object space 68608K, 93% used [0x0000000080000000,0x0000000083e91440,0x0000000084300000)
 Metaspace       used 52228K, committed 53568K, reserved 1114112K
  class space    used 5700K, committed 6272K, reserved 1048576K
}
Event: 12.000 GC heap after
{Heap after GC invocations=37 (full 2):
 PSYoungGen      total 21504K, used 3058K [0x00000000d5580000, 0x00000000d7480000, 0x0000000100000000)
  eden space 18432K, 0% used [0x00000000d5580000,0x00000000d5580000,0x00000000d6780000)
  from space 3072K, 99% used [0x00000000d6800000,0x00000000d6afc818,0x00000000d6b00000)
  to   space 6656K, 0% used [0x00000000d6e00000,0x00000000d6e00000,0x00000000d7480000)
 ParOldGen       total 68608K, used 66713K [0x0000000080000000, 0x0000000084300000, 0x00000000d5580000)
  object space 68608K, 97% used [0x0000000080000000,0x00000000841264b8,0x0000000084300000)
 Metaspace       used 52228K, committed 53568K, reserved 1114112K
  class space    used 5700K, committed 6272K, reserved 1048576K
}
Event: 12.168 GC heap before
{Heap before GC invocations=38 (full 2):
 PSYoungGen      total 21504K, used 21490K [0x00000000d5580000, 0x00000000d7480000, 0x0000000100000000)
  eden space 18432K, 100% used [0x00000000d5580000,0x00000000d6780000,0x00000000d6780000)
  from space 3072K, 99% used [0x00000000d6800000,0x00000000d6afc818,0x00000000d6b00000)
  to   space 6656K, 0% used [0x00000000d6e00000,0x00000000d6e00000,0x00000000d7480000)
 ParOldGen       total 68608K, used 66713K [0x0000000080000000, 0x0000000084300000, 0x00000000d5580000)
  object space 68608K, 97% used [0x0000000080000000,0x00000000841264b8,0x0000000084300000)
 Metaspace       used 52929K, committed 54208K, reserved 1114112K
  class space    used 5759K, committed 6336K, reserved 1048576K
}
Event: 12.176 GC heap after
{Heap after GC invocations=38 (full 2):
 PSYoungGen      total 22016K, used 3238K [0x00000000d5580000, 0x00000000d7180000, 0x0000000100000000)
  eden space 18432K, 0% used [0x00000000d5580000,0x00000000d5580000,0x00000000d6780000)
  from space 3584K, 90% used [0x00000000d6e00000,0x00000000d7129b30,0x00000000d7180000)
  to   space 4608K, 0% used [0x00000000d6880000,0x00000000d6880000,0x00000000d6d00000)
 ParOldGen       total 70144K, used 69705K [0x0000000080000000, 0x0000000084480000, 0x00000000d5580000)
  object space 70144K, 99% used [0x0000000080000000,0x0000000084412438,0x0000000084480000)
 Metaspace       used 52929K, committed 54208K, reserved 1114112K
  class space    used 5759K, committed 6336K, reserved 1048576K
}
Event: 12.320 GC heap before
{Heap before GC invocations=39 (full 2):
 PSYoungGen      total 22016K, used 21670K [0x00000000d5580000, 0x00000000d7180000, 0x0000000100000000)
  eden space 18432K, 100% used [0x00000000d5580000,0x00000000d6780000,0x00000000d6780000)
  from space 3584K, 90% used [0x00000000d6e00000,0x00000000d7129b30,0x00000000d7180000)
  to   space 4608K, 0% used [0x00000000d6880000,0x00000000d6880000,0x00000000d6d00000)
 ParOldGen       total 70144K, used 69705K [0x0000000080000000, 0x0000000084480000, 0x00000000d5580000)
  object space 70144K, 99% used [0x0000000080000000,0x0000000084412438,0x0000000084480000)
 Metaspace       used 53029K, committed 54272K, reserved 1114112K
  class space    used 5776K, committed 6336K, reserved 1048576K
}
Event: 12.326 GC heap after
{Heap after GC invocations=39 (full 2):
 PSYoungGen      total 23040K, used 4466K [0x00000000d5580000, 0x00000000d7180000, 0x0000000100000000)
  eden space 18432K, 0% used [0x00000000d5580000,0x00000000d5580000,0x00000000d6780000)
  from space 4608K, 96% used [0x00000000d6880000,0x00000000d6cdc828,0x00000000d6d00000)
  to   space 4608K, 0% used [0x00000000d6d00000,0x00000000d6d00000,0x00000000d7180000)
 ParOldGen       total 73216K, used 72727K [0x0000000080000000, 0x0000000084780000, 0x00000000d5580000)
  object space 73216K, 99% used [0x0000000080000000,0x0000000084705ee0,0x0000000084780000)
 Metaspace       used 53029K, committed 54272K, reserved 1114112K
  class space    used 5776K, committed 6336K, reserved 1048576K
}
Event: 12.444 GC heap before
{Heap before GC invocations=40 (full 2):
 PSYoungGen      total 23040K, used 22489K [0x00000000d5580000, 0x00000000d7180000, 0x0000000100000000)
  eden space 18432K, 97% used [0x00000000d5580000,0x00000000d6719d88,0x00000000d6780000)
  from space 4608K, 96% used [0x00000000d6880000,0x00000000d6cdc828,0x00000000d6d00000)
  to   space 4608K, 0% used [0x00000000d6d00000,0x00000000d6d00000,0x00000000d7180000)
 ParOldGen       total 73216K, used 72727K [0x0000000080000000, 0x0000000084780000, 0x00000000d5580000)
  object space 73216K, 99% used [0x0000000080000000,0x0000000084705ee0,0x0000000084780000)
 Metaspace       used 53419K, committed 54784K, reserved 1114112K
  class space    used 5825K, committed 6400K, reserved 1048576K
}
Event: 12.450 GC heap after
{Heap after GC invocations=40 (full 2):
 PSYoungGen      total 22016K, used 3550K [0x00000000d5580000, 0x00000000d7080000, 0x0000000100000000)
  eden space 18432K, 0% used [0x00000000d5580000,0x00000000d5580000,0x00000000d6780000)
  from space 3584K, 99% used [0x00000000d6d00000,0x00000000d7077960,0x00000000d7080000)
  to   space 4096K, 0% used [0x00000000d6880000,0x00000000d6880000,0x00000000d6c80000)
 ParOldGen       total 77312K, used 76997K [0x0000000080000000, 0x0000000084b80000, 0x00000000d5580000)
  object space 77312K, 99% used [0x0000000080000000,0x0000000084b316c8,0x0000000084b80000)
 Metaspace       used 53419K, committed 54784K, reserved 1114112K
  class space    used 5825K, committed 6400K, reserved 1048576K
}
Event: 12.586 GC heap before
{Heap before GC invocations=41 (full 2):
 PSYoungGen      total 22016K, used 21982K [0x00000000d5580000, 0x00000000d7080000, 0x0000000100000000)
  eden space 18432K, 100% used [0x00000000d5580000,0x00000000d6780000,0x00000000d6780000)
  from space 3584K, 99% used [0x00000000d6d00000,0x00000000d7077960,0x00000000d7080000)
  to   space 4096K, 0% used [0x00000000d6880000,0x00000000d6880000,0x00000000d6c80000)
 ParOldGen       total 77312K, used 76997K [0x0000000080000000, 0x0000000084b80000, 0x00000000d5580000)
  object space 77312K, 99% used [0x0000000080000000,0x0000000084b316c8,0x0000000084b80000)
 Metaspace       used 53831K, committed 55168K, reserved 1114112K
  class space    used 5862K, committed 6464K, reserved 1048576K
}
Event: 13.122 GC heap after
{Heap after GC invocations=41 (full 2):
 PSYoungGen      total 22528K, used 4095K [0x00000000d5580000, 0x00000000d7880000, 0x0000000100000000)
  eden space 18432K, 0% used [0x00000000d5580000,0x00000000d5580000,0x00000000d6780000)
  from space 4096K, 99% used [0x00000000d6880000,0x00000000d6c7fd98,0x00000000d6c80000)
  to   space 8704K, 0% used [0x00000000d7000000,0x00000000d7000000,0x00000000d7880000)
 ParOldGen       total 80896K, used 80573K [0x0000000080000000, 0x0000000084f00000, 0x00000000d5580000)
  object space 80896K, 99% used [0x0000000080000000,0x0000000084eaf4a8,0x0000000084f00000)
 Metaspace       used 53831K, committed 55168K, reserved 1114112K
  class space    used 5862K, committed 6464K, reserved 1048576K
}
Event: 13.223 GC heap before
{Heap before GC invocations=42 (full 2):
 PSYoungGen      total 22528K, used 22527K [0x00000000d5580000, 0x00000000d7880000, 0x0000000100000000)
  eden space 18432K, 100% used [0x00000000d5580000,0x00000000d6780000,0x00000000d6780000)
  from space 4096K, 99% used [0x00000000d6880000,0x00000000d6c7fd98,0x00000000d6c80000)
  to   space 8704K, 0% used [0x00000000d7000000,0x00000000d7000000,0x00000000d7880000)
 ParOldGen       total 80896K, used 80573K [0x0000000080000000, 0x0000000084f00000, 0x00000000d5580000)
  object space 80896K, 99% used [0x0000000080000000,0x0000000084eaf4a8,0x0000000084f00000)
 Metaspace       used 54113K, committed 55424K, reserved 1114112K
  class space    used 5890K, committed 6464K, reserved 1048576K
}
Event: 13.228 GC heap after
{Heap after GC invocations=42 (full 2):
 PSYoungGen      total 22528K, used 4005K [0x00000000d5580000, 0x00000000d7400000, 0x0000000100000000)
  eden space 18432K, 0% used [0x00000000d5580000,0x00000000d5580000,0x00000000d6780000)
  from space 4096K, 97% used [0x00000000d7000000,0x00000000d73e9408,0x00000000d7400000)
  to   space 5632K, 0% used [0x00000000d6900000,0x00000000d6900000,0x00000000d6e80000)
 ParOldGen       total 84480K, used 84390K [0x0000000080000000, 0x0000000085280000, 0x00000000d5580000)
  object space 84480K, 99% used [0x0000000080000000,0x0000000085269930,0x0000000085280000)
 Metaspace       used 54113K, committed 55424K, reserved 1114112K
  class space    used 5890K, committed 6464K, reserved 1048576K
}
Event: 13.380 GC heap before
{Heap before GC invocations=43 (full 2):
 PSYoungGen      total 22528K, used 22437K [0x00000000d5580000, 0x00000000d7400000, 0x0000000100000000)
  eden space 18432K, 100% used [0x00000000d5580000,0x00000000d6780000,0x00000000d6780000)
  from space 4096K, 97% used [0x00000000d7000000,0x00000000d73e9408,0x00000000d7400000)
  to   space 5632K, 0% used [0x00000000d6900000,0x00000000d6900000,0x00000000d6e80000)
 ParOldGen       total 84480K, used 84390K [0x0000000080000000, 0x0000000085280000, 0x00000000d5580000)
  object space 84480K, 99% used [0x0000000080000000,0x0000000085269930,0x0000000085280000)
 Metaspace       used 54357K, committed 55744K, reserved 1114112K
  class space    used 5929K, committed 6528K, reserved 1048576K
}
Event: 14.393 GC heap after
{Heap after GC invocations=43 (full 2):
 PSYoungGen      total 25600K, used 4815K [0x00000000d5580000, 0x00000000d7700000, 0x0000000100000000)
  eden space 19968K, 0% used [0x00000000d5580000,0x00000000d5580000,0x00000000d6900000)
  from space 5632K, 85% used [0x00000000d6900000,0x00000000d6db3c98,0x00000000d6e80000)
  to   space 5120K, 0% used [0x00000000d7200000,0x00000000d7200000,0x00000000d7700000)
 ParOldGen       total 88576K, used 88154K [0x0000000080000000, 0x0000000085680000, 0x00000000d5580000)
  object space 88576K, 99% used [0x0000000080000000,0x0000000085616940,0x0000000085680000)
 Metaspace       used 54357K, committed 55744K, reserved 1114112K
  class space    used 5929K, committed 6528K, reserved 1048576K
}

