# JRE version: OpenJDK Runtime Environment Temurin-21.0.11+10 (21.0.11+10) (build 21.0.11+10-LTS)
# Java VM: OpenJDK 64-Bit Server VM Temurin-21.0.11+10 (21.0.11+10-LTS, mixed mode, sharing, tiered, compressed oops, compressed class ptrs, parallel gc, windows-amd64)
GC Precious Log:
 CardTable entry size: 512
 CPUs: 12 total, 12 available
 Memory: 5978M
 Large Page Support: Disabled
 NUMA Support: Disabled
 Compressed Oops: Enabled (32-bit)
 Alignments: Space 512K, Generation 512K, Heap 2M
 Heap Min Capacity: 100M
 Heap Initial Capacity: 100M
 Heap Max Capacity: 2G
 Pre-touch: Disabled
 Parallel Workers: 10
Heap:
 PSYoungGen      total 6144K, used 2290K [0x00000000d5580000, 0x00000000d5c80000, 0x0000000100000000)
  eden space 5120K, 30% used [0x00000000d5580000,0x00000000d5704ec0,0x00000000d5a80000)
  from space 1024K, 71% used [0x00000000d5b80000,0x00000000d5c37ad8,0x00000000d5c80000)
  to   space 1024K, 0% used [0x00000000d5a80000,0x00000000d5a80000,0x00000000d5b80000)
 ParOldGen       total 546304K, used 545862K [0x0000000080000000, 0x00000000a1580000, 0x00000000d5580000)
  object space 546304K, 99% used [0x0000000080000000,0x00000000a1511ba0,0x00000000a1580000)
 Metaspace       used 66406K, committed 68032K, reserved 1114112K
  class space    used 6867K, committed 7616K, reserved 1048576K
GC Heap History (20 events):
Event: 37.079 GC heap after
{Heap after GC invocations=975 (full 3):
 PSYoungGen      total 6656K, used 1377K [0x00000000d5580000, 0x00000000d5d80000, 0x0000000100000000)
  eden space 5120K, 0% used [0x00000000d5580000,0x00000000d5580000,0x00000000d5a80000)
  from space 1536K, 89% used [0x00000000d5c00000,0x00000000d5d58780,0x00000000d5d80000)
  to   space 1536K, 0% used [0x00000000d5a80000,0x00000000d5a80000,0x00000000d5c00000)
 ParOldGen       total 540672K, used 540393K [0x0000000080000000, 0x00000000a1000000, 0x00000000d5580000)
  object space 540672K, 99% used [0x0000000080000000,0x00000000a0fba5e0,0x00000000a1000000)
 Metaspace       used 66050K, committed 67648K, reserved 1114112K
  class space    used 6862K, committed 7616K, reserved 1048576K
}
Event: 37.319 GC heap before
{Heap before GC invocations=976 (full 3):
 PSYoungGen      total 6656K, used 6497K [0x00000000d5580000, 0x00000000d5d80000, 0x0000000100000000)
  eden space 5120K, 100% used [0x00000000d5580000,0x00000000d5a80000,0x00000000d5a80000)
  from space 1536K, 89% used [0x00000000d5c00000,0x00000000d5d58780,0x00000000d5d80000)
  to   space 1536K, 0% used [0x00000000d5a80000,0x00000000d5a80000,0x00000000d5c00000)
 ParOldGen       total 540672K, used 540393K [0x0000000080000000, 0x00000000a1000000, 0x00000000d5580000)
  object space 540672K, 99% used [0x0000000080000000,0x00000000a0fba5e0,0x00000000a1000000)
 Metaspace       used 66082K, committed 67712K, reserved 1114112K
  class space    used 6862K, committed 7616K, reserved 1048576K
}
Event: 37.322 GC heap after
{Heap after GC invocations=976 (full 3):
 PSYoungGen      total 5632K, used 352K [0x00000000d5580000, 0x00000000d5c80000, 0x0000000100000000)
  eden space 5120K, 0% used [0x00000000d5580000,0x00000000d5580000,0x00000000d5a80000)
  from space 512K, 68% used [0x00000000d5a80000,0x00000000d5ad8000,0x00000000d5b00000)
  to   space 1024K, 0% used [0x00000000d5b80000,0x00000000d5b80000,0x00000000d5c80000)
 ParOldGen       total 541184K, used 540689K [0x0000000080000000, 0x00000000a1080000, 0x00000000d5580000)
  object space 541184K, 99% used [0x0000000080000000,0x00000000a10045e0,0x00000000a1080000)
 Metaspace       used 66082K, committed 67712K, reserved 1114112K
  class space    used 6862K, committed 7616K, reserved 1048576K
}
Event: 37.397 GC heap before
{Heap before GC invocations=977 (full 3):
 PSYoungGen      total 5632K, used 5472K [0x00000000d5580000, 0x00000000d5c80000, 0x0000000100000000)
  eden space 5120K, 100% used [0x00000000d5580000,0x00000000d5a80000,0x00000000d5a80000)
  from space 512K, 68% used [0x00000000d5a80000,0x00000000d5ad8000,0x00000000d5b00000)
  to   space 1024K, 0% used [0x00000000d5b80000,0x00000000d5b80000,0x00000000d5c80000)
 ParOldGen       total 541184K, used 540689K [0x0000000080000000, 0x00000000a1080000, 0x00000000d5580000)
  object space 541184K, 99% used [0x0000000080000000,0x00000000a10045e0,0x00000000a1080000)
 Metaspace       used 66103K, committed 67712K, reserved 1114112K
  class space    used 6862K, committed 7616K, reserved 1048576K
}
Event: 37.401 GC heap after
{Heap after GC invocations=977 (full 3):
 PSYoungGen      total 6144K, used 672K [0x00000000d5580000, 0x00000000d5c80000, 0x0000000100000000)
  eden space 5120K, 0% used [0x00000000d5580000,0x00000000d5580000,0x00000000d5a80000)
  from space 1024K, 65% used [0x00000000d5b80000,0x00000000d5c28000,0x00000000d5c80000)
  to   space 1024K, 0% used [0x00000000d5a80000,0x00000000d5a80000,0x00000000d5b80000)
 ParOldGen       total 541184K, used 540873K [0x0000000080000000, 0x00000000a1080000, 0x00000000d5580000)
  object space 541184K, 99% used [0x0000000080000000,0x00000000a10325e0,0x00000000a1080000)
 Metaspace       used 66103K, committed 67712K, reserved 1114112K
  class space    used 6862K, committed 7616K, reserved 1048576K
}
Event: 37.496 GC heap before
{Heap before GC invocations=978 (full 3):
 PSYoungGen      total 6144K, used 5792K [0x00000000d5580000, 0x00000000d5c80000, 0x0000000100000000)
  eden space 5120K, 100% used [0x00000000d5580000,0x00000000d5a80000,0x00000000d5a80000)
  from space 1024K, 65% used [0x00000000d5b80000,0x00000000d5c28000,0x00000000d5c80000)
  to   space 1024K, 0% used [0x00000000d5a80000,0x00000000d5a80000,0x00000000d5b80000)
 ParOldGen       total 541184K, used 540873K [0x0000000080000000, 0x00000000a1080000, 0x00000000d5580000)
  object space 541184K, 99% used [0x0000000080000000,0x00000000a10325e0,0x00000000a1080000)
 Metaspace       used 66181K, committed 67776K, reserved 1114112K
  class space    used 6863K, committed 7616K, reserved 1048576K
}
Event: 37.500 GC heap after
{Heap after GC invocations=978 (full 3):
 PSYoungGen      total 6144K, used 864K [0x00000000d5580000, 0x00000000d5c80000, 0x0000000100000000)
  eden space 5120K, 0% used [0x00000000d5580000,0x00000000d5580000,0x00000000d5a80000)
  from space 1024K, 84% used [0x00000000d5a80000,0x00000000d5b58000,0x00000000d5b80000)
  to   space 1024K, 0% used [0x00000000d5b80000,0x00000000d5b80000,0x00000000d5c80000)
 ParOldGen       total 541696K, used 541393K [0x0000000080000000, 0x00000000a1100000, 0x00000000d5580000)
  object space 541696K, 99% used [0x0000000080000000,0x00000000a10b45e0,0x00000000a1100000)
 Metaspace       used 66181K, committed 67776K, reserved 1114112K
  class space    used 6863K, committed 7616K, reserved 1048576K
}
Event: 38.578 GC heap before
{Heap before GC invocations=979 (full 3):
 PSYoungGen      total 6144K, used 5984K [0x00000000d5580000, 0x00000000d5c80000, 0x0000000100000000)
  eden space 5120K, 100% used [0x00000000d5580000,0x00000000d5a80000,0x00000000d5a80000)
  from space 1024K, 84% used [0x00000000d5a80000,0x00000000d5b58000,0x00000000d5b80000)
  to   space 1024K, 0% used [0x00000000d5b80000,0x00000000d5b80000,0x00000000d5c80000)
 ParOldGen       total 541696K, used 541393K [0x0000000080000000, 0x00000000a1100000, 0x00000000d5580000)
  object space 541696K, 99% used [0x0000000080000000,0x00000000a10b45e0,0x00000000a1100000)
 Metaspace       used 66261K, committed 67840K, reserved 1114112K
  class space    used 6863K, committed 7616K, reserved 1048576K
}
Event: 38.583 GC heap after
{Heap after GC invocations=979 (full 3):
 PSYoungGen      total 6144K, used 832K [0x00000000d5580000, 0x00000000d5c80000, 0x0000000100000000)
  eden space 5120K, 0% used [0x00000000d5580000,0x00000000d5580000,0x00000000d5a80000)
  from space 1024K, 81% used [0x00000000d5b80000,0x00000000d5c50000,0x00000000d5c80000)
  to   space 1024K, 0% used [0x00000000d5a80000,0x00000000d5a80000,0x00000000d5b80000)
 ParOldGen       total 542208K, used 542061K [0x0000000080000000, 0x00000000a1180000, 0x00000000d5580000)
  object space 542208K, 99% used [0x0000000080000000,0x00000000a115b600,0x00000000a1180000)
 Metaspace       used 66261K, committed 67840K, reserved 1114112K
  class space    used 6863K, committed 7616K, reserved 1048576K
}
Event: 38.653 GC heap before
{Heap before GC invocations=980 (full 3):
 PSYoungGen      total 6144K, used 5952K [0x00000000d5580000, 0x00000000d5c80000, 0x0000000100000000)
  eden space 5120K, 100% used [0x00000000d5580000,0x00000000d5a80000,0x00000000d5a80000)
  from space 1024K, 81% used [0x00000000d5b80000,0x00000000d5c50000,0x00000000d5c80000)
  to   space 1024K, 0% used [0x00000000d5a80000,0x00000000d5a80000,0x00000000d5b80000)
 ParOldGen       total 542208K, used 542061K [0x0000000080000000, 0x00000000a1180000, 0x00000000d5580000)
  object space 542208K, 99% used [0x0000000080000000,0x00000000a115b600,0x00000000a1180000)
 Metaspace       used 66355K, committed 67968K, reserved 1114112K
  class space    used 6867K, committed 7616K, reserved 1048576K
}
Event: 38.657 GC heap after
{Heap after GC invocations=980 (full 3):
 PSYoungGen      total 6144K, used 736K [0x00000000d5580000, 0x00000000d5c80000, 0x0000000100000000)
  eden space 5120K, 0% used [0x00000000d5580000,0x00000000d5580000,0x00000000d5a80000)
  from space 1024K, 71% used [0x00000000d5a80000,0x00000000d5b38000,0x00000000d5b80000)
  to   space 1024K, 0% used [0x00000000d5b80000,0x00000000d5b80000,0x00000000d5c80000)
 ParOldGen       total 542720K, used 542718K [0x0000000080000000, 0x00000000a1200000, 0x00000000d5580000)
  object space 542720K, 99% used [0x0000000080000000,0x00000000a11ff9e8,0x00000000a1200000)
 Metaspace       used 66355K, committed 67968K, reserved 1114112K
  class space    used 6867K, committed 7616K, reserved 1048576K
}
Event: 38.722 GC heap before
{Heap before GC invocations=981 (full 3):
 PSYoungGen      total 6144K, used 5856K [0x00000000d5580000, 0x00000000d5c80000, 0x0000000100000000)
  eden space 5120K, 100% used [0x00000000d5580000,0x00000000d5a80000,0x00000000d5a80000)
  from space 1024K, 71% used [0x00000000d5a80000,0x00000000d5b38000,0x00000000d5b80000)
  to   space 1024K, 0% used [0x00000000d5b80000,0x00000000d5b80000,0x00000000d5c80000)
 ParOldGen       total 542720K, used 542718K [0x0000000080000000, 0x00000000a1200000, 0x00000000d5580000)
  object space 542720K, 99% used [0x0000000080000000,0x00000000a11ff9e8,0x00000000a1200000)
 Metaspace       used 66395K, committed 68032K, reserved 1114112K
  class space    used 6867K, committed 7616K, reserved 1048576K
}
Event: 38.725 GC heap after
{Heap after GC invocations=981 (full 3):
 PSYoungGen      total 6144K, used 860K [0x00000000d5580000, 0x00000000d5c80000, 0x0000000100000000)
  eden space 5120K, 0% used [0x00000000d5580000,0x00000000d5580000,0x00000000d5a80000)
  from space 1024K, 83% used [0x00000000d5b80000,0x00000000d5c57000,0x00000000d5c80000)
  to   space 1024K, 0% used [0x00000000d5a80000,0x00000000d5a80000,0x00000000d5b80000)
 ParOldGen       total 543744K, used 543340K [0x0000000080000000, 0x00000000a1300000, 0x00000000d5580000)
  object space 543744K, 99% used [0x0000000080000000,0x00000000a129b338,0x00000000a1300000)
 Metaspace       used 66395K, committed 68032K, reserved 1114112K
  class space    used 6867K, committed 7616K, reserved 1048576K
}
Event: 38.742 GC heap before
{Heap before GC invocations=982 (full 3):
 PSYoungGen      total 6144K, used 5980K [0x00000000d5580000, 0x00000000d5c80000, 0x0000000100000000)
  eden space 5120K, 100% used [0x00000000d5580000,0x00000000d5a80000,0x00000000d5a80000)
  from space 1024K, 83% used [0x00000000d5b80000,0x00000000d5c57000,0x00000000d5c80000)
  to   space 1024K, 0% used [0x00000000d5a80000,0x00000000d5a80000,0x00000000d5b80000)
 ParOldGen       total 543744K, used 543340K [0x0000000080000000, 0x00000000a1300000, 0x00000000d5580000)
  object space 543744K, 99% used [0x0000000080000000,0x00000000a129b338,0x00000000a1300000)
 Metaspace       used 66395K, committed 68032K, reserved 1114112K
  class space    used 6867K, committed 7616K, reserved 1048576K
}
Event: 38.745 GC heap after
{Heap after GC invocations=982 (full 3):
 PSYoungGen      total 6144K, used 795K [0x00000000d5580000, 0x00000000d5c80000, 0x0000000100000000)
  eden space 5120K, 0% used [0x00000000d5580000,0x00000000d5580000,0x00000000d5a80000)
  from space 1024K, 77% used [0x00000000d5a80000,0x00000000d5b46c28,0x00000000d5b80000)
  to   space 1024K, 0% used [0x00000000d5b80000,0x00000000d5b80000,0x00000000d5c80000)
 ParOldGen       total 544256K, used 543944K [0x0000000080000000, 0x00000000a1380000, 0x00000000d5580000)
  object space 544256K, 99% used [0x0000000080000000,0x00000000a1332338,0x00000000a1380000)
 Metaspace       used 66395K, committed 68032K, reserved 1114112K
  class space    used 6867K, committed 7616K, reserved 1048576K
}
Event: 38.770 GC heap before
{Heap before GC invocations=983 (full 3):
 PSYoungGen      total 6144K, used 5915K [0x00000000d5580000, 0x00000000d5c80000, 0x0000000100000000)
  eden space 5120K, 100% used [0x00000000d5580000,0x00000000d5a80000,0x00000000d5a80000)
  from space 1024K, 77% used [0x00000000d5a80000,0x00000000d5b46c28,0x00000000d5b80000)
  to   space 1024K, 0% used [0x00000000d5b80000,0x00000000d5b80000,0x00000000d5c80000)
 ParOldGen       total 544256K, used 543944K [0x0000000080000000, 0x00000000a1380000, 0x00000000d5580000)
  object space 544256K, 99% used [0x0000000080000000,0x00000000a1332338,0x00000000a1380000)
 Metaspace       used 66395K, committed 68032K, reserved 1114112K
  class space    used 6867K, committed 7616K, reserved 1048576K
}
Event: 38.773 GC heap after
{Heap after GC invocations=983 (full 3):
 PSYoungGen      total 6144K, used 886K [0x00000000d5580000, 0x00000000d5c80000, 0x0000000100000000)
  eden space 5120K, 0% used [0x00000000d5580000,0x00000000d5580000,0x00000000d5a80000)
  from space 1024K, 86% used [0x00000000d5b80000,0x00000000d5c5d828,0x00000000d5c80000)
  to   space 1024K, 0% used [0x00000000d5a80000,0x00000000d5a80000,0x00000000d5b80000)
 ParOldGen       total 544768K, used 544536K [0x0000000080000000, 0x00000000a1400000, 0x00000000d5580000)
  object space 544768K, 99% used [0x0000000080000000,0x00000000a13c6368,0x00000000a1400000)
 Metaspace       used 66395K, committed 68032K, reserved 1114112K
  class space    used 6867K, committed 7616K, reserved 1048576K
}
Event: 38.796 GC heap before
{Heap before GC invocations=984 (full 3):
 PSYoungGen      total 6144K, used 6006K [0x00000000d5580000, 0x00000000d5c80000, 0x0000000100000000)
  eden space 5120K, 100% used [0x00000000d5580000,0x00000000d5a80000,0x00000000d5a80000)
  from space 1024K, 86% used [0x00000000d5b80000,0x00000000d5c5d828,0x00000000d5c80000)
  to   space 1024K, 0% used [0x00000000d5a80000,0x00000000d5a80000,0x00000000d5b80000)
 ParOldGen       total 544768K, used 544536K [0x0000000080000000, 0x00000000a1400000, 0x00000000d5580000)
  object space 544768K, 99% used [0x0000000080000000,0x00000000a13c6368,0x00000000a1400000)
 Metaspace       used 66395K, committed 68032K, reserved 1114112K
  class space    used 6867K, committed 7616K, reserved 1048576K
}
Event: 38.799 GC heap after
{Heap after GC invocations=984 (full 3):
 PSYoungGen      total 6144K, used 704K [0x00000000d5580000, 0x00000000d5c80000, 0x0000000100000000)
  eden space 5120K, 0% used [0x00000000d5580000,0x00000000d5580000,0x00000000d5a80000)
  from space 1024K, 68% used [0x00000000d5a80000,0x00000000d5b30000,0x00000000d5b80000)
  to   space 1024K, 0% used [0x00000000d5b80000,0x00000000d5b80000,0x00000000d5c80000)
 ParOldGen       total 545280K, used 545214K [0x0000000080000000, 0x00000000a1480000, 0x00000000d5580000)
  object space 545280K, 99% used [0x0000000080000000,0x00000000a146fba0,0x00000000a1480000)
 Metaspace       used 66395K, committed 68032K, reserved 1114112K
  class space    used 6867K, committed 7616K, reserved 1048576K
}
Event: 40.893 GC heap before
{Heap before GC invocations=985 (full 3):
 PSYoungGen      total 6144K, used 5725K [0x00000000d5580000, 0x00000000d5c80000, 0x0000000100000000)
  eden space 5120K, 98% used [0x00000000d5580000,0x00000000d5a676c0,0x00000000d5a80000)
  from space 1024K, 68% used [0x00000000d5a80000,0x00000000d5b30000,0x00000000d5b80000)
  to   space 1024K, 0% used [0x00000000d5b80000,0x00000000d5b80000,0x00000000d5c80000)
 ParOldGen       total 545280K, used 545214K [0x0000000080000000, 0x00000000a1480000, 0x00000000d5580000)
  object space 545280K, 99% used [0x0000000080000000,0x00000000a146fba0,0x00000000a1480000)
 Metaspace       used 66399K, committed 68032K, reserved 1114112K
  class space    used 6867K, committed 7616K, reserved 1048576K
}

