# JRE version: OpenJDK Runtime Environment Temurin-21.0.11+10 (21.0.11+10) (build 21.0.11+10-LTS)
# Java VM: OpenJDK 64-Bit Server VM Temurin-21.0.11+10 (21.0.11+10-LTS, mixed mode, sharing, tiered, compressed oops, compressed class ptrs, parallel gc, windows-amd64)
GC Precious Log:
 CardTable entry size: 512
 CPUs: 12 total, 12 available
 Memory: 5978M
 Large Page Support: Disabled
 NUMA Support: Disabled
 Compressed Oops: Enabled (32-bit)
 Alignments: Space 512K, Generation 512K, Heap 2M
 Heap Min Capacity: 100M
 Heap Initial Capacity: 100M
 Heap Max Capacity: 2G
 Pre-touch: Disabled
 Parallel Workers: 10
Heap:
 PSYoungGen      total 4608K, used 1255K [0x00000000d5580000, 0x00000000d5b80000, 0x0000000100000000)
  eden space 4096K, 18% used [0x00000000d5580000,0x00000000d563dd40,0x00000000d5980000)
  from space 512K, 96% used [0x00000000d5a00000,0x00000000d5a7bf98,0x00000000d5a80000)
  to   space 1024K, 0% used [0x00000000d5a80000,0x00000000d5a80000,0x00000000d5b80000)
 ParOldGen       total 141312K, used 140963K [0x0000000080000000, 0x0000000088a00000, 0x00000000d5580000)
  object space 141312K, 99% used [0x0000000080000000,0x00000000889a8fc0,0x0000000088a00000)
 Metaspace       used 65341K, committed 66880K, reserved 1114112K
  class space    used 6903K, committed 7552K, reserved 1048576K
GC Heap History (20 events):
Event: 68.896 GC heap before
{Heap before GC invocations=183 (full 3):
 PSYoungGen      total 5120K, used 4381K [0x00000000d5580000, 0x00000000d5b00000, 0x0000000100000000)
  eden space 4096K, 100% used [0x00000000d5580000,0x00000000d5980000,0x00000000d5980000)
  from space 1024K, 27% used [0x00000000d5980000,0x00000000d59c7690,0x00000000d5a80000)
  to   space 512K, 0% used [0x00000000d5a80000,0x00000000d5a80000,0x00000000d5b00000)
 ParOldGen       total 138752K, used 138356K [0x0000000080000000, 0x0000000088780000, 0x00000000d5580000)
  object space 138752K, 99% used [0x0000000080000000,0x000000008871d360,0x0000000088780000)
 Metaspace       used 64485K, committed 66048K, reserved 1114112K
  class space    used 6795K, committed 7488K, reserved 1048576K
}
Event: 68.899 GC heap after
{Heap after GC invocations=183 (full 3):
 PSYoungGen      total 4608K, used 288K [0x00000000d5580000, 0x00000000d5b00000, 0x0000000100000000)
  eden space 4096K, 0% used [0x00000000d5580000,0x00000000d5580000,0x00000000d5980000)
  from space 512K, 56% used [0x00000000d5a80000,0x00000000d5ac8000,0x00000000d5b00000)
  to   space 512K, 0% used [0x00000000d5a00000,0x00000000d5a00000,0x00000000d5a80000)
 ParOldGen       total 138752K, used 138468K [0x0000000080000000, 0x0000000088780000, 0x00000000d5580000)
  object space 138752K, 99% used [0x0000000080000000,0x0000000088739360,0x0000000088780000)
 Metaspace       used 64485K, committed 66048K, reserved 1114112K
  class space    used 6795K, committed 7488K, reserved 1048576K
}
Event: 69.074 GC heap before
{Heap before GC invocations=184 (full 3):
 PSYoungGen      total 4608K, used 4384K [0x00000000d5580000, 0x00000000d5b00000, 0x0000000100000000)
  eden space 4096K, 100% used [0x00000000d5580000,0x00000000d5980000,0x00000000d5980000)
  from space 512K, 56% used [0x00000000d5a80000,0x00000000d5ac8000,0x00000000d5b00000)
  to   space 512K, 0% used [0x00000000d5a00000,0x00000000d5a00000,0x00000000d5a80000)
 ParOldGen       total 138752K, used 138468K [0x0000000080000000, 0x0000000088780000, 0x00000000d5580000)
  object space 138752K, 99% used [0x0000000080000000,0x0000000088739360,0x0000000088780000)
 Metaspace       used 64508K, committed 66048K, reserved 1114112K
  class space    used 6807K, committed 7488K, reserved 1048576K
}
Event: 69.078 GC heap after
{Heap after GC invocations=184 (full 3):
 PSYoungGen      total 4608K, used 320K [0x00000000d5580000, 0x00000000d5b00000, 0x0000000100000000)
  eden space 4096K, 0% used [0x00000000d5580000,0x00000000d5580000,0x00000000d5980000)
  from space 512K, 62% used [0x00000000d5a00000,0x00000000d5a50000,0x00000000d5a80000)
  to   space 512K, 0% used [0x00000000d5a80000,0x00000000d5a80000,0x00000000d5b00000)
 ParOldGen       total 138752K, used 138596K [0x0000000080000000, 0x0000000088780000, 0x00000000d5580000)
  object space 138752K, 99% used [0x0000000080000000,0x0000000088759360,0x0000000088780000)
 Metaspace       used 64508K, committed 66048K, reserved 1114112K
  class space    used 6807K, committed 7488K, reserved 1048576K
}
Event: 69.423 GC heap before
{Heap before GC invocations=185 (full 3):
 PSYoungGen      total 4608K, used 4416K [0x00000000d5580000, 0x00000000d5b00000, 0x0000000100000000)
  eden space 4096K, 100% used [0x00000000d5580000,0x00000000d5980000,0x00000000d5980000)
  from space 512K, 62% used [0x00000000d5a00000,0x00000000d5a50000,0x00000000d5a80000)
  to   space 512K, 0% used [0x00000000d5a80000,0x00000000d5a80000,0x00000000d5b00000)
 ParOldGen       total 138752K, used 138596K [0x0000000080000000, 0x0000000088780000, 0x00000000d5580000)
  object space 138752K, 99% used [0x0000000080000000,0x0000000088759360,0x0000000088780000)
 Metaspace       used 64518K, committed 66048K, reserved 1114112K
  class space    used 6809K, committed 7488K, reserved 1048576K
}
Event: 69.436 GC heap after
{Heap after GC invocations=185 (full 3):
 PSYoungGen      total 4608K, used 512K [0x00000000d5580000, 0x00000000d5b80000, 0x0000000100000000)
  eden space 4096K, 0% used [0x00000000d5580000,0x00000000d5580000,0x00000000d5980000)
  from space 512K, 100% used [0x00000000d5a80000,0x00000000d5b00000,0x00000000d5b00000)
  to   space 1024K, 0% used [0x00000000d5980000,0x00000000d5980000,0x00000000d5a80000)
 ParOldGen       total 139264K, used 138840K [0x0000000080000000, 0x0000000088800000, 0x00000000d5580000)
  object space 139264K, 99% used [0x0000000080000000,0x0000000088796370,0x0000000088800000)
 Metaspace       used 64518K, committed 66048K, reserved 1114112K
  class space    used 6809K, committed 7488K, reserved 1048576K
}
Event: 69.484 GC heap before
{Heap before GC invocations=186 (full 3):
 PSYoungGen      total 4608K, used 4608K [0x00000000d5580000, 0x00000000d5b80000, 0x0000000100000000)
  eden space 4096K, 100% used [0x00000000d5580000,0x00000000d5980000,0x00000000d5980000)
  from space 512K, 100% used [0x00000000d5a80000,0x00000000d5b00000,0x00000000d5b00000)
  to   space 1024K, 0% used [0x00000000d5980000,0x00000000d5980000,0x00000000d5a80000)
 ParOldGen       total 139264K, used 138840K [0x0000000080000000, 0x0000000088800000, 0x00000000d5580000)
  object space 139264K, 99% used [0x0000000080000000,0x0000000088796370,0x0000000088800000)
 Metaspace       used 64519K, committed 66048K, reserved 1114112K
  class space    used 6809K, committed 7488K, reserved 1048576K
}
Event: 69.490 GC heap after
{Heap after GC invocations=186 (full 3):
 PSYoungGen      total 5120K, used 253K [0x00000000d5580000, 0x00000000d5b00000, 0x0000000100000000)
  eden space 4096K, 0% used [0x00000000d5580000,0x00000000d5580000,0x00000000d5980000)
  from space 1024K, 24% used [0x00000000d5980000,0x00000000d59bf690,0x00000000d5a80000)
  to   space 512K, 0% used [0x00000000d5a80000,0x00000000d5a80000,0x00000000d5b00000)
 ParOldGen       total 139776K, used 139320K [0x0000000080000000, 0x0000000088880000, 0x00000000d5580000)
  object space 139776K, 99% used [0x0000000080000000,0x000000008880e370,0x0000000088880000)
 Metaspace       used 64519K, committed 66048K, reserved 1114112K
  class space    used 6809K, committed 7488K, reserved 1048576K
}
Event: 69.573 GC heap before
{Heap before GC invocations=187 (full 3):
 PSYoungGen      total 5120K, used 4349K [0x00000000d5580000, 0x00000000d5b00000, 0x0000000100000000)
  eden space 4096K, 100% used [0x00000000d5580000,0x00000000d5980000,0x00000000d5980000)
  from space 1024K, 24% used [0x00000000d5980000,0x00000000d59bf690,0x00000000d5a80000)
  to   space 512K, 0% used [0x00000000d5a80000,0x00000000d5a80000,0x00000000d5b00000)
 ParOldGen       total 139776K, used 139320K [0x0000000080000000, 0x0000000088880000, 0x00000000d5580000)
  object space 139776K, 99% used [0x0000000080000000,0x000000008880e370,0x0000000088880000)
 Metaspace       used 64519K, committed 66048K, reserved 1114112K
  class space    used 6809K, committed 7488K, reserved 1048576K
}
Event: 69.581 GC heap after
{Heap after GC invocations=187 (full 3):
 PSYoungGen      total 4608K, used 256K [0x00000000d5580000, 0x00000000d5b00000, 0x0000000100000000)
  eden space 4096K, 0% used [0x00000000d5580000,0x00000000d5580000,0x00000000d5980000)
  from space 512K, 50% used [0x00000000d5a80000,0x00000000d5ac0000,0x00000000d5b00000)
  to   space 512K, 0% used [0x00000000d5a00000,0x00000000d5a00000,0x00000000d5a80000)
 ParOldGen       total 139776K, used 139408K [0x0000000080000000, 0x0000000088880000, 0x00000000d5580000)
  object space 139776K, 99% used [0x0000000080000000,0x0000000088824370,0x0000000088880000)
 Metaspace       used 64519K, committed 66048K, reserved 1114112K
  class space    used 6809K, committed 7488K, reserved 1048576K
}
Event: 69.921 GC heap before
{Heap before GC invocations=188 (full 3):
 PSYoungGen      total 4608K, used 4352K [0x00000000d5580000, 0x00000000d5b00000, 0x0000000100000000)
  eden space 4096K, 100% used [0x00000000d5580000,0x00000000d5980000,0x00000000d5980000)
  from space 512K, 50% used [0x00000000d5a80000,0x00000000d5ac0000,0x00000000d5b00000)
  to   space 512K, 0% used [0x00000000d5a00000,0x00000000d5a00000,0x00000000d5a80000)
 ParOldGen       total 139776K, used 139408K [0x0000000080000000, 0x0000000088880000, 0x00000000d5580000)
  object space 139776K, 99% used [0x0000000080000000,0x0000000088824370,0x0000000088880000)
 Metaspace       used 64543K, committed 66112K, reserved 1114112K
  class space    used 6824K, committed 7488K, reserved 1048576K
}
Event: 69.926 GC heap after
{Heap after GC invocations=188 (full 3):
 PSYoungGen      total 4608K, used 256K [0x00000000d5580000, 0x00000000d5b00000, 0x0000000100000000)
  eden space 4096K, 0% used [0x00000000d5580000,0x00000000d5580000,0x00000000d5980000)
  from space 512K, 50% used [0x00000000d5a00000,0x00000000d5a40000,0x00000000d5a80000)
  to   space 512K, 0% used [0x00000000d5a80000,0x00000000d5a80000,0x00000000d5b00000)
 ParOldGen       total 139776K, used 139544K [0x0000000080000000, 0x0000000088880000, 0x00000000d5580000)
  object space 139776K, 99% used [0x0000000080000000,0x0000000088846370,0x0000000088880000)
 Metaspace       used 64543K, committed 66112K, reserved 1114112K
  class space    used 6824K, committed 7488K, reserved 1048576K
}
Event: 70.456 GC heap before
{Heap before GC invocations=189 (full 3):
 PSYoungGen      total 4608K, used 4351K [0x00000000d5580000, 0x00000000d5b00000, 0x0000000100000000)
  eden space 4096K, 99% used [0x00000000d5580000,0x00000000d597ffa0,0x00000000d5980000)
  from space 512K, 50% used [0x00000000d5a00000,0x00000000d5a40000,0x00000000d5a80000)
  to   space 512K, 0% used [0x00000000d5a80000,0x00000000d5a80000,0x00000000d5b00000)
 ParOldGen       total 139776K, used 139544K [0x0000000080000000, 0x0000000088880000, 0x00000000d5580000)
  object space 139776K, 99% used [0x0000000080000000,0x0000000088846370,0x0000000088880000)
 Metaspace       used 64552K, committed 66112K, reserved 1114112K
  class space    used 6826K, committed 7488K, reserved 1048576K
}
Event: 70.460 GC heap after
{Heap after GC invocations=189 (full 3):
 PSYoungGen      total 4608K, used 512K [0x00000000d5580000, 0x00000000d5b80000, 0x0000000100000000)
  eden space 4096K, 0% used [0x00000000d5580000,0x00000000d5580000,0x00000000d5980000)
  from space 512K, 100% used [0x00000000d5a80000,0x00000000d5b00000,0x00000000d5b00000)
  to   space 1024K, 0% used [0x00000000d5980000,0x00000000d5980000,0x00000000d5a80000)
 ParOldGen       total 139776K, used 139728K [0x0000000080000000, 0x0000000088880000, 0x00000000d5580000)
  object space 139776K, 99% used [0x0000000080000000,0x0000000088874370,0x0000000088880000)
 Metaspace       used 64552K, committed 66112K, reserved 1114112K
  class space    used 6826K, committed 7488K, reserved 1048576K
}
Event: 70.989 GC heap before
{Heap before GC invocations=190 (full 3):
 PSYoungGen      total 4608K, used 4607K [0x00000000d5580000, 0x00000000d5b80000, 0x0000000100000000)
  eden space 4096K, 99% used [0x00000000d5580000,0x00000000d597fff0,0x00000000d5980000)
  from space 512K, 100% used [0x00000000d5a80000,0x00000000d5b00000,0x00000000d5b00000)
  to   space 1024K, 0% used [0x00000000d5980000,0x00000000d5980000,0x00000000d5a80000)
 ParOldGen       total 139776K, used 139728K [0x0000000080000000, 0x0000000088880000, 0x00000000d5580000)
  object space 139776K, 99% used [0x0000000080000000,0x0000000088874370,0x0000000088880000)
 Metaspace       used 64782K, committed 66368K, reserved 1114112K
  class space    used 6853K, committed 7552K, reserved 1048576K
}
Event: 70.993 GC heap after
{Heap after GC invocations=190 (full 3):
 PSYoungGen      total 5120K, used 440K [0x00000000d5580000, 0x00000000d5b80000, 0x0000000100000000)
  eden space 4096K, 0% used [0x00000000d5580000,0x00000000d5580000,0x00000000d5980000)
  from space 1024K, 43% used [0x00000000d5980000,0x00000000d59ee1a8,0x00000000d5a80000)
  to   space 1024K, 0% used [0x00000000d5a80000,0x00000000d5a80000,0x00000000d5b80000)
 ParOldGen       total 140288K, used 140224K [0x0000000080000000, 0x0000000088900000, 0x00000000d5580000)
  object space 140288K, 99% used [0x0000000080000000,0x00000000888f0390,0x0000000088900000)
 Metaspace       used 64782K, committed 66368K, reserved 1114112K
  class space    used 6853K, committed 7552K, reserved 1048576K
}
Event: 71.110 GC heap before
{Heap before GC invocations=191 (full 3):
 PSYoungGen      total 5120K, used 4536K [0x00000000d5580000, 0x00000000d5b80000, 0x0000000100000000)
  eden space 4096K, 100% used [0x00000000d5580000,0x00000000d5980000,0x00000000d5980000)
  from space 1024K, 43% used [0x00000000d5980000,0x00000000d59ee1a8,0x00000000d5a80000)
  to   space 1024K, 0% used [0x00000000d5a80000,0x00000000d5a80000,0x00000000d5b80000)
 ParOldGen       total 140288K, used 140224K [0x0000000080000000, 0x0000000088900000, 0x00000000d5580000)
  object space 140288K, 99% used [0x0000000080000000,0x00000000888f0390,0x0000000088900000)
 Metaspace       used 65107K, committed 66688K, reserved 1114112K
  class space    used 6888K, committed 7552K, reserved 1048576K
}
Event: 71.115 GC heap after
{Heap after GC invocations=191 (full 3):
 PSYoungGen      total 4608K, used 416K [0x00000000d5580000, 0x00000000d5b00000, 0x0000000100000000)
  eden space 4096K, 0% used [0x00000000d5580000,0x00000000d5580000,0x00000000d5980000)
  from space 512K, 81% used [0x00000000d5a80000,0x00000000d5ae8020,0x00000000d5b00000)
  to   space 512K, 0% used [0x00000000d5a00000,0x00000000d5a00000,0x00000000d5a80000)
 ParOldGen       total 140800K, used 140474K [0x0000000080000000, 0x0000000088980000, 0x00000000d5580000)
  object space 140800K, 99% used [0x0000000080000000,0x000000008892eba8,0x0000000088980000)
 Metaspace       used 65107K, committed 66688K, reserved 1114112K
  class space    used 6888K, committed 7552K, reserved 1048576K
}
Event: 71.348 GC heap before
{Heap before GC invocations=192 (full 3):
 PSYoungGen      total 4608K, used 4512K [0x00000000d5580000, 0x00000000d5b00000, 0x0000000100000000)
  eden space 4096K, 100% used [0x00000000d5580000,0x00000000d5980000,0x00000000d5980000)
  from space 512K, 81% used [0x00000000d5a80000,0x00000000d5ae8020,0x00000000d5b00000)
  to   space 512K, 0% used [0x00000000d5a00000,0x00000000d5a00000,0x00000000d5a80000)
 ParOldGen       total 140800K, used 140474K [0x0000000080000000, 0x0000000088980000, 0x00000000d5580000)
  object space 140800K, 99% used [0x0000000080000000,0x000000008892eba8,0x0000000088980000)
 Metaspace       used 65167K, committed 66688K, reserved 1114112K
  class space    used 6895K, committed 7552K, reserved 1048576K
}
Event: 71.354 GC heap after
{Heap after GC invocations=192 (full 3):
 PSYoungGen      total 4608K, used 499K [0x00000000d5580000, 0x00000000d5b80000, 0x0000000100000000)
  eden space 4096K, 0% used [0x00000000d5580000,0x00000000d5580000,0x00000000d5980000)
  from space 512K, 97% used [0x00000000d5a00000,0x00000000d5a7ccd0,0x00000000d5a80000)
  to   space 1024K, 0% used [0x00000000d5a80000,0x00000000d5a80000,0x00000000d5b80000)
 ParOldGen       total 140800K, used 140708K [0x0000000080000000, 0x0000000088980000, 0x00000000d5580000)
  object space 140800K, 99% used [0x0000000080000000,0x0000000088969238,0x0000000088980000)
 Metaspace       used 65167K, committed 66688K, reserved 1114112K
  class space    used 6895K, committed 7552K, reserved 1048576K
}

