# JRE version: OpenJDK Runtime Environment Temurin-21.0.11+10 (21.0.11+10) (build 21.0.11+10-LTS)
# Java VM: OpenJDK 64-Bit Server VM Temurin-21.0.11+10 (21.0.11+10-LTS, mixed mode, sharing, tiered, compressed oops, compressed class ptrs, parallel gc, windows-amd64)
GC Precious Log:
 CardTable entry size: 512
 CPUs: 12 total, 12 available
 Memory: 5978M
 Large Page Support: Disabled
 NUMA Support: Disabled
 Compressed Oops: Enabled (32-bit)
 Alignments: Space 512K, Generation 512K, Heap 2M
 Heap Min Capacity: 100M
 Heap Initial Capacity: 100M
 Heap Max Capacity: 2G
 Pre-touch: Disabled
 Parallel Workers: 10
Heap:
 PSYoungGen      total 8192K, used 5043K [0x00000000d5580000, 0x00000000d6480000, 0x0000000100000000)
  eden space 6656K, 52% used [0x00000000d5580000,0x00000000d58f0228,0x00000000d5c00000)
  from space 1536K, 99% used [0x00000000d5f80000,0x00000000d60fcac8,0x00000000d6100000)
  to   space 3584K, 0% used [0x00000000d5c00000,0x00000000d5c00000,0x00000000d5f80000)
 ParOldGen       total 110592K, used 110477K [0x0000000080000000, 0x0000000086c00000, 0x00000000d5580000)
  object space 110592K, 99% used [0x0000000080000000,0x0000000086be3590,0x0000000086c00000)
 Metaspace       used 55689K, committed 57024K, reserved 1114112K
  class space    used 6040K, committed 6656K, reserved 1048576K
GC Heap History (20 events):
Event: 18.758 GC heap before
{Heap before GC invocations=50 (full 2):
 PSYoungGen      total 10240K, used 9926K [0x00000000d5580000, 0x00000000d6280000, 0x0000000100000000)
  eden space 8192K, 100% used [0x00000000d5580000,0x00000000d5d80000,0x00000000d5d80000)
  from space 2048K, 84% used [0x00000000d5d80000,0x00000000d5f31bc0,0x00000000d5f80000)
  to   space 2560K, 0% used [0x00000000d6000000,0x00000000d6000000,0x00000000d6280000)
 ParOldGen       total 92672K, used 92474K [0x0000000080000000, 0x0000000085a80000, 0x00000000d5580000)
  object space 92672K, 99% used [0x0000000080000000,0x0000000085a4e9d8,0x0000000085a80000)
 Metaspace       used 55054K, committed 56384K, reserved 1114112K
  class space    used 5992K, committed 6592K, reserved 1048576K
}
Event: 18.764 GC heap after
{Heap after GC invocations=50 (full 2):
 PSYoungGen      total 10240K, used 1723K [0x00000000d5580000, 0x00000000d6200000, 0x0000000100000000)
  eden space 8192K, 0% used [0x00000000d5580000,0x00000000d5580000,0x00000000d5d80000)
  from space 2048K, 84% used [0x00000000d6000000,0x00000000d61aeeb0,0x00000000d6200000)
  to   space 2048K, 0% used [0x00000000d5d80000,0x00000000d5d80000,0x00000000d5f80000)
 ParOldGen       total 94208K, used 94016K [0x0000000080000000, 0x0000000085c00000, 0x00000000d5580000)
  object space 94208K, 99% used [0x0000000080000000,0x0000000085bd0188,0x0000000085c00000)
 Metaspace       used 55054K, committed 56384K, reserved 1114112K
  class space    used 5992K, committed 6592K, reserved 1048576K
}
Event: 18.847 GC heap before
{Heap before GC invocations=51 (full 2):
 PSYoungGen      total 10240K, used 9915K [0x00000000d5580000, 0x00000000d6200000, 0x0000000100000000)
  eden space 8192K, 100% used [0x00000000d5580000,0x00000000d5d80000,0x00000000d5d80000)
  from space 2048K, 84% used [0x00000000d6000000,0x00000000d61aeeb0,0x00000000d6200000)
  to   space 2048K, 0% used [0x00000000d5d80000,0x00000000d5d80000,0x00000000d5f80000)
 ParOldGen       total 94208K, used 94016K [0x0000000080000000, 0x0000000085c00000, 0x00000000d5580000)
  object space 94208K, 99% used [0x0000000080000000,0x0000000085bd0188,0x0000000085c00000)
 Metaspace       used 55144K, committed 56448K, reserved 1114112K
  class space    used 6007K, committed 6592K, reserved 1048576K
}
Event: 18.852 GC heap after
{Heap after GC invocations=51 (full 2):
 PSYoungGen      total 10240K, used 2044K [0x00000000d5580000, 0x00000000d6580000, 0x0000000100000000)
  eden space 8192K, 0% used [0x00000000d5580000,0x00000000d5580000,0x00000000d5d80000)
  from space 2048K, 99% used [0x00000000d5d80000,0x00000000d5f7f058,0x00000000d5f80000)
  to   space 4096K, 0% used [0x00000000d6180000,0x00000000d6180000,0x00000000d6580000)
 ParOldGen       total 95744K, used 95673K [0x0000000080000000, 0x0000000085d80000, 0x00000000d5580000)
  object space 95744K, 99% used [0x0000000080000000,0x0000000085d6e7c0,0x0000000085d80000)
 Metaspace       used 55144K, committed 56448K, reserved 1114112K
  class space    used 6007K, committed 6592K, reserved 1048576K
}
Event: 18.917 GC heap before
{Heap before GC invocations=52 (full 2):
 PSYoungGen      total 10240K, used 10236K [0x00000000d5580000, 0x00000000d6580000, 0x0000000100000000)
  eden space 8192K, 100% used [0x00000000d5580000,0x00000000d5d80000,0x00000000d5d80000)
  from space 2048K, 99% used [0x00000000d5d80000,0x00000000d5f7f058,0x00000000d5f80000)
  to   space 4096K, 0% used [0x00000000d6180000,0x00000000d6180000,0x00000000d6580000)
 ParOldGen       total 95744K, used 95673K [0x0000000080000000, 0x0000000085d80000, 0x00000000d5580000)
  object space 95744K, 99% used [0x0000000080000000,0x0000000085d6e7c0,0x0000000085d80000)
 Metaspace       used 55339K, committed 56704K, reserved 1114112K
  class space    used 6027K, committed 6656K, reserved 1048576K
}
Event: 18.923 GC heap after
{Heap after GC invocations=52 (full 2):
 PSYoungGen      total 10240K, used 2043K [0x00000000d5580000, 0x00000000d6380000, 0x0000000100000000)
  eden space 8192K, 0% used [0x00000000d5580000,0x00000000d5580000,0x00000000d5d80000)
  from space 2048K, 99% used [0x00000000d6180000,0x00000000d637efe0,0x00000000d6380000)
  to   space 3072K, 0% used [0x00000000d5d80000,0x00000000d5d80000,0x00000000d6080000)
 ParOldGen       total 97792K, used 97706K [0x0000000080000000, 0x0000000085f80000, 0x00000000d5580000)
  object space 97792K, 99% used [0x0000000080000000,0x0000000085f6ab60,0x0000000085f80000)
 Metaspace       used 55339K, committed 56704K, reserved 1114112K
  class space    used 6027K, committed 6656K, reserved 1048576K
}
Event: 19.013 GC heap before
{Heap before GC invocations=53 (full 2):
 PSYoungGen      total 10240K, used 10235K [0x00000000d5580000, 0x00000000d6380000, 0x0000000100000000)
  eden space 8192K, 100% used [0x00000000d5580000,0x00000000d5d80000,0x00000000d5d80000)
  from space 2048K, 99% used [0x00000000d6180000,0x00000000d637efe0,0x00000000d6380000)
  to   space 3072K, 0% used [0x00000000d5d80000,0x00000000d5d80000,0x00000000d6080000)
 ParOldGen       total 97792K, used 97706K [0x0000000080000000, 0x0000000085f80000, 0x00000000d5580000)
  object space 97792K, 99% used [0x0000000080000000,0x0000000085f6ab60,0x0000000085f80000)
 Metaspace       used 55469K, committed 56768K, reserved 1114112K
  class space    used 6038K, committed 6656K, reserved 1048576K
}
Event: 19.018 GC heap after
{Heap after GC invocations=53 (full 2):
 PSYoungGen      total 10240K, used 1901K [0x00000000d5580000, 0x00000000d6280000, 0x0000000100000000)
  eden space 8192K, 0% used [0x00000000d5580000,0x00000000d5580000,0x00000000d5d80000)
  from space 2048K, 92% used [0x00000000d5d80000,0x00000000d5f5b660,0x00000000d5f80000)
  to   space 2560K, 0% used [0x00000000d6000000,0x00000000d6000000,0x00000000d6280000)
 ParOldGen       total 99840K, used 99629K [0x0000000080000000, 0x0000000086180000, 0x00000000d5580000)
  object space 99840K, 99% used [0x0000000080000000,0x000000008614b488,0x0000000086180000)
 Metaspace       used 55469K, committed 56768K, reserved 1114112K
  class space    used 6038K, committed 6656K, reserved 1048576K
}
Event: 19.133 GC heap before
{Heap before GC invocations=54 (full 2):
 PSYoungGen      total 10240K, used 10093K [0x00000000d5580000, 0x00000000d6280000, 0x0000000100000000)
  eden space 8192K, 100% used [0x00000000d5580000,0x00000000d5d80000,0x00000000d5d80000)
  from space 2048K, 92% used [0x00000000d5d80000,0x00000000d5f5b660,0x00000000d5f80000)
  to   space 2560K, 0% used [0x00000000d6000000,0x00000000d6000000,0x00000000d6280000)
 ParOldGen       total 99840K, used 99629K [0x0000000080000000, 0x0000000086180000, 0x00000000d5580000)
  object space 99840K, 99% used [0x0000000080000000,0x000000008614b488,0x0000000086180000)
 Metaspace       used 55516K, committed 56832K, reserved 1114112K
  class space    used 6039K, committed 6656K, reserved 1048576K
}
Event: 19.139 GC heap after
{Heap after GC invocations=54 (full 2):
 PSYoungGen      total 10240K, used 1633K [0x00000000d5580000, 0x00000000d6200000, 0x0000000100000000)
  eden space 8192K, 0% used [0x00000000d5580000,0x00000000d5580000,0x00000000d5d80000)
  from space 2048K, 79% used [0x00000000d6000000,0x00000000d61985e8,0x00000000d6200000)
  to   space 2048K, 0% used [0x00000000d5d80000,0x00000000d5d80000,0x00000000d5f80000)
 ParOldGen       total 101376K, used 101263K [0x0000000080000000, 0x0000000086300000, 0x00000000d5580000)
  object space 101376K, 99% used [0x0000000080000000,0x00000000862e3dd0,0x0000000086300000)
 Metaspace       used 55516K, committed 56832K, reserved 1114112K
  class space    used 6039K, committed 6656K, reserved 1048576K
}
Event: 19.255 GC heap before
{Heap before GC invocations=55 (full 2):
 PSYoungGen      total 10240K, used 9825K [0x00000000d5580000, 0x00000000d6200000, 0x0000000100000000)
  eden space 8192K, 100% used [0x00000000d5580000,0x00000000d5d80000,0x00000000d5d80000)
  from space 2048K, 79% used [0x00000000d6000000,0x00000000d61985e8,0x00000000d6200000)
  to   space 2048K, 0% used [0x00000000d5d80000,0x00000000d5d80000,0x00000000d5f80000)
 ParOldGen       total 101376K, used 101263K [0x0000000080000000, 0x0000000086300000, 0x00000000d5580000)
  object space 101376K, 99% used [0x0000000080000000,0x00000000862e3dd0,0x0000000086300000)
 Metaspace       used 55564K, committed 56960K, reserved 1114112K
  class space    used 6040K, committed 6656K, reserved 1048576K
}
Event: 19.260 GC heap after
{Heap after GC invocations=55 (full 2):
 PSYoungGen      total 10240K, used 1727K [0x00000000d5580000, 0x00000000d6180000, 0x0000000100000000)
  eden space 8192K, 0% used [0x00000000d5580000,0x00000000d5580000,0x00000000d5d80000)
  from space 2048K, 84% used [0x00000000d5d80000,0x00000000d5f2fef0,0x00000000d5f80000)
  to   space 2048K, 0% used [0x00000000d5f80000,0x00000000d5f80000,0x00000000d6180000)
 ParOldGen       total 102912K, used 102742K [0x0000000080000000, 0x0000000086480000, 0x00000000d5580000)
  object space 102912K, 99% used [0x0000000080000000,0x0000000086455b78,0x0000000086480000)
 Metaspace       used 55564K, committed 56960K, reserved 1114112K
  class space    used 6040K, committed 6656K, reserved 1048576K
}
Event: 19.371 GC heap before
{Heap before GC invocations=56 (full 2):
 PSYoungGen      total 10240K, used 9919K [0x00000000d5580000, 0x00000000d6180000, 0x0000000100000000)
  eden space 8192K, 100% used [0x00000000d5580000,0x00000000d5d80000,0x00000000d5d80000)
  from space 2048K, 84% used [0x00000000d5d80000,0x00000000d5f2fef0,0x00000000d5f80000)
  to   space 2048K, 0% used [0x00000000d5f80000,0x00000000d5f80000,0x00000000d6180000)
 ParOldGen       total 102912K, used 102742K [0x0000000080000000, 0x0000000086480000, 0x00000000d5580000)
  object space 102912K, 99% used [0x0000000080000000,0x0000000086455b78,0x0000000086480000)
 Metaspace       used 55606K, committed 56960K, reserved 1114112K
  class space    used 6040K, committed 6656K, reserved 1048576K
}
Event: 19.377 GC heap after
{Heap after GC invocations=56 (full 2):
 PSYoungGen      total 10240K, used 1472K [0x00000000d5580000, 0x00000000d6180000, 0x0000000100000000)
  eden space 8192K, 0% used [0x00000000d5580000,0x00000000d5580000,0x00000000d5d80000)
  from space 2048K, 71% used [0x00000000d5f80000,0x00000000d60f0000,0x00000000d6180000)
  to   space 2048K, 0% used [0x00000000d5d80000,0x00000000d5d80000,0x00000000d5f80000)
 ParOldGen       total 104448K, used 104324K [0x0000000080000000, 0x0000000086600000, 0x00000000d5580000)
  object space 104448K, 99% used [0x0000000080000000,0x00000000865e12b8,0x0000000086600000)
 Metaspace       used 55606K, committed 56960K, reserved 1114112K
  class space    used 6040K, committed 6656K, reserved 1048576K
}
Event: 19.473 GC heap before
{Heap before GC invocations=57 (full 2):
 PSYoungGen      total 10240K, used 9664K [0x00000000d5580000, 0x00000000d6180000, 0x0000000100000000)
  eden space 8192K, 100% used [0x00000000d5580000,0x00000000d5d80000,0x00000000d5d80000)
  from space 2048K, 71% used [0x00000000d5f80000,0x00000000d60f0000,0x00000000d6180000)
  to   space 2048K, 0% used [0x00000000d5d80000,0x00000000d5d80000,0x00000000d5f80000)
 ParOldGen       total 104448K, used 104324K [0x0000000080000000, 0x0000000086600000, 0x00000000d5580000)
  object space 104448K, 99% used [0x0000000080000000,0x00000000865e12b8,0x0000000086600000)
 Metaspace       used 55625K, committed 56960K, reserved 1114112K
  class space    used 6040K, committed 6656K, reserved 1048576K
}
Event: 19.478 GC heap after
{Heap after GC invocations=57 (full 2):
 PSYoungGen      total 10240K, used 1534K [0x00000000d5580000, 0x00000000d6180000, 0x0000000100000000)
  eden space 8192K, 0% used [0x00000000d5580000,0x00000000d5580000,0x00000000d5d80000)
  from space 2048K, 74% used [0x00000000d5d80000,0x00000000d5effa60,0x00000000d5f80000)
  to   space 2048K, 0% used [0x00000000d5f80000,0x00000000d5f80000,0x00000000d6180000)
 ParOldGen       total 105984K, used 105662K [0x0000000080000000, 0x0000000086780000, 0x00000000d5580000)
  object space 105984K, 99% used [0x0000000080000000,0x000000008672f8e0,0x0000000086780000)
 Metaspace       used 55625K, committed 56960K, reserved 1114112K
  class space    used 6040K, committed 6656K, reserved 1048576K
}
Event: 19.549 GC heap before
{Heap before GC invocations=58 (full 2):
 PSYoungGen      total 10240K, used 9726K [0x00000000d5580000, 0x00000000d6180000, 0x0000000100000000)
  eden space 8192K, 100% used [0x00000000d5580000,0x00000000d5d80000,0x00000000d5d80000)
  from space 2048K, 74% used [0x00000000d5d80000,0x00000000d5effa60,0x00000000d5f80000)
  to   space 2048K, 0% used [0x00000000d5f80000,0x00000000d5f80000,0x00000000d6180000)
 ParOldGen       total 105984K, used 105662K [0x0000000080000000, 0x0000000086780000, 0x00000000d5580000)
  object space 105984K, 99% used [0x0000000080000000,0x000000008672f8e0,0x0000000086780000)
 Metaspace       used 55640K, committed 56960K, reserved 1114112K
  class space    used 6040K, committed 6656K, reserved 1048576K
}
Event: 19.553 GC heap after
{Heap after GC invocations=58 (full 2):
 PSYoungGen      total 9728K, used 1491K [0x00000000d5580000, 0x00000000d6100000, 0x0000000100000000)
  eden space 8192K, 0% used [0x00000000d5580000,0x00000000d5580000,0x00000000d5d80000)
  from space 1536K, 97% used [0x00000000d5f80000,0x00000000d60f4fa8,0x00000000d6100000)
  to   space 1536K, 0% used [0x00000000d5e00000,0x00000000d5e00000,0x00000000d5f80000)
 ParOldGen       total 107520K, used 107084K [0x0000000080000000, 0x0000000086900000, 0x00000000d5580000)
  object space 107520K, 99% used [0x0000000080000000,0x0000000086893378,0x0000000086900000)
 Metaspace       used 55640K, committed 56960K, reserved 1114112K
  class space    used 6040K, committed 6656K, reserved 1048576K
}
Event: 19.632 GC heap before
{Heap before GC invocations=59 (full 2):
 PSYoungGen      total 9728K, used 9683K [0x00000000d5580000, 0x00000000d6100000, 0x0000000100000000)
  eden space 8192K, 100% used [0x00000000d5580000,0x00000000d5d80000,0x00000000d5d80000)
  from space 1536K, 97% used [0x00000000d5f80000,0x00000000d60f4fa8,0x00000000d6100000)
  to   space 1536K, 0% used [0x00000000d5e00000,0x00000000d5e00000,0x00000000d5f80000)
 ParOldGen       total 107520K, used 107084K [0x0000000080000000, 0x0000000086900000, 0x00000000d5580000)
  object space 107520K, 99% used [0x0000000080000000,0x0000000086893378,0x0000000086900000)
 Metaspace       used 55661K, committed 57024K, reserved 1114112K
  class space    used 6040K, committed 6656K, reserved 1048576K
}
Event: 21.642 GC heap after
{Heap after GC invocations=59 (full 2):
 PSYoungGen      total 9728K, used 1505K [0x00000000d5580000, 0x00000000d6100000, 0x0000000100000000)
  eden space 8192K, 0% used [0x00000000d5580000,0x00000000d5580000,0x00000000d5d80000)
  from space 1536K, 98% used [0x00000000d5e00000,0x00000000d5f786c8,0x00000000d5f80000)
  to   space 1536K, 0% used [0x00000000d5f80000,0x00000000d5f80000,0x00000000d6100000)
 ParOldGen       total 109056K, used 108979K [0x0000000080000000, 0x0000000086a80000, 0x00000000d5580000)
  object space 109056K, 99% used [0x0000000080000000,0x0000000086a6ced0,0x0000000086a80000)
 Metaspace       used 55661K, committed 57024K, reserved 1114112K
  class space    used 6040K, committed 6656K, reserved 1048576K
}

