# JRE version: OpenJDK Runtime Environment Temurin-21.0.11+10 (21.0.11+10) (build 21.0.11+10-LTS)
# Java VM: OpenJDK 64-Bit Server VM Temurin-21.0.11+10 (21.0.11+10-LTS, mixed mode, sharing, tiered, compressed oops, compressed class ptrs, parallel gc, windows-amd64)
GC Precious Log:
 CardTable entry size: 512
 CPUs: 12 total, 12 available
 Memory: 5978M
 Large Page Support: Disabled
 NUMA Support: Disabled
 Compressed Oops: Enabled (32-bit)
 Alignments: Space 512K, Generation 512K, Heap 2M
 Heap Min Capacity: 100M
 Heap Initial Capacity: 100M
 Heap Max Capacity: 2G
 Pre-touch: Disabled
 Parallel Workers: 10
Heap:
 PSYoungGen      total 2048K, used 2047K [0x00000000d5580000, 0x00000000d5900000, 0x0000000100000000)
  eden space 1536K, 100% used [0x00000000d5580000,0x00000000d5700000,0x00000000d5700000)
  from space 512K, 99% used [0x00000000d5800000,0x00000000d587ffe8,0x00000000d5880000)
  to   space 1024K, 0% used [0x00000000d5700000,0x00000000d5700000,0x00000000d5800000)
 ParOldGen       total 268800K, used 268755K [0x0000000080000000, 0x0000000090680000, 0x00000000d5580000)
  object space 268800K, 99% used [0x0000000080000000,0x0000000090674ec0,0x0000000090680000)
 Metaspace       used 66504K, committed 68160K, reserved 1114112K
  class space    used 6869K, committed 7616K, reserved 1048576K
GC Heap History (20 events):
Event: 212.286 GC heap before
{Heap before GC invocations=708 (full 4):
 PSYoungGen      total 3584K, used 3088K [0x00000000d5580000, 0x00000000d5a00000, 0x0000000100000000)
  eden space 2560K, 100% used [0x00000000d5580000,0x00000000d5800000,0x00000000d5800000)
  from space 1024K, 51% used [0x00000000d5900000,0x00000000d5984200,0x00000000d5a00000)
  to   space 1024K, 0% used [0x00000000d5800000,0x00000000d5800000,0x00000000d5900000)
 ParOldGen       total 265728K, used 265303K [0x0000000080000000, 0x0000000090380000, 0x00000000d5580000)
  object space 265728K, 99% used [0x0000000080000000,0x0000000090315da8,0x0000000090380000)
 Metaspace       used 66419K, committed 68096K, reserved 1114112K
  class space    used 6868K, committed 7616K, reserved 1048576K
}
Event: 212.289 GC heap after
{Heap after GC invocations=708 (full 4):
 PSYoungGen      total 3584K, used 515K [0x00000000d5580000, 0x00000000d5a00000, 0x0000000100000000)
  eden space 2560K, 0% used [0x00000000d5580000,0x00000000d5580000,0x00000000d5800000)
  from space 1024K, 50% used [0x00000000d5800000,0x00000000d5880d90,0x00000000d5900000)
  to   space 1024K, 0% used [0x00000000d5900000,0x00000000d5900000,0x00000000d5a00000)
 ParOldGen       total 265728K, used 265657K [0x0000000080000000, 0x0000000090380000, 0x00000000d5580000)
  object space 265728K, 99% used [0x0000000080000000,0x000000009036e7e0,0x0000000090380000)
 Metaspace       used 66419K, committed 68096K, reserved 1114112K
  class space    used 6868K, committed 7616K, reserved 1048576K
}
Event: 212.312 GC heap before
{Heap before GC invocations=709 (full 4):
 PSYoungGen      total 3584K, used 3075K [0x00000000d5580000, 0x00000000d5a00000, 0x0000000100000000)
  eden space 2560K, 100% used [0x00000000d5580000,0x00000000d5800000,0x00000000d5800000)
  from space 1024K, 50% used [0x00000000d5800000,0x00000000d5880d90,0x00000000d5900000)
  to   space 1024K, 0% used [0x00000000d5900000,0x00000000d5900000,0x00000000d5a00000)
 ParOldGen       total 265728K, used 265657K [0x0000000080000000, 0x0000000090380000, 0x00000000d5580000)
  object space 265728K, 99% used [0x0000000080000000,0x000000009036e7e0,0x0000000090380000)
 Metaspace       used 66419K, committed 68096K, reserved 1114112K
  class space    used 6868K, committed 7616K, reserved 1048576K
}
Event: 212.315 GC heap after
{Heap after GC invocations=709 (full 4):
 PSYoungGen      total 2560K, used 1016K [0x00000000d5580000, 0x00000000d5c00000, 0x0000000100000000)
  eden space 1536K, 0% used [0x00000000d5580000,0x00000000d5580000,0x00000000d5700000)
  from space 1024K, 99% used [0x00000000d5900000,0x00000000d59fe338,0x00000000d5a00000)
  to   space 2048K, 0% used [0x00000000d5700000,0x00000000d5700000,0x00000000d5900000)
 ParOldGen       total 266240K, used 266053K [0x0000000080000000, 0x0000000090400000, 0x00000000d5580000)
  object space 266240K, 99% used [0x0000000080000000,0x00000000903d1768,0x0000000090400000)
 Metaspace       used 66419K, committed 68096K, reserved 1114112K
  class space    used 6868K, committed 7616K, reserved 1048576K
}
Event: 212.459 GC heap before
{Heap before GC invocations=710 (full 4):
 PSYoungGen      total 2560K, used 2522K [0x00000000d5580000, 0x00000000d5c00000, 0x0000000100000000)
  eden space 1536K, 98% used [0x00000000d5580000,0x00000000d56f8738,0x00000000d5700000)
  from space 1024K, 99% used [0x00000000d5900000,0x00000000d59fe338,0x00000000d5a00000)
  to   space 2048K, 0% used [0x00000000d5700000,0x00000000d5700000,0x00000000d5900000)
 ParOldGen       total 266240K, used 266053K [0x0000000080000000, 0x0000000090400000, 0x00000000d5580000)
  object space 266240K, 99% used [0x0000000080000000,0x00000000903d1768,0x0000000090400000)
 Metaspace       used 66421K, committed 68096K, reserved 1114112K
  class space    used 6868K, committed 7616K, reserved 1048576K
}
Event: 212.466 GC heap after
{Heap after GC invocations=710 (full 4):
 PSYoungGen      total 2048K, used 288K [0x00000000d5580000, 0x00000000d5980000, 0x0000000100000000)
  eden space 1536K, 0% used [0x00000000d5580000,0x00000000d5580000,0x00000000d5700000)
  from space 512K, 56% used [0x00000000d5700000,0x00000000d5748000,0x00000000d5780000)
  to   space 1024K, 0% used [0x00000000d5880000,0x00000000d5880000,0x00000000d5980000)
 ParOldGen       total 266752K, used 266477K [0x0000000080000000, 0x0000000090480000, 0x00000000d5580000)
  object space 266752K, 99% used [0x0000000080000000,0x000000009043b7b0,0x0000000090480000)
 Metaspace       used 66421K, committed 68096K, reserved 1114112K
  class space    used 6868K, committed 7616K, reserved 1048576K
}
Event: 212.600 GC heap before
{Heap before GC invocations=711 (full 4):
 PSYoungGen      total 2048K, used 1824K [0x00000000d5580000, 0x00000000d5980000, 0x0000000100000000)
  eden space 1536K, 100% used [0x00000000d5580000,0x00000000d5700000,0x00000000d5700000)
  from space 512K, 56% used [0x00000000d5700000,0x00000000d5748000,0x00000000d5780000)
  to   space 1024K, 0% used [0x00000000d5880000,0x00000000d5880000,0x00000000d5980000)
 ParOldGen       total 266752K, used 266477K [0x0000000080000000, 0x0000000090480000, 0x00000000d5580000)
  object space 266752K, 99% used [0x0000000080000000,0x000000009043b7b0,0x0000000090480000)
 Metaspace       used 66425K, committed 68096K, reserved 1114112K
  class space    used 6868K, committed 7616K, reserved 1048576K
}
Event: 212.608 GC heap after
{Heap after GC invocations=711 (full 4):
 PSYoungGen      total 2048K, used 375K [0x00000000d5580000, 0x00000000d5900000, 0x0000000100000000)
  eden space 1536K, 0% used [0x00000000d5580000,0x00000000d5580000,0x00000000d5700000)
  from space 512K, 73% used [0x00000000d5880000,0x00000000d58ddd28,0x00000000d5900000)
  to   space 512K, 0% used [0x00000000d5700000,0x00000000d5700000,0x00000000d5780000)
 ParOldGen       total 266752K, used 266605K [0x0000000080000000, 0x0000000090480000, 0x00000000d5580000)
  object space 266752K, 99% used [0x0000000080000000,0x000000009045b408,0x0000000090480000)
 Metaspace       used 66425K, committed 68096K, reserved 1114112K
  class space    used 6868K, committed 7616K, reserved 1048576K
}
Event: 212.678 GC heap before
{Heap before GC invocations=712 (full 4):
 PSYoungGen      total 2048K, used 1911K [0x00000000d5580000, 0x00000000d5900000, 0x0000000100000000)
  eden space 1536K, 99% used [0x00000000d5580000,0x00000000d56fffd0,0x00000000d5700000)
  from space 512K, 73% used [0x00000000d5880000,0x00000000d58ddd28,0x00000000d5900000)
  to   space 512K, 0% used [0x00000000d5700000,0x00000000d5700000,0x00000000d5780000)
 ParOldGen       total 266752K, used 266605K [0x0000000080000000, 0x0000000090480000, 0x00000000d5580000)
  object space 266752K, 99% used [0x0000000080000000,0x000000009045b408,0x0000000090480000)
 Metaspace       used 66442K, committed 68096K, reserved 1114112K
  class space    used 6868K, committed 7616K, reserved 1048576K
}
Event: 212.684 GC heap after
{Heap after GC invocations=712 (full 4):
 PSYoungGen      total 2048K, used 451K [0x00000000d5580000, 0x00000000d5900000, 0x0000000100000000)
  eden space 1536K, 0% used [0x00000000d5580000,0x00000000d5580000,0x00000000d5700000)
  from space 512K, 88% used [0x00000000d5700000,0x00000000d5770ed8,0x00000000d5780000)
  to   space 512K, 0% used [0x00000000d5880000,0x00000000d5880000,0x00000000d5900000)
 ParOldGen       total 267264K, used 266880K [0x0000000080000000, 0x0000000090500000, 0x00000000d5580000)
  object space 267264K, 99% used [0x0000000080000000,0x00000000904a0098,0x0000000090500000)
 Metaspace       used 66442K, committed 68096K, reserved 1114112K
  class space    used 6868K, committed 7616K, reserved 1048576K
}
Event: 212.755 GC heap before
{Heap before GC invocations=713 (full 4):
 PSYoungGen      total 2048K, used 1942K [0x00000000d5580000, 0x00000000d5900000, 0x0000000100000000)
  eden space 1536K, 97% used [0x00000000d5580000,0x00000000d56f4cd0,0x00000000d5700000)
  from space 512K, 88% used [0x00000000d5700000,0x00000000d5770ed8,0x00000000d5780000)
  to   space 512K, 0% used [0x00000000d5880000,0x00000000d5880000,0x00000000d5900000)
 ParOldGen       total 267264K, used 266880K [0x0000000080000000, 0x0000000090500000, 0x00000000d5580000)
  object space 267264K, 99% used [0x0000000080000000,0x00000000904a0098,0x0000000090500000)
 Metaspace       used 66446K, committed 68096K, reserved 1114112K
  class space    used 6868K, committed 7616K, reserved 1048576K
}
Event: 212.758 GC heap after
{Heap after GC invocations=713 (full 4):
 PSYoungGen      total 2048K, used 384K [0x00000000d5580000, 0x00000000d5900000, 0x0000000100000000)
  eden space 1536K, 0% used [0x00000000d5580000,0x00000000d5580000,0x00000000d5700000)
  from space 512K, 75% used [0x00000000d5880000,0x00000000d58e0000,0x00000000d5900000)
  to   space 512K, 0% used [0x00000000d5700000,0x00000000d5700000,0x00000000d5780000)
 ParOldGen       total 267264K, used 267199K [0x0000000080000000, 0x0000000090500000, 0x00000000d5580000)
  object space 267264K, 99% used [0x0000000080000000,0x00000000904efc78,0x0000000090500000)
 Metaspace       used 66446K, committed 68096K, reserved 1114112K
  class space    used 6868K, committed 7616K, reserved 1048576K
}
Event: 212.779 GC heap before
{Heap before GC invocations=714 (full 4):
 PSYoungGen      total 2048K, used 1919K [0x00000000d5580000, 0x00000000d5900000, 0x0000000100000000)
  eden space 1536K, 99% used [0x00000000d5580000,0x00000000d56ffff0,0x00000000d5700000)
  from space 512K, 75% used [0x00000000d5880000,0x00000000d58e0000,0x00000000d5900000)
  to   space 512K, 0% used [0x00000000d5700000,0x00000000d5700000,0x00000000d5780000)
 ParOldGen       total 267264K, used 267199K [0x0000000080000000, 0x0000000090500000, 0x00000000d5580000)
  object space 267264K, 99% used [0x0000000080000000,0x00000000904efc78,0x0000000090500000)
 Metaspace       used 66446K, committed 68096K, reserved 1114112K
  class space    used 6868K, committed 7616K, reserved 1048576K
}
Event: 212.781 GC heap after
{Heap after GC invocations=714 (full 4):
 PSYoungGen      total 2048K, used 512K [0x00000000d5580000, 0x00000000d5900000, 0x0000000100000000)
  eden space 1536K, 0% used [0x00000000d5580000,0x00000000d5580000,0x00000000d5700000)
  from space 512K, 100% used [0x00000000d5700000,0x00000000d5780000,0x00000000d5780000)
  to   space 1024K, 0% used [0x00000000d5800000,0x00000000d5800000,0x00000000d5900000)
 ParOldGen       total 267776K, used 267493K [0x0000000080000000, 0x0000000090580000, 0x00000000d5580000)
  object space 267776K, 99% used [0x0000000080000000,0x00000000905396b0,0x0000000090580000)
 Metaspace       used 66446K, committed 68096K, reserved 1114112K
  class space    used 6868K, committed 7616K, reserved 1048576K
}
Event: 212.817 GC heap before
{Heap before GC invocations=715 (full 4):
 PSYoungGen      total 2048K, used 2047K [0x00000000d5580000, 0x00000000d5900000, 0x0000000100000000)
  eden space 1536K, 99% used [0x00000000d5580000,0x00000000d56ffff0,0x00000000d5700000)
  from space 512K, 100% used [0x00000000d5700000,0x00000000d5780000,0x00000000d5780000)
  to   space 1024K, 0% used [0x00000000d5800000,0x00000000d5800000,0x00000000d5900000)
 ParOldGen       total 267776K, used 267493K [0x0000000080000000, 0x0000000090580000, 0x00000000d5580000)
  object space 267776K, 99% used [0x0000000080000000,0x00000000905396b0,0x0000000090580000)
 Metaspace       used 66447K, committed 68096K, reserved 1114112K
  class space    used 6868K, committed 7616K, reserved 1048576K
}
Event: 212.820 GC heap after
{Heap after GC invocations=715 (full 4):
 PSYoungGen      total 2560K, used 566K [0x00000000d5580000, 0x00000000d5900000, 0x0000000100000000)
  eden space 1536K, 0% used [0x00000000d5580000,0x00000000d5580000,0x00000000d5700000)
  from space 1024K, 55% used [0x00000000d5800000,0x00000000d588da48,0x00000000d5900000)
  to   space 1024K, 0% used [0x00000000d5700000,0x00000000d5700000,0x00000000d5800000)
 ParOldGen       total 267776K, used 267763K [0x0000000080000000, 0x0000000090580000, 0x00000000d5580000)
  object space 267776K, 99% used [0x0000000080000000,0x000000009057cfe0,0x0000000090580000)
 Metaspace       used 66447K, committed 68096K, reserved 1114112K
  class space    used 6868K, committed 7616K, reserved 1048576K
}
Event: 212.911 GC heap before
{Heap before GC invocations=716 (full 4):
 PSYoungGen      total 2560K, used 2098K [0x00000000d5580000, 0x00000000d5900000, 0x0000000100000000)
  eden space 1536K, 99% used [0x00000000d5580000,0x00000000d56fef90,0x00000000d5700000)
  from space 1024K, 55% used [0x00000000d5800000,0x00000000d588da48,0x00000000d5900000)
  to   space 1024K, 0% used [0x00000000d5700000,0x00000000d5700000,0x00000000d5800000)
 ParOldGen       total 267776K, used 267763K [0x0000000080000000, 0x0000000090580000, 0x00000000d5580000)
  object space 267776K, 99% used [0x0000000080000000,0x000000009057cfe0,0x0000000090580000)
 Metaspace       used 66459K, committed 68096K, reserved 1114112K
  class space    used 6868K, committed 7616K, reserved 1048576K
}
Event: 212.913 GC heap after
{Heap after GC invocations=716 (full 4):
 PSYoungGen      total 2560K, used 393K [0x00000000d5580000, 0x00000000d5880000, 0x0000000100000000)
  eden space 1536K, 0% used [0x00000000d5580000,0x00000000d5580000,0x00000000d5700000)
  from space 1024K, 38% used [0x00000000d5700000,0x00000000d5762688,0x00000000d5800000)
  to   space 512K, 0% used [0x00000000d5800000,0x00000000d5800000,0x00000000d5880000)
 ParOldGen       total 268288K, used 268061K [0x0000000080000000, 0x0000000090600000, 0x00000000d5580000)
  object space 268288K, 99% used [0x0000000080000000,0x00000000905c7680,0x0000000090600000)
 Metaspace       used 66459K, committed 68096K, reserved 1114112K
  class space    used 6868K, committed 7616K, reserved 1048576K
}
Event: 213.021 GC heap before
{Heap before GC invocations=717 (full 4):
 PSYoungGen      total 2560K, used 1929K [0x00000000d5580000, 0x00000000d5880000, 0x0000000100000000)
  eden space 1536K, 100% used [0x00000000d5580000,0x00000000d5700000,0x00000000d5700000)
  from space 1024K, 38% used [0x00000000d5700000,0x00000000d5762688,0x00000000d5800000)
  to   space 512K, 0% used [0x00000000d5800000,0x00000000d5800000,0x00000000d5880000)
 ParOldGen       total 268288K, used 268061K [0x0000000080000000, 0x0000000090600000, 0x00000000d5580000)
  object space 268288K, 99% used [0x0000000080000000,0x00000000905c7680,0x0000000090600000)
 Metaspace       used 66474K, committed 68160K, reserved 1114112K
  class space    used 6868K, committed 7616K, reserved 1048576K
}
Event: 213.025 GC heap after
{Heap after GC invocations=717 (full 4):
 PSYoungGen      total 2048K, used 416K [0x00000000d5580000, 0x00000000d5880000, 0x0000000100000000)
  eden space 1536K, 0% used [0x00000000d5580000,0x00000000d5580000,0x00000000d5700000)
  from space 512K, 81% used [0x00000000d5800000,0x00000000d5868000,0x00000000d5880000)
  to   space 512K, 0% used [0x00000000d5780000,0x00000000d5780000,0x00000000d5800000)
 ParOldGen       total 268288K, used 268235K [0x0000000080000000, 0x0000000090600000, 0x00000000d5580000)
  object space 268288K, 99% used [0x0000000080000000,0x00000000905f2ca0,0x0000000090600000)
 Metaspace       used 66474K, committed 68160K, reserved 1114112K
  class space    used 6868K, committed 7616K, reserved 1048576K
}

