# JRE version: OpenJDK Runtime Environment Temurin-21.0.11+10 (21.0.11+10) (build 21.0.11+10-LTS)
# Java VM: OpenJDK 64-Bit Server VM Temurin-21.0.11+10 (21.0.11+10-LTS, mixed mode, sharing, tiered, compressed oops, compressed class ptrs, parallel gc, windows-amd64)
GC Precious Log:
 CardTable entry size: 512
 CPUs: 12 total, 12 available
 Memory: 5978M
 Large Page Support: Disabled
 NUMA Support: Disabled
 Compressed Oops: Enabled (32-bit)
 Alignments: Space 512K, Generation 512K, Heap 2M
 Heap Min Capacity: 100M
 Heap Initial Capacity: 100M
 Heap Max Capacity: 2G
 Pre-touch: Disabled
 Parallel Workers: 10
Heap:
 PSYoungGen      total 13312K, used 10967K [0x00000000d5580000, 0x00000000d6480000, 0x0000000100000000)
  eden space 10240K, 97% used [0x00000000d5580000,0x00000000d5f37320,0x00000000d5f80000)
  from space 3072K, 33% used [0x00000000d5f80000,0x00000000d607ec08,0x00000000d6280000)
  to   space 1536K, 0% used [0x00000000d6300000,0x00000000d6300000,0x00000000d6480000)
 ParOldGen       total 779264K, used 779135K [0x0000000080000000, 0x00000000af900000, 0x00000000d5580000)
  object space 779264K, 99% used [0x0000000080000000,0x00000000af8dfc48,0x00000000af900000)
 Metaspace       used 74393K, committed 76096K, reserved 1179648K
  class space    used 7876K, committed 8640K, reserved 1048576K
GC Heap History (20 events):
Event: 706.790 GC heap before
{Heap before GC invocations=1982 (full 4):
 PSYoungGen      total 11264K, used 11051K [0x00000000d5580000, 0x00000000d6400000, 0x0000000100000000)
  eden space 10240K, 100% used [0x00000000d5580000,0x00000000d5f80000,0x00000000d5f80000)
  from space 1024K, 79% used [0x00000000d6200000,0x00000000d62cac48,0x00000000d6300000)
  to   space 1024K, 0% used [0x00000000d6300000,0x00000000d6300000,0x00000000d6400000)
 ParOldGen       total 766464K, used 766174K [0x0000000080000000, 0x00000000aec80000, 0x00000000d5580000)
  object space 766464K, 99% used [0x0000000080000000,0x00000000aec37998,0x00000000aec80000)
 Metaspace       used 74217K, committed 75904K, reserved 1179648K
  class space    used 7861K, committed 8640K, reserved 1048576K
}
Event: 706.808 GC heap after
{Heap after GC invocations=1982 (full 4):
 PSYoungGen      total 11264K, used 812K [0x00000000d5580000, 0x00000000d6400000, 0x0000000100000000)
  eden space 10240K, 0% used [0x00000000d5580000,0x00000000d5580000,0x00000000d5f80000)
  from space 1024K, 79% used [0x00000000d6300000,0x00000000d63cb0a0,0x00000000d6400000)
  to   space 1024K, 0% used [0x00000000d6200000,0x00000000d6200000,0x00000000d6300000)
 ParOldGen       total 766976K, used 766709K [0x0000000080000000, 0x00000000aed00000, 0x00000000d5580000)
  object space 766976K, 99% used [0x0000000080000000,0x00000000aecbd6d8,0x00000000aed00000)
 Metaspace       used 74217K, committed 75904K, reserved 1179648K
  class space    used 7861K, committed 8640K, reserved 1048576K
}
Event: 706.891 GC heap before
{Heap before GC invocations=1983 (full 4):
 PSYoungGen      total 11264K, used 11052K [0x00000000d5580000, 0x00000000d6400000, 0x0000000100000000)
  eden space 10240K, 100% used [0x00000000d5580000,0x00000000d5f80000,0x00000000d5f80000)
  from space 1024K, 79% used [0x00000000d6300000,0x00000000d63cb0a0,0x00000000d6400000)
  to   space 1024K, 0% used [0x00000000d6200000,0x00000000d6200000,0x00000000d6300000)
 ParOldGen       total 766976K, used 766709K [0x0000000080000000, 0x00000000aed00000, 0x00000000d5580000)
  object space 766976K, 99% used [0x0000000080000000,0x00000000aecbd6d8,0x00000000aed00000)
 Metaspace       used 74217K, committed 75904K, reserved 1179648K
  class space    used 7861K, committed 8640K, reserved 1048576K
}
Event: 706.904 GC heap after
{Heap after GC invocations=1983 (full 4):
 PSYoungGen      total 11264K, used 706K [0x00000000d5580000, 0x00000000d6380000, 0x0000000100000000)
  eden space 10240K, 0% used [0x00000000d5580000,0x00000000d5580000,0x00000000d5f80000)
  from space 1024K, 69% used [0x00000000d6200000,0x00000000d62b0b50,0x00000000d6300000)
  to   space 512K, 0% used [0x00000000d6300000,0x00000000d6300000,0x00000000d6380000)
 ParOldGen       total 769536K, used 768732K [0x0000000080000000, 0x00000000aef80000, 0x00000000d5580000)
  object space 769536K, 99% used [0x0000000080000000,0x00000000aeeb70d0,0x00000000aef80000)
 Metaspace       used 74217K, committed 75904K, reserved 1179648K
  class space    used 7861K, committed 8640K, reserved 1048576K
}
Event: 706.954 GC heap before
{Heap before GC invocations=1984 (full 4):
 PSYoungGen      total 11264K, used 10932K [0x00000000d5580000, 0x00000000d6380000, 0x0000000100000000)
  eden space 10240K, 99% used [0x00000000d5580000,0x00000000d5f7c5b8,0x00000000d5f80000)
  from space 1024K, 69% used [0x00000000d6200000,0x00000000d62b0b50,0x00000000d6300000)
  to   space 512K, 0% used [0x00000000d6300000,0x00000000d6300000,0x00000000d6380000)
 ParOldGen       total 769536K, used 768732K [0x0000000080000000, 0x00000000aef80000, 0x00000000d5580000)
  object space 769536K, 99% used [0x0000000080000000,0x00000000aeeb70d0,0x00000000aef80000)
 Metaspace       used 74217K, committed 75904K, reserved 1179648K
  class space    used 7861K, committed 8640K, reserved 1048576K
}
Event: 706.966 GC heap after
{Heap after GC invocations=1984 (full 4):
 PSYoungGen      total 10752K, used 504K [0x00000000d5580000, 0x00000000d6680000, 0x0000000100000000)
  eden space 10240K, 0% used [0x00000000d5580000,0x00000000d5580000,0x00000000d5f80000)
  from space 512K, 98% used [0x00000000d6300000,0x00000000d637e110,0x00000000d6380000)
  to   space 3584K, 0% used [0x00000000d5f80000,0x00000000d5f80000,0x00000000d6300000)
 ParOldGen       total 771584K, used 771319K [0x0000000080000000, 0x00000000af180000, 0x00000000d5580000)
  object space 771584K, 99% used [0x0000000080000000,0x00000000af13dfd8,0x00000000af180000)
 Metaspace       used 74217K, committed 75904K, reserved 1179648K
  class space    used 7861K, committed 8640K, reserved 1048576K
}
Event: 707.104 GC heap before
{Heap before GC invocations=1985 (full 4):
 PSYoungGen      total 10752K, used 10744K [0x00000000d5580000, 0x00000000d6680000, 0x0000000100000000)
  eden space 10240K, 100% used [0x00000000d5580000,0x00000000d5f80000,0x00000000d5f80000)
  from space 512K, 98% used [0x00000000d6300000,0x00000000d637e110,0x00000000d6380000)
  to   space 3584K, 0% used [0x00000000d5f80000,0x00000000d5f80000,0x00000000d6300000)
 ParOldGen       total 771584K, used 771319K [0x0000000080000000, 0x00000000af180000, 0x00000000d5580000)
  object space 771584K, 99% used [0x0000000080000000,0x00000000af13dfd8,0x00000000af180000)
 Metaspace       used 74268K, committed 75968K, reserved 1179648K
  class space    used 7867K, committed 8640K, reserved 1048576K
}
Event: 707.113 GC heap after
{Heap after GC invocations=1985 (full 4):
 PSYoungGen      total 11264K, used 579K [0x00000000d5580000, 0x00000000d6380000, 0x0000000100000000)
  eden space 10240K, 0% used [0x00000000d5580000,0x00000000d5580000,0x00000000d5f80000)
  from space 1024K, 56% used [0x00000000d5f80000,0x00000000d6010e68,0x00000000d6080000)
  to   space 1536K, 0% used [0x00000000d6200000,0x00000000d6200000,0x00000000d6380000)
 ParOldGen       total 772096K, used 771760K [0x0000000080000000, 0x00000000af200000, 0x00000000d5580000)
  object space 772096K, 99% used [0x0000000080000000,0x00000000af1ac170,0x00000000af200000)
 Metaspace       used 74268K, committed 75968K, reserved 1179648K
  class space    used 7867K, committed 8640K, reserved 1048576K
}
Event: 707.323 GC heap before
{Heap before GC invocations=1986 (full 4):
 PSYoungGen      total 11264K, used 10819K [0x00000000d5580000, 0x00000000d6380000, 0x0000000100000000)
  eden space 10240K, 100% used [0x00000000d5580000,0x00000000d5f80000,0x00000000d5f80000)
  from space 1024K, 56% used [0x00000000d5f80000,0x00000000d6010e68,0x00000000d6080000)
  to   space 1536K, 0% used [0x00000000d6200000,0x00000000d6200000,0x00000000d6380000)
 ParOldGen       total 772096K, used 771760K [0x0000000080000000, 0x00000000af200000, 0x00000000d5580000)
  object space 772096K, 99% used [0x0000000080000000,0x00000000af1ac170,0x00000000af200000)
 Metaspace       used 74277K, committed 75968K, reserved 1179648K
  class space    used 7869K, committed 8640K, reserved 1048576K
}
Event: 707.329 GC heap after
{Heap after GC invocations=1986 (full 4):
 PSYoungGen      total 11264K, used 896K [0x00000000d5580000, 0x00000000d6300000, 0x0000000100000000)
  eden space 10240K, 0% used [0x00000000d5580000,0x00000000d5580000,0x00000000d5f80000)
  from space 1024K, 87% used [0x00000000d6200000,0x00000000d62e00f8,0x00000000d6300000)
  to   space 1024K, 0% used [0x00000000d5f80000,0x00000000d5f80000,0x00000000d6080000)
 ParOldGen       total 772608K, used 772156K [0x0000000080000000, 0x00000000af280000, 0x00000000d5580000)
  object space 772608K, 99% used [0x0000000080000000,0x00000000af20f298,0x00000000af280000)
 Metaspace       used 74277K, committed 75968K, reserved 1179648K
  class space    used 7869K, committed 8640K, reserved 1048576K
}
Event: 710.778 GC heap before
{Heap before GC invocations=1987 (full 4):
 PSYoungGen      total 11264K, used 11136K [0x00000000d5580000, 0x00000000d6300000, 0x0000000100000000)
  eden space 10240K, 100% used [0x00000000d5580000,0x00000000d5f80000,0x00000000d5f80000)
  from space 1024K, 87% used [0x00000000d6200000,0x00000000d62e00f8,0x00000000d6300000)
  to   space 1024K, 0% used [0x00000000d5f80000,0x00000000d5f80000,0x00000000d6080000)
 ParOldGen       total 772608K, used 772156K [0x0000000080000000, 0x00000000af280000, 0x00000000d5580000)
  object space 772608K, 99% used [0x0000000080000000,0x00000000af20f2b0,0x00000000af280000)
 Metaspace       used 74315K, committed 75968K, reserved 1179648K
  class space    used 7869K, committed 8640K, reserved 1048576K
}
Event: 710.798 GC heap after
{Heap after GC invocations=1987 (full 4):
 PSYoungGen      total 11264K, used 1011K [0x00000000d5580000, 0x00000000d6a80000, 0x0000000100000000)
  eden space 10240K, 0% used [0x00000000d5580000,0x00000000d5580000,0x00000000d5f80000)
  from space 1024K, 98% used [0x00000000d5f80000,0x00000000d607cfb8,0x00000000d6080000)
  to   space 5632K, 0% used [0x00000000d6500000,0x00000000d6500000,0x00000000d6a80000)
 ParOldGen       total 776192K, used 775756K [0x0000000080000000, 0x00000000af600000, 0x00000000d5580000)
  object space 776192K, 99% used [0x0000000080000000,0x00000000af5932b0,0x00000000af600000)
 Metaspace       used 74315K, committed 75968K, reserved 1179648K
  class space    used 7869K, committed 8640K, reserved 1048576K
}
Event: 711.353 GC heap before
{Heap before GC invocations=1988 (full 4):
 PSYoungGen      total 11264K, used 11251K [0x00000000d5580000, 0x00000000d6a80000, 0x0000000100000000)
  eden space 10240K, 100% used [0x00000000d5580000,0x00000000d5f80000,0x00000000d5f80000)
  from space 1024K, 98% used [0x00000000d5f80000,0x00000000d607cfb8,0x00000000d6080000)
  to   space 5632K, 0% used [0x00000000d6500000,0x00000000d6500000,0x00000000d6a80000)
 ParOldGen       total 776192K, used 775764K [0x0000000080000000, 0x00000000af600000, 0x00000000d5580000)
  object space 776192K, 99% used [0x0000000080000000,0x00000000af595278,0x00000000af600000)
 Metaspace       used 74358K, committed 76032K, reserved 1179648K
  class space    used 7870K, committed 8640K, reserved 1048576K
}
Event: 711.360 GC heap after
{Heap after GC invocations=1988 (full 4):
 PSYoungGen      total 11264K, used 930K [0x00000000d5580000, 0x00000000d6600000, 0x0000000100000000)
  eden space 10240K, 0% used [0x00000000d5580000,0x00000000d5580000,0x00000000d5f80000)
  from space 1024K, 90% used [0x00000000d6500000,0x00000000d65e8990,0x00000000d6600000)
  to   space 2560K, 0% used [0x00000000d6100000,0x00000000d6100000,0x00000000d6380000)
 ParOldGen       total 776704K, used 776506K [0x0000000080000000, 0x00000000af680000, 0x00000000d5580000)
  object space 776704K, 99% used [0x0000000080000000,0x00000000af64ea78,0x00000000af680000)
 Metaspace       used 74358K, committed 76032K, reserved 1179648K
  class space    used 7870K, committed 8640K, reserved 1048576K
}
Event: 712.525 GC heap before
{Heap before GC invocations=1989 (full 4):
 PSYoungGen      total 11264K, used 11170K [0x00000000d5580000, 0x00000000d6600000, 0x0000000100000000)
  eden space 10240K, 100% used [0x00000000d5580000,0x00000000d5f80000,0x00000000d5f80000)
  from space 1024K, 90% used [0x00000000d6500000,0x00000000d65e8990,0x00000000d6600000)
  to   space 2560K, 0% used [0x00000000d6100000,0x00000000d6100000,0x00000000d6380000)
 ParOldGen       total 776704K, used 776506K [0x0000000080000000, 0x00000000af680000, 0x00000000d5580000)
  object space 776704K, 99% used [0x0000000080000000,0x00000000af64ea78,0x00000000af680000)
 Metaspace       used 74384K, committed 76096K, reserved 1179648K
  class space    used 7876K, committed 8640K, reserved 1048576K
}
Event: 712.533 GC heap after
{Heap after GC invocations=1989 (full 4):
 PSYoungGen      total 12800K, used 1024K [0x00000000d5580000, 0x00000000d6580000, 0x0000000100000000)
  eden space 10240K, 0% used [0x00000000d5580000,0x00000000d5580000,0x00000000d5f80000)
  from space 2560K, 40% used [0x00000000d6100000,0x00000000d6200000,0x00000000d6380000)
  to   space 1536K, 0% used [0x00000000d6400000,0x00000000d6400000,0x00000000d6580000)
 ParOldGen       total 777216K, used 777146K [0x0000000080000000, 0x00000000af700000, 0x00000000d5580000)
  object space 777216K, 99% used [0x0000000080000000,0x00000000af6eea78,0x00000000af700000)
 Metaspace       used 74384K, committed 76096K, reserved 1179648K
  class space    used 7876K, committed 8640K, reserved 1048576K
}
Event: 712.788 GC heap before
{Heap before GC invocations=1990 (full 4):
 PSYoungGen      total 12800K, used 11264K [0x00000000d5580000, 0x00000000d6580000, 0x0000000100000000)
  eden space 10240K, 100% used [0x00000000d5580000,0x00000000d5f80000,0x00000000d5f80000)
  from space 2560K, 40% used [0x00000000d6100000,0x00000000d6200000,0x00000000d6380000)
  to   space 1536K, 0% used [0x00000000d6400000,0x00000000d6400000,0x00000000d6580000)
 ParOldGen       total 777216K, used 777146K [0x0000000080000000, 0x00000000af700000, 0x00000000d5580000)
  object space 777216K, 99% used [0x0000000080000000,0x00000000af6eea78,0x00000000af700000)
 Metaspace       used 74384K, committed 76096K, reserved 1179648K
  class space    used 7876K, committed 8640K, reserved 1048576K
}
Event: 712.796 GC heap after
{Heap after GC invocations=1990 (full 4):
 PSYoungGen      total 11776K, used 1526K [0x00000000d5580000, 0x00000000d6580000, 0x0000000100000000)
  eden space 10240K, 0% used [0x00000000d5580000,0x00000000d5580000,0x00000000d5f80000)
  from space 1536K, 99% used [0x00000000d6400000,0x00000000d657d808,0x00000000d6580000)
  to   space 3072K, 0% used [0x00000000d5f80000,0x00000000d5f80000,0x00000000d6280000)
 ParOldGen       total 778240K, used 777993K [0x0000000080000000, 0x00000000af800000, 0x00000000d5580000)
  object space 778240K, 99% used [0x0000000080000000,0x00000000af7c2440,0x00000000af800000)
 Metaspace       used 74384K, committed 76096K, reserved 1179648K
  class space    used 7876K, committed 8640K, reserved 1048576K
}
Event: 713.348 GC heap before
{Heap before GC invocations=1991 (full 4):
 PSYoungGen      total 11776K, used 11766K [0x00000000d5580000, 0x00000000d6580000, 0x0000000100000000)
  eden space 10240K, 100% used [0x00000000d5580000,0x00000000d5f80000,0x00000000d5f80000)
  from space 1536K, 99% used [0x00000000d6400000,0x00000000d657d808,0x00000000d6580000)
  to   space 3072K, 0% used [0x00000000d5f80000,0x00000000d5f80000,0x00000000d6280000)
 ParOldGen       total 778240K, used 777993K [0x0000000080000000, 0x00000000af800000, 0x00000000d5580000)
  object space 778240K, 99% used [0x0000000080000000,0x00000000af7c2440,0x00000000af800000)
 Metaspace       used 74384K, committed 76096K, reserved 1179648K
  class space    used 7876K, committed 8640K, reserved 1048576K
}
Event: 713.356 GC heap after
{Heap after GC invocations=1991 (full 4):
 PSYoungGen      total 13312K, used 1019K [0x00000000d5580000, 0x00000000d6480000, 0x0000000100000000)
  eden space 10240K, 0% used [0x00000000d5580000,0x00000000d5580000,0x00000000d5f80000)
  from space 3072K, 33% used [0x00000000d5f80000,0x00000000d607ec08,0x00000000d6280000)
  to   space 1536K, 0% used [0x00000000d6300000,0x00000000d6300000,0x00000000d6480000)
 ParOldGen       total 779264K, used 779135K [0x0000000080000000, 0x00000000af900000, 0x00000000d5580000)
  object space 779264K, 99% used [0x0000000080000000,0x00000000af8dfc48,0x00000000af900000)
 Metaspace       used 74384K, committed 76096K, reserved 1179648K
  class space    used 7876K, committed 8640K, reserved 1048576K
}

