# JRE version: OpenJDK Runtime Environment Temurin-21.0.11+10 (21.0.11+10) (build 21.0.11+10-LTS)
# Java VM: OpenJDK 64-Bit Server VM Temurin-21.0.11+10 (21.0.11+10-LTS, mixed mode, sharing, tiered, compressed oops, compressed class ptrs, parallel gc, windows-amd64)
GC Precious Log:
 CardTable entry size: 512
 CPUs: 12 total, 12 available
 Memory: 5978M
 Large Page Support: Disabled
 NUMA Support: Disabled
 Compressed Oops: Enabled (32-bit)
 Alignments: Space 512K, Generation 512K, Heap 2M
 Heap Min Capacity: 100M
 Heap Initial Capacity: 100M
 Heap Max Capacity: 2G
 Pre-touch: Disabled
 Parallel Workers: 10
Heap:
 PSYoungGen      total 6144K, used 2046K [0x00000000d5580000, 0x00000000d5e00000, 0x0000000100000000)
  eden space 5632K, 31% used [0x00000000d5580000,0x00000000d57379a0,0x00000000d5b00000)
  from space 512K, 56% used [0x00000000d5c00000,0x00000000d5c48000,0x00000000d5c80000)
  to   space 1024K, 0% used [0x00000000d5d00000,0x00000000d5d00000,0x00000000d5e00000)
 ParOldGen       total 360448K, used 360343K [0x0000000080000000, 0x0000000096000000, 0x00000000d5580000)
  object space 360448K, 99% used [0x0000000080000000,0x0000000095fe5de8,0x0000000096000000)
 Metaspace       used 70235K, committed 71808K, reserved 1114112K
  class space    used 7354K, committed 8064K, reserved 1048576K
GC Heap History (20 events):
Event: 196.622 GC heap before
{Heap before GC invocations=736 (full 3):
 PSYoungGen      total 4096K, used 4032K [0x00000000d5580000, 0x00000000d5a80000, 0x0000000100000000)
  eden space 3584K, 100% used [0x00000000d5580000,0x00000000d5900000,0x00000000d5900000)
  from space 512K, 87% used [0x00000000d5980000,0x00000000d59f0000,0x00000000d5a00000)
  to   space 512K, 0% used [0x00000000d5900000,0x00000000d5900000,0x00000000d5980000)
 ParOldGen       total 356864K, used 356500K [0x0000000080000000, 0x0000000095c80000, 0x00000000d5580000)
  object space 356864K, 99% used [0x0000000080000000,0x0000000095c25030,0x0000000095c80000)
 Metaspace       used 70227K, committed 71808K, reserved 1114112K
  class space    used 7354K, committed 8064K, reserved 1048576K
}
Event: 197.635 GC heap after
{Heap after GC invocations=736 (full 3):
 PSYoungGen      total 4096K, used 512K [0x00000000d5580000, 0x00000000d5c00000, 0x0000000100000000)
  eden space 3584K, 0% used [0x00000000d5580000,0x00000000d5580000,0x00000000d5900000)
  from space 512K, 100% used [0x00000000d5900000,0x00000000d5980000,0x00000000d5980000)
  to   space 1024K, 0% used [0x00000000d5b00000,0x00000000d5b00000,0x00000000d5c00000)
 ParOldGen       total 356864K, used 356644K [0x0000000080000000, 0x0000000095c80000, 0x00000000d5580000)
  object space 356864K, 99% used [0x0000000080000000,0x0000000095c49030,0x0000000095c80000)
 Metaspace       used 70227K, committed 71808K, reserved 1114112K
  class space    used 7354K, committed 8064K, reserved 1048576K
}
Event: 197.667 GC heap before
{Heap before GC invocations=737 (full 3):
 PSYoungGen      total 4096K, used 4096K [0x00000000d5580000, 0x00000000d5c00000, 0x0000000100000000)
  eden space 3584K, 100% used [0x00000000d5580000,0x00000000d5900000,0x00000000d5900000)
  from space 512K, 100% used [0x00000000d5900000,0x00000000d5980000,0x00000000d5980000)
  to   space 1024K, 0% used [0x00000000d5b00000,0x00000000d5b00000,0x00000000d5c00000)
 ParOldGen       total 356864K, used 356644K [0x0000000080000000, 0x0000000095c80000, 0x00000000d5580000)
  object space 356864K, 99% used [0x0000000080000000,0x0000000095c49030,0x0000000095c80000)
 Metaspace       used 70231K, committed 71808K, reserved 1114112K
  class space    used 7354K, committed 8064K, reserved 1048576K
}
Event: 197.671 GC heap after
{Heap after GC invocations=737 (full 3):
 PSYoungGen      total 5632K, used 736K [0x00000000d5580000, 0x00000000d5c00000, 0x0000000100000000)
  eden space 4608K, 0% used [0x00000000d5580000,0x00000000d5580000,0x00000000d5a00000)
  from space 1024K, 71% used [0x00000000d5b00000,0x00000000d5bb8000,0x00000000d5c00000)
  to   space 1024K, 0% used [0x00000000d5a00000,0x00000000d5a00000,0x00000000d5b00000)
 ParOldGen       total 357376K, used 357004K [0x0000000080000000, 0x0000000095d00000, 0x00000000d5580000)
  object space 357376K, 99% used [0x0000000080000000,0x0000000095ca3050,0x0000000095d00000)
 Metaspace       used 70231K, committed 71808K, reserved 1114112K
  class space    used 7354K, committed 8064K, reserved 1048576K
}
Event: 197.702 GC heap before
{Heap before GC invocations=738 (full 3):
 PSYoungGen      total 5632K, used 5344K [0x00000000d5580000, 0x00000000d5c00000, 0x0000000100000000)
  eden space 4608K, 100% used [0x00000000d5580000,0x00000000d5a00000,0x00000000d5a00000)
  from space 1024K, 71% used [0x00000000d5b00000,0x00000000d5bb8000,0x00000000d5c00000)
  to   space 1024K, 0% used [0x00000000d5a00000,0x00000000d5a00000,0x00000000d5b00000)
 ParOldGen       total 357376K, used 357004K [0x0000000080000000, 0x0000000095d00000, 0x00000000d5580000)
  object space 357376K, 99% used [0x0000000080000000,0x0000000095ca3050,0x0000000095d00000)
 Metaspace       used 70231K, committed 71808K, reserved 1114112K
  class space    used 7354K, committed 8064K, reserved 1048576K
}
Event: 199.723 GC heap after
{Heap after GC invocations=738 (full 3):
 PSYoungGen      total 5632K, used 768K [0x00000000d5580000, 0x00000000d5d00000, 0x0000000100000000)
  eden space 4608K, 0% used [0x00000000d5580000,0x00000000d5580000,0x00000000d5a00000)
  from space 1024K, 75% used [0x00000000d5a00000,0x00000000d5ac0000,0x00000000d5b00000)
  to   space 1024K, 0% used [0x00000000d5c00000,0x00000000d5c00000,0x00000000d5d00000)
 ParOldGen       total 357888K, used 357592K [0x0000000080000000, 0x0000000095d80000, 0x00000000d5580000)
  object space 357888K, 99% used [0x0000000080000000,0x0000000095d36060,0x0000000095d80000)
 Metaspace       used 70231K, committed 71808K, reserved 1114112K
  class space    used 7354K, committed 8064K, reserved 1048576K
}
Event: 199.974 GC heap before
{Heap before GC invocations=739 (full 3):
 PSYoungGen      total 5632K, used 5376K [0x00000000d5580000, 0x00000000d5d00000, 0x0000000100000000)
  eden space 4608K, 100% used [0x00000000d5580000,0x00000000d5a00000,0x00000000d5a00000)
  from space 1024K, 75% used [0x00000000d5a00000,0x00000000d5ac0000,0x00000000d5b00000)
  to   space 1024K, 0% used [0x00000000d5c00000,0x00000000d5c00000,0x00000000d5d00000)
 ParOldGen       total 357888K, used 357592K [0x0000000080000000, 0x0000000095d80000, 0x00000000d5580000)
  object space 357888K, 99% used [0x0000000080000000,0x0000000095d36060,0x0000000095d80000)
 Metaspace       used 70231K, committed 71808K, reserved 1114112K
  class space    used 7354K, committed 8064K, reserved 1048576K
}
Event: 199.983 GC heap after
{Heap after GC invocations=739 (full 3):
 PSYoungGen      total 6656K, used 976K [0x00000000d5580000, 0x00000000d5d00000, 0x0000000100000000)
  eden space 5632K, 0% used [0x00000000d5580000,0x00000000d5580000,0x00000000d5b00000)
  from space 1024K, 95% used [0x00000000d5c00000,0x00000000d5cf4010,0x00000000d5d00000)
  to   space 1024K, 0% used [0x00000000d5b00000,0x00000000d5b00000,0x00000000d5c00000)
 ParOldGen       total 358400K, used 358032K [0x0000000080000000, 0x0000000095e00000, 0x00000000d5580000)
  object space 358400K, 99% used [0x0000000080000000,0x0000000095da4060,0x0000000095e00000)
 Metaspace       used 70231K, committed 71808K, reserved 1114112K
  class space    used 7354K, committed 8064K, reserved 1048576K
}
Event: 200.099 GC heap before
{Heap before GC invocations=740 (full 3):
 PSYoungGen      total 6656K, used 6608K [0x00000000d5580000, 0x00000000d5d00000, 0x0000000100000000)
  eden space 5632K, 100% used [0x00000000d5580000,0x00000000d5b00000,0x00000000d5b00000)
  from space 1024K, 95% used [0x00000000d5c00000,0x00000000d5cf4010,0x00000000d5d00000)
  to   space 1024K, 0% used [0x00000000d5b00000,0x00000000d5b00000,0x00000000d5c00000)
 ParOldGen       total 358400K, used 358032K [0x0000000080000000, 0x0000000095e00000, 0x00000000d5580000)
  object space 358400K, 99% used [0x0000000080000000,0x0000000095da4060,0x0000000095e00000)
 Metaspace       used 70231K, committed 71808K, reserved 1114112K
  class space    used 7354K, committed 8064K, reserved 1048576K
}
Event: 200.106 GC heap after
{Heap after GC invocations=740 (full 3):
 PSYoungGen      total 6656K, used 960K [0x00000000d5580000, 0x00000000d5e80000, 0x0000000100000000)
  eden space 5632K, 0% used [0x00000000d5580000,0x00000000d5580000,0x00000000d5b00000)
  from space 1024K, 93% used [0x00000000d5b00000,0x00000000d5bf0000,0x00000000d5c00000)
  to   space 1024K, 0% used [0x00000000d5d80000,0x00000000d5d80000,0x00000000d5e80000)
 ParOldGen       total 358912K, used 358432K [0x0000000080000000, 0x0000000095e80000, 0x00000000d5580000)
  object space 358912K, 99% used [0x0000000080000000,0x0000000095e08060,0x0000000095e80000)
 Metaspace       used 70231K, committed 71808K, reserved 1114112K
  class space    used 7354K, committed 8064K, reserved 1048576K
}
Event: 200.242 GC heap before
{Heap before GC invocations=741 (full 3):
 PSYoungGen      total 6656K, used 6592K [0x00000000d5580000, 0x00000000d5e80000, 0x0000000100000000)
  eden space 5632K, 100% used [0x00000000d5580000,0x00000000d5b00000,0x00000000d5b00000)
  from space 1024K, 93% used [0x00000000d5b00000,0x00000000d5bf0000,0x00000000d5c00000)
  to   space 1024K, 0% used [0x00000000d5d80000,0x00000000d5d80000,0x00000000d5e80000)
 ParOldGen       total 358912K, used 358432K [0x0000000080000000, 0x0000000095e80000, 0x00000000d5580000)
  object space 358912K, 99% used [0x0000000080000000,0x0000000095e08060,0x0000000095e80000)
 Metaspace       used 70231K, committed 71808K, reserved 1114112K
  class space    used 7354K, committed 8064K, reserved 1048576K
}
Event: 200.248 GC heap after
{Heap after GC invocations=741 (full 3):
 PSYoungGen      total 6144K, used 480K [0x00000000d5580000, 0x00000000d5e00000, 0x0000000100000000)
  eden space 5632K, 0% used [0x00000000d5580000,0x00000000d5580000,0x00000000d5b00000)
  from space 512K, 93% used [0x00000000d5d80000,0x00000000d5df8000,0x00000000d5e00000)
  to   space 1024K, 0% used [0x00000000d5c00000,0x00000000d5c00000,0x00000000d5d00000)
 ParOldGen       total 359424K, used 358912K [0x0000000080000000, 0x0000000095f00000, 0x00000000d5580000)
  object space 359424K, 99% used [0x0000000080000000,0x0000000095e80060,0x0000000095f00000)
 Metaspace       used 70231K, committed 71808K, reserved 1114112K
  class space    used 7354K, committed 8064K, reserved 1048576K
}
Event: 202.122 GC heap before
{Heap before GC invocations=742 (full 3):
 PSYoungGen      total 6144K, used 6110K [0x00000000d5580000, 0x00000000d5e00000, 0x0000000100000000)
  eden space 5632K, 99% used [0x00000000d5580000,0x00000000d5affbb8,0x00000000d5b00000)
  from space 512K, 93% used [0x00000000d5d80000,0x00000000d5df8000,0x00000000d5e00000)
  to   space 1024K, 0% used [0x00000000d5c00000,0x00000000d5c00000,0x00000000d5d00000)
 ParOldGen       total 359424K, used 358912K [0x0000000080000000, 0x0000000095f00000, 0x00000000d5580000)
  object space 359424K, 99% used [0x0000000080000000,0x0000000095e80060,0x0000000095f00000)
 Metaspace       used 70232K, committed 71808K, reserved 1114112K
  class space    used 7354K, committed 8064K, reserved 1048576K
}
Event: 202.126 GC heap after
{Heap after GC invocations=742 (full 3):
 PSYoungGen      total 6656K, used 384K [0x00000000d5580000, 0x00000000d5e00000, 0x0000000100000000)
  eden space 5632K, 0% used [0x00000000d5580000,0x00000000d5580000,0x00000000d5b00000)
  from space 1024K, 37% used [0x00000000d5c00000,0x00000000d5c60000,0x00000000d5d00000)
  to   space 512K, 0% used [0x00000000d5d80000,0x00000000d5d80000,0x00000000d5e00000)
 ParOldGen       total 359424K, used 359064K [0x0000000080000000, 0x0000000095f00000, 0x00000000d5580000)
  object space 359424K, 99% used [0x0000000080000000,0x0000000095ea6060,0x0000000095f00000)
 Metaspace       used 70232K, committed 71808K, reserved 1114112K
  class space    used 7354K, committed 8064K, reserved 1048576K
}
Event: 205.337 GC heap before
{Heap before GC invocations=743 (full 3):
 PSYoungGen      total 6656K, used 6016K [0x00000000d5580000, 0x00000000d5e00000, 0x0000000100000000)
  eden space 5632K, 100% used [0x00000000d5580000,0x00000000d5b00000,0x00000000d5b00000)
  from space 1024K, 37% used [0x00000000d5c00000,0x00000000d5c60000,0x00000000d5d00000)
  to   space 512K, 0% used [0x00000000d5d80000,0x00000000d5d80000,0x00000000d5e00000)
 ParOldGen       total 359424K, used 359064K [0x0000000080000000, 0x0000000095f00000, 0x00000000d5580000)
  object space 359424K, 99% used [0x0000000080000000,0x0000000095ea6060,0x0000000095f00000)
 Metaspace       used 70232K, committed 71808K, reserved 1114112K
  class space    used 7354K, committed 8064K, reserved 1048576K
}
Event: 205.342 GC heap after
{Heap after GC invocations=743 (full 3):
 PSYoungGen      total 6144K, used 256K [0x00000000d5580000, 0x00000000d5e00000, 0x0000000100000000)
  eden space 5632K, 0% used [0x00000000d5580000,0x00000000d5580000,0x00000000d5b00000)
  from space 512K, 50% used [0x00000000d5d80000,0x00000000d5dc0000,0x00000000d5e00000)
  to   space 512K, 0% used [0x00000000d5d00000,0x00000000d5d00000,0x00000000d5d80000)
 ParOldGen       total 359424K, used 359192K [0x0000000080000000, 0x0000000095f00000, 0x00000000d5580000)
  object space 359424K, 99% used [0x0000000080000000,0x0000000095ec6060,0x0000000095f00000)
 Metaspace       used 70232K, committed 71808K, reserved 1114112K
  class space    used 7354K, committed 8064K, reserved 1048576K
}
Event: 206.223 GC heap before
{Heap before GC invocations=744 (full 3):
 PSYoungGen      total 6144K, used 5804K [0x00000000d5580000, 0x00000000d5e00000, 0x0000000100000000)
  eden space 5632K, 98% used [0x00000000d5580000,0x00000000d5aeb190,0x00000000d5b00000)
  from space 512K, 50% used [0x00000000d5d80000,0x00000000d5dc0000,0x00000000d5e00000)
  to   space 512K, 0% used [0x00000000d5d00000,0x00000000d5d00000,0x00000000d5d80000)
 ParOldGen       total 359424K, used 359192K [0x0000000080000000, 0x0000000095f00000, 0x00000000d5580000)
  object space 359424K, 99% used [0x0000000080000000,0x0000000095ec6060,0x0000000095f00000)
 Metaspace       used 70235K, committed 71808K, reserved 1114112K
  class space    used 7354K, committed 8064K, reserved 1048576K
}
Event: 206.228 GC heap after
{Heap after GC invocations=744 (full 3):
 PSYoungGen      total 6144K, used 501K [0x00000000d5580000, 0x00000000d5f00000, 0x0000000100000000)
  eden space 5632K, 0% used [0x00000000d5580000,0x00000000d5580000,0x00000000d5b00000)
  from space 512K, 97% used [0x00000000d5d00000,0x00000000d5d7d488,0x00000000d5d80000)
  to   space 1536K, 0% used [0x00000000d5d80000,0x00000000d5d80000,0x00000000d5f00000)
 ParOldGen       total 360448K, used 360155K [0x0000000080000000, 0x0000000096000000, 0x00000000d5580000)
  object space 360448K, 99% used [0x0000000080000000,0x0000000095fb6dd8,0x0000000096000000)
 Metaspace       used 70235K, committed 71808K, reserved 1114112K
  class space    used 7354K, committed 8064K, reserved 1048576K
}
Event: 206.695 GC heap before
{Heap before GC invocations=745 (full 3):
 PSYoungGen      total 6144K, used 6133K [0x00000000d5580000, 0x00000000d5f00000, 0x0000000100000000)
  eden space 5632K, 100% used [0x00000000d5580000,0x00000000d5b00000,0x00000000d5b00000)
  from space 512K, 97% used [0x00000000d5d00000,0x00000000d5d7d488,0x00000000d5d80000)
  to   space 1536K, 0% used [0x00000000d5d80000,0x00000000d5d80000,0x00000000d5f00000)
 ParOldGen       total 360448K, used 360155K [0x0000000080000000, 0x0000000096000000, 0x00000000d5580000)
  object space 360448K, 99% used [0x0000000080000000,0x0000000095fb6dd8,0x0000000096000000)
 Metaspace       used 70235K, committed 71808K, reserved 1114112K
  class space    used 7354K, committed 8064K, reserved 1048576K
}
Event: 206.698 GC heap after
{Heap after GC invocations=745 (full 3):
 PSYoungGen      total 7168K, used 1408K [0x00000000d5580000, 0x00000000d5f00000, 0x0000000100000000)
  eden space 5632K, 0% used [0x00000000d5580000,0x00000000d5580000,0x00000000d5b00000)
  from space 1536K, 91% used [0x00000000d5d80000,0x00000000d5ee0358,0x00000000d5f00000)
  to   space 1536K, 0% used [0x00000000d5c00000,0x00000000d5c00000,0x00000000d5d80000)
 ParOldGen       total 360448K, used 360279K [0x0000000080000000, 0x0000000096000000, 0x00000000d5580000)
  object space 360448K, 99% used [0x0000000080000000,0x0000000095fd5de8,0x0000000096000000)
 Metaspace       used 70235K, committed 71808K, reserved 1114112K
  class space    used 7354K, committed 8064K, reserved 1048576K
}

