# JRE version: OpenJDK Runtime Environment Temurin-21.0.10+7 (21.0.10+7) (build 21.0.10+7-LTS)
# Java VM: OpenJDK 64-Bit Server VM Temurin-21.0.10+7 (21.0.10+7-LTS, mixed mode, sharing, tiered, compressed oops, compressed class ptrs, parallel gc, windows-amd64)
GC Precious Log:
 CardTable entry size: 512
 CPUs: 12 total, 12 available
 Memory: 5978M
 Large Page Support: Disabled
 NUMA Support: Disabled
 Compressed Oops: Enabled (32-bit)
 Alignments: Space 512K, Generation 512K, Heap 2M
 Heap Min Capacity: 100M
 Heap Initial Capacity: 100M
 Heap Max Capacity: 2G
 Pre-touch: Disabled
 Parallel Workers: 10
Heap:
 PSYoungGen      total 7680K, used 3690K [0x00000000d5580000, 0x00000000d5e00000, 0x0000000100000000)
  eden space 6656K, 47% used [0x00000000d5580000,0x00000000d589eb38,0x00000000d5c00000)
  from space 1024K, 48% used [0x00000000d5d00000,0x00000000d5d7c010,0x00000000d5e00000)
  to   space 1024K, 0% used [0x00000000d5c00000,0x00000000d5c00000,0x00000000d5d00000)
 ParOldGen       total 98304K, used 96429K [0x0000000080000000, 0x0000000086000000, 0x00000000d5580000)
  object space 98304K, 98% used [0x0000000080000000,0x0000000085e2b400,0x0000000086000000)
 Metaspace       used 60608K, committed 62144K, reserved 1114112K
  class space    used 6640K, committed 7296K, reserved 1048576K
GC Heap History (20 events):
Event: 253.727 GC heap before
{Heap before GC invocations=204 (full 3):
 PSYoungGen      total 8192K, used 7743K [0x00000000d5580000, 0x00000000d5e80000, 0x0000000100000000)
  eden space 7168K, 99% used [0x00000000d5580000,0x00000000d5c7fff0,0x00000000d5c80000)
  from space 1024K, 56% used [0x00000000d5d80000,0x00000000d5e10000,0x00000000d5e80000)
  to   space 1024K, 0% used [0x00000000d5c80000,0x00000000d5c80000,0x00000000d5d80000)
 ParOldGen       total 98304K, used 92917K [0x0000000080000000, 0x0000000086000000, 0x00000000d5580000)
  object space 98304K, 94% used [0x0000000080000000,0x0000000085abd478,0x0000000086000000)
 Metaspace       used 59931K, committed 61376K, reserved 1114112K
  class space    used 6564K, committed 7168K, reserved 1048576K
}
Event: 253.730 GC heap after
{Heap after GC invocations=204 (full 3):
 PSYoungGen      total 8192K, used 1008K [0x00000000d5580000, 0x00000000d6080000, 0x0000000100000000)
  eden space 7168K, 0% used [0x00000000d5580000,0x00000000d5580000,0x00000000d5c80000)
  from space 1024K, 98% used [0x00000000d5c80000,0x00000000d5d7c010,0x00000000d5d80000)
  to   space 2048K, 0% used [0x00000000d5e80000,0x00000000d5e80000,0x00000000d6080000)
 ParOldGen       total 98304K, used 93561K [0x0000000080000000, 0x0000000086000000, 0x00000000d5580000)
  object space 98304K, 95% used [0x0000000080000000,0x0000000085b5e488,0x0000000086000000)
 Metaspace       used 59931K, committed 61376K, reserved 1114112K
  class space    used 6564K, committed 7168K, reserved 1048576K
}
Event: 253.896 GC heap before
{Heap before GC invocations=205 (full 3):
 PSYoungGen      total 8192K, used 8176K [0x00000000d5580000, 0x00000000d6080000, 0x0000000100000000)
  eden space 7168K, 100% used [0x00000000d5580000,0x00000000d5c80000,0x00000000d5c80000)
  from space 1024K, 98% used [0x00000000d5c80000,0x00000000d5d7c010,0x00000000d5d80000)
  to   space 2048K, 0% used [0x00000000d5e80000,0x00000000d5e80000,0x00000000d6080000)
 ParOldGen       total 98304K, used 93561K [0x0000000080000000, 0x0000000086000000, 0x00000000d5580000)
  object space 98304K, 95% used [0x0000000080000000,0x0000000085b5e488,0x0000000086000000)
 Metaspace       used 59934K, committed 61376K, reserved 1114112K
  class space    used 6564K, committed 7168K, reserved 1048576K
}
Event: 253.898 GC heap after
{Heap after GC invocations=205 (full 3):
 PSYoungGen      total 8192K, used 544K [0x00000000d5580000, 0x00000000d5f80000, 0x0000000100000000)
  eden space 7168K, 0% used [0x00000000d5580000,0x00000000d5580000,0x00000000d5c80000)
  from space 1024K, 53% used [0x00000000d5e80000,0x00000000d5f08000,0x00000000d5f80000)
  to   space 1024K, 0% used [0x00000000d5c80000,0x00000000d5c80000,0x00000000d5d80000)
 ParOldGen       total 98304K, used 94025K [0x0000000080000000, 0x0000000086000000, 0x00000000d5580000)
  object space 98304K, 95% used [0x0000000080000000,0x0000000085bd2488,0x0000000086000000)
 Metaspace       used 59934K, committed 61376K, reserved 1114112K
  class space    used 6564K, committed 7168K, reserved 1048576K
}
Event: 254.190 GC heap before
{Heap before GC invocations=206 (full 3):
 PSYoungGen      total 8192K, used 7712K [0x00000000d5580000, 0x00000000d5f80000, 0x0000000100000000)
  eden space 7168K, 100% used [0x00000000d5580000,0x00000000d5c80000,0x00000000d5c80000)
  from space 1024K, 53% used [0x00000000d5e80000,0x00000000d5f08000,0x00000000d5f80000)
  to   space 1024K, 0% used [0x00000000d5c80000,0x00000000d5c80000,0x00000000d5d80000)
 ParOldGen       total 98304K, used 94025K [0x0000000080000000, 0x0000000086000000, 0x00000000d5580000)
  object space 98304K, 95% used [0x0000000080000000,0x0000000085bd2488,0x0000000086000000)
 Metaspace       used 59952K, committed 61376K, reserved 1114112K
  class space    used 6566K, committed 7168K, reserved 1048576K
}
Event: 254.193 GC heap after
{Heap after GC invocations=206 (full 3):
 PSYoungGen      total 8192K, used 896K [0x00000000d5580000, 0x00000000d5f00000, 0x0000000100000000)
  eden space 7168K, 0% used [0x00000000d5580000,0x00000000d5580000,0x00000000d5c80000)
  from space 1024K, 87% used [0x00000000d5c80000,0x00000000d5d60000,0x00000000d5d80000)
  to   space 1024K, 0% used [0x00000000d5e00000,0x00000000d5e00000,0x00000000d5f00000)
 ParOldGen       total 98304K, used 94409K [0x0000000080000000, 0x0000000086000000, 0x00000000d5580000)
  object space 98304K, 96% used [0x0000000080000000,0x0000000085c32488,0x0000000086000000)
 Metaspace       used 59952K, committed 61376K, reserved 1114112K
  class space    used 6566K, committed 7168K, reserved 1048576K
}
Event: 254.770 GC heap before
{Heap before GC invocations=207 (full 3):
 PSYoungGen      total 8192K, used 8064K [0x00000000d5580000, 0x00000000d5f00000, 0x0000000100000000)
  eden space 7168K, 100% used [0x00000000d5580000,0x00000000d5c80000,0x00000000d5c80000)
  from space 1024K, 87% used [0x00000000d5c80000,0x00000000d5d60000,0x00000000d5d80000)
  to   space 1024K, 0% used [0x00000000d5e00000,0x00000000d5e00000,0x00000000d5f00000)
 ParOldGen       total 98304K, used 94409K [0x0000000080000000, 0x0000000086000000, 0x00000000d5580000)
  object space 98304K, 96% used [0x0000000080000000,0x0000000085c32488,0x0000000086000000)
 Metaspace       used 60245K, committed 61696K, reserved 1114112K
  class space    used 6603K, committed 7232K, reserved 1048576K
}
Event: 254.773 GC heap after
{Heap after GC invocations=207 (full 3):
 PSYoungGen      total 8192K, used 800K [0x00000000d5580000, 0x00000000d5f00000, 0x0000000100000000)
  eden space 7168K, 0% used [0x00000000d5580000,0x00000000d5580000,0x00000000d5c80000)
  from space 1024K, 78% used [0x00000000d5e00000,0x00000000d5ec8000,0x00000000d5f00000)
  to   space 1024K, 0% used [0x00000000d5c80000,0x00000000d5c80000,0x00000000d5d80000)
 ParOldGen       total 98304K, used 94505K [0x0000000080000000, 0x0000000086000000, 0x00000000d5580000)
  object space 98304K, 96% used [0x0000000080000000,0x0000000085c4a488,0x0000000086000000)
 Metaspace       used 60245K, committed 61696K, reserved 1114112K
  class space    used 6603K, committed 7232K, reserved 1048576K
}
Event: 255.337 GC heap before
{Heap before GC invocations=208 (full 3):
 PSYoungGen      total 8192K, used 7968K [0x00000000d5580000, 0x00000000d5f00000, 0x0000000100000000)
  eden space 7168K, 100% used [0x00000000d5580000,0x00000000d5c80000,0x00000000d5c80000)
  from space 1024K, 78% used [0x00000000d5e00000,0x00000000d5ec8000,0x00000000d5f00000)
  to   space 1024K, 0% used [0x00000000d5c80000,0x00000000d5c80000,0x00000000d5d80000)
 ParOldGen       total 98304K, used 94505K [0x0000000080000000, 0x0000000086000000, 0x00000000d5580000)
  object space 98304K, 96% used [0x0000000080000000,0x0000000085c4a488,0x0000000086000000)
 Metaspace       used 60312K, committed 61760K, reserved 1114112K
  class space    used 6603K, committed 7232K, reserved 1048576K
}
Event: 255.339 GC heap after
{Heap after GC invocations=208 (full 3):
 PSYoungGen      total 8192K, used 384K [0x00000000d5580000, 0x00000000d5e80000, 0x0000000100000000)
  eden space 7168K, 0% used [0x00000000d5580000,0x00000000d5580000,0x00000000d5c80000)
  from space 1024K, 37% used [0x00000000d5c80000,0x00000000d5ce0000,0x00000000d5d80000)
  to   space 1024K, 0% used [0x00000000d5d80000,0x00000000d5d80000,0x00000000d5e80000)
 ParOldGen       total 98304K, used 95113K [0x0000000080000000, 0x0000000086000000, 0x00000000d5580000)
  object space 98304K, 96% used [0x0000000080000000,0x0000000085ce2488,0x0000000086000000)
 Metaspace       used 60312K, committed 61760K, reserved 1114112K
  class space    used 6603K, committed 7232K, reserved 1048576K
}
Event: 256.015 GC heap before
{Heap before GC invocations=209 (full 3):
 PSYoungGen      total 8192K, used 7552K [0x00000000d5580000, 0x00000000d5e80000, 0x0000000100000000)
  eden space 7168K, 100% used [0x00000000d5580000,0x00000000d5c80000,0x00000000d5c80000)
  from space 1024K, 37% used [0x00000000d5c80000,0x00000000d5ce0000,0x00000000d5d80000)
  to   space 1024K, 0% used [0x00000000d5d80000,0x00000000d5d80000,0x00000000d5e80000)
 ParOldGen       total 98304K, used 95113K [0x0000000080000000, 0x0000000086000000, 0x00000000d5580000)
  object space 98304K, 96% used [0x0000000080000000,0x0000000085ce2488,0x0000000086000000)
 Metaspace       used 60330K, committed 61824K, reserved 1114112K
  class space    used 6603K, committed 7232K, reserved 1048576K
}
Event: 256.017 GC heap after
{Heap after GC invocations=209 (full 3):
 PSYoungGen      total 7680K, used 384K [0x00000000d5580000, 0x00000000d5e00000, 0x0000000100000000)
  eden space 7168K, 0% used [0x00000000d5580000,0x00000000d5580000,0x00000000d5c80000)
  from space 512K, 75% used [0x00000000d5d80000,0x00000000d5de0000,0x00000000d5e00000)
  to   space 512K, 0% used [0x00000000d5d00000,0x00000000d5d00000,0x00000000d5d80000)
 ParOldGen       total 98304K, used 95353K [0x0000000080000000, 0x0000000086000000, 0x00000000d5580000)
  object space 98304K, 96% used [0x0000000080000000,0x0000000085d1e488,0x0000000086000000)
 Metaspace       used 60330K, committed 61824K, reserved 1114112K
  class space    used 6603K, committed 7232K, reserved 1048576K
}
Event: 256.542 GC heap before
{Heap before GC invocations=210 (full 3):
 PSYoungGen      total 7680K, used 7552K [0x00000000d5580000, 0x00000000d5e00000, 0x0000000100000000)
  eden space 7168K, 100% used [0x00000000d5580000,0x00000000d5c80000,0x00000000d5c80000)
  from space 512K, 75% used [0x00000000d5d80000,0x00000000d5de0000,0x00000000d5e00000)
  to   space 512K, 0% used [0x00000000d5d00000,0x00000000d5d00000,0x00000000d5d80000)
 ParOldGen       total 98304K, used 95353K [0x0000000080000000, 0x0000000086000000, 0x00000000d5580000)
  object space 98304K, 96% used [0x0000000080000000,0x0000000085d1e488,0x0000000086000000)
 Metaspace       used 60338K, committed 61824K, reserved 1114112K
  class space    used 6603K, committed 7232K, reserved 1048576K
}
Event: 256.543 GC heap after
{Heap after GC invocations=210 (full 3):
 PSYoungGen      total 7680K, used 448K [0x00000000d5580000, 0x00000000d5e00000, 0x0000000100000000)
  eden space 7168K, 0% used [0x00000000d5580000,0x00000000d5580000,0x00000000d5c80000)
  from space 512K, 87% used [0x00000000d5d00000,0x00000000d5d70000,0x00000000d5d80000)
  to   space 512K, 0% used [0x00000000d5d80000,0x00000000d5d80000,0x00000000d5e00000)
 ParOldGen       total 98304K, used 95537K [0x0000000080000000, 0x0000000086000000, 0x00000000d5580000)
  object space 98304K, 97% used [0x0000000080000000,0x0000000085d4c488,0x0000000086000000)
 Metaspace       used 60338K, committed 61824K, reserved 1114112K
  class space    used 6603K, committed 7232K, reserved 1048576K
}
Event: 257.122 GC heap before
{Heap before GC invocations=211 (full 3):
 PSYoungGen      total 7680K, used 7616K [0x00000000d5580000, 0x00000000d5e00000, 0x0000000100000000)
  eden space 7168K, 100% used [0x00000000d5580000,0x00000000d5c80000,0x00000000d5c80000)
  from space 512K, 87% used [0x00000000d5d00000,0x00000000d5d70000,0x00000000d5d80000)
  to   space 512K, 0% used [0x00000000d5d80000,0x00000000d5d80000,0x00000000d5e00000)
 ParOldGen       total 98304K, used 95537K [0x0000000080000000, 0x0000000086000000, 0x00000000d5580000)
  object space 98304K, 97% used [0x0000000080000000,0x0000000085d4c488,0x0000000086000000)
 Metaspace       used 60338K, committed 61824K, reserved 1114112K
  class space    used 6603K, committed 7232K, reserved 1048576K
}
Event: 257.124 GC heap after
{Heap after GC invocations=211 (full 3):
 PSYoungGen      total 7168K, used 483K [0x00000000d5580000, 0x00000000d5f80000, 0x0000000100000000)
  eden space 6656K, 0% used [0x00000000d5580000,0x00000000d5580000,0x00000000d5c00000)
  from space 512K, 94% used [0x00000000d5d80000,0x00000000d5df8f78,0x00000000d5e00000)
  to   space 1536K, 0% used [0x00000000d5c00000,0x00000000d5c00000,0x00000000d5d80000)
 ParOldGen       total 98304K, used 96037K [0x0000000080000000, 0x0000000086000000, 0x00000000d5580000)
  object space 98304K, 97% used [0x0000000080000000,0x0000000085dc9400,0x0000000086000000)
 Metaspace       used 60338K, committed 61824K, reserved 1114112K
  class space    used 6603K, committed 7232K, reserved 1048576K
}
Event: 257.736 GC heap before
{Heap before GC invocations=212 (full 3):
 PSYoungGen      total 7168K, used 7139K [0x00000000d5580000, 0x00000000d5f80000, 0x0000000100000000)
  eden space 6656K, 100% used [0x00000000d5580000,0x00000000d5c00000,0x00000000d5c00000)
  from space 512K, 94% used [0x00000000d5d80000,0x00000000d5df8f78,0x00000000d5e00000)
  to   space 1536K, 0% used [0x00000000d5c00000,0x00000000d5c00000,0x00000000d5d80000)
 ParOldGen       total 98304K, used 96037K [0x0000000080000000, 0x0000000086000000, 0x00000000d5580000)
  object space 98304K, 97% used [0x0000000080000000,0x0000000085dc9400,0x0000000086000000)
 Metaspace       used 60339K, committed 61824K, reserved 1114112K
  class space    used 6603K, committed 7232K, reserved 1048576K
}
Event: 257.737 GC heap after
{Heap after GC invocations=212 (full 3):
 PSYoungGen      total 7168K, used 384K [0x00000000d5580000, 0x00000000d5e00000, 0x0000000100000000)
  eden space 6656K, 0% used [0x00000000d5580000,0x00000000d5580000,0x00000000d5c00000)
  from space 512K, 75% used [0x00000000d5c00000,0x00000000d5c60000,0x00000000d5c80000)
  to   space 1024K, 0% used [0x00000000d5d00000,0x00000000d5d00000,0x00000000d5e00000)
 ParOldGen       total 98304K, used 96261K [0x0000000080000000, 0x0000000086000000, 0x00000000d5580000)
  object space 98304K, 97% used [0x0000000080000000,0x0000000085e01400,0x0000000086000000)
 Metaspace       used 60339K, committed 61824K, reserved 1114112K
  class space    used 6603K, committed 7232K, reserved 1048576K
}
Event: 258.483 GC heap before
{Heap before GC invocations=213 (full 3):
 PSYoungGen      total 7168K, used 7040K [0x00000000d5580000, 0x00000000d5e00000, 0x0000000100000000)
  eden space 6656K, 100% used [0x00000000d5580000,0x00000000d5c00000,0x00000000d5c00000)
  from space 512K, 75% used [0x00000000d5c00000,0x00000000d5c60000,0x00000000d5c80000)
  to   space 1024K, 0% used [0x00000000d5d00000,0x00000000d5d00000,0x00000000d5e00000)
 ParOldGen       total 98304K, used 96261K [0x0000000080000000, 0x0000000086000000, 0x00000000d5580000)
  object space 98304K, 97% used [0x0000000080000000,0x0000000085e01400,0x0000000086000000)
 Metaspace       used 60433K, committed 61888K, reserved 1114112K
  class space    used 6612K, committed 7232K, reserved 1048576K
}
Event: 258.486 GC heap after
{Heap after GC invocations=213 (full 3):
 PSYoungGen      total 7680K, used 496K [0x00000000d5580000, 0x00000000d5e00000, 0x0000000100000000)
  eden space 6656K, 0% used [0x00000000d5580000,0x00000000d5580000,0x00000000d5c00000)
  from space 1024K, 48% used [0x00000000d5d00000,0x00000000d5d7c010,0x00000000d5e00000)
  to   space 1024K, 0% used [0x00000000d5c00000,0x00000000d5c00000,0x00000000d5d00000)
 ParOldGen       total 98304K, used 96429K [0x0000000080000000, 0x0000000086000000, 0x00000000d5580000)
  object space 98304K, 98% used [0x0000000080000000,0x0000000085e2b400,0x0000000086000000)
 Metaspace       used 60433K, committed 61888K, reserved 1114112K
  class space    used 6612K, committed 7232K, reserved 1048576K
}

