# JRE version: OpenJDK Runtime Environment Temurin-21.0.11+10 (21.0.11+10) (build 21.0.11+10-LTS)
# Java VM: OpenJDK 64-Bit Server VM Temurin-21.0.11+10 (21.0.11+10-LTS, mixed mode, sharing, tiered, compressed oops, compressed class ptrs, parallel gc, windows-amd64)
GC Precious Log:
 CardTable entry size: 512
 CPUs: 12 total, 12 available
 Memory: 5978M
 Large Page Support: Disabled
 NUMA Support: Disabled
 Compressed Oops: Enabled (32-bit)
 Alignments: Space 512K, Generation 512K, Heap 2M
 Heap Min Capacity: 100M
 Heap Initial Capacity: 100M
 Heap Max Capacity: 2G
 Pre-touch: Disabled
 Parallel Workers: 10
Heap:
 PSYoungGen      total 5120K, used 3508K [0x00000000d5580000, 0x00000000d5b80000, 0x0000000100000000)
  eden space 4096K, 71% used [0x00000000d5580000,0x00000000d585f7c8,0x00000000d5980000)
  from space 1024K, 55% used [0x00000000d5a80000,0x00000000d5b0d928,0x00000000d5b80000)
  to   space 1024K, 0% used [0x00000000d5980000,0x00000000d5980000,0x00000000d5a80000)
 ParOldGen       total 605184K, used 604988K [0x0000000080000000, 0x00000000a4f00000, 0x00000000d5580000)
  object space 605184K, 99% used [0x0000000080000000,0x00000000a4ecf390,0x00000000a4f00000)
 Metaspace       used 66979K, committed 68608K, reserved 1114112K
  class space    used 6921K, committed 7616K, reserved 1048576K
GC Heap History (20 events):
Event: 39.640 GC heap after
{Heap after GC invocations=1152 (full 3):
 PSYoungGen      total 4096K, used 448K [0x00000000d5580000, 0x00000000d5b00000, 0x0000000100000000)
  eden space 3072K, 0% used [0x00000000d5580000,0x00000000d5580000,0x00000000d5880000)
  from space 1024K, 43% used [0x00000000d5900000,0x00000000d5970000,0x00000000d5a00000)
  to   space 512K, 0% used [0x00000000d5a80000,0x00000000d5a80000,0x00000000d5b00000)
 ParOldGen       total 596992K, used 596523K [0x0000000080000000, 0x00000000a4700000, 0x00000000d5580000)
  object space 596992K, 99% used [0x0000000080000000,0x00000000a468af80,0x00000000a4700000)
 Metaspace       used 66914K, committed 68544K, reserved 1114112K
  class space    used 6921K, committed 7616K, reserved 1048576K
}
Event: 39.652 GC heap before
{Heap before GC invocations=1153 (full 3):
 PSYoungGen      total 4096K, used 3520K [0x00000000d5580000, 0x00000000d5b00000, 0x0000000100000000)
  eden space 3072K, 100% used [0x00000000d5580000,0x00000000d5880000,0x00000000d5880000)
  from space 1024K, 43% used [0x00000000d5900000,0x00000000d5970000,0x00000000d5a00000)
  to   space 512K, 0% used [0x00000000d5a80000,0x00000000d5a80000,0x00000000d5b00000)
 ParOldGen       total 596992K, used 596523K [0x0000000080000000, 0x00000000a4700000, 0x00000000d5580000)
  object space 596992K, 99% used [0x0000000080000000,0x00000000a468af80,0x00000000a4700000)
 Metaspace       used 66917K, committed 68544K, reserved 1114112K
  class space    used 6921K, committed 7616K, reserved 1048576K
}
Event: 39.655 GC heap after
{Heap after GC invocations=1153 (full 3):
 PSYoungGen      total 3584K, used 492K [0x00000000d5580000, 0x00000000d5b00000, 0x0000000100000000)
  eden space 3072K, 0% used [0x00000000d5580000,0x00000000d5580000,0x00000000d5880000)
  from space 512K, 96% used [0x00000000d5a80000,0x00000000d5afb210,0x00000000d5b00000)
  to   space 1024K, 0% used [0x00000000d5900000,0x00000000d5900000,0x00000000d5a00000)
 ParOldGen       total 596992K, used 596910K [0x0000000080000000, 0x00000000a4700000, 0x00000000d5580000)
  object space 596992K, 99% used [0x0000000080000000,0x00000000a46ebb88,0x00000000a4700000)
 Metaspace       used 66917K, committed 68544K, reserved 1114112K
  class space    used 6921K, committed 7616K, reserved 1048576K
}
Event: 39.700 GC heap before
{Heap before GC invocations=1154 (full 3):
 PSYoungGen      total 3584K, used 3564K [0x00000000d5580000, 0x00000000d5b00000, 0x0000000100000000)
  eden space 3072K, 100% used [0x00000000d5580000,0x00000000d5880000,0x00000000d5880000)
  from space 512K, 96% used [0x00000000d5a80000,0x00000000d5afb210,0x00000000d5b00000)
  to   space 1024K, 0% used [0x00000000d5900000,0x00000000d5900000,0x00000000d5a00000)
 ParOldGen       total 596992K, used 596910K [0x0000000080000000, 0x00000000a4700000, 0x00000000d5580000)
  object space 596992K, 99% used [0x0000000080000000,0x00000000a46ebb88,0x00000000a4700000)
 Metaspace       used 66941K, committed 68608K, reserved 1114112K
  class space    used 6921K, committed 7616K, reserved 1048576K
}
Event: 39.703 GC heap after
{Heap after GC invocations=1154 (full 3):
 PSYoungGen      total 4096K, used 544K [0x00000000d5580000, 0x00000000d5b00000, 0x0000000100000000)
  eden space 3072K, 0% used [0x00000000d5580000,0x00000000d5580000,0x00000000d5880000)
  from space 1024K, 53% used [0x00000000d5900000,0x00000000d5988000,0x00000000d5a00000)
  to   space 1024K, 0% used [0x00000000d5a00000,0x00000000d5a00000,0x00000000d5b00000)
 ParOldGen       total 597504K, used 597206K [0x0000000080000000, 0x00000000a4780000, 0x00000000d5580000)
  object space 597504K, 99% used [0x0000000080000000,0x00000000a4735b88,0x00000000a4780000)
 Metaspace       used 66941K, committed 68608K, reserved 1114112K
  class space    used 6921K, committed 7616K, reserved 1048576K
}
Event: 39.723 GC heap before
{Heap before GC invocations=1155 (full 3):
 PSYoungGen      total 4096K, used 3616K [0x00000000d5580000, 0x00000000d5b00000, 0x0000000100000000)
  eden space 3072K, 100% used [0x00000000d5580000,0x00000000d5880000,0x00000000d5880000)
  from space 1024K, 53% used [0x00000000d5900000,0x00000000d5988000,0x00000000d5a00000)
  to   space 1024K, 0% used [0x00000000d5a00000,0x00000000d5a00000,0x00000000d5b00000)
 ParOldGen       total 597504K, used 597206K [0x0000000080000000, 0x00000000a4780000, 0x00000000d5580000)
  object space 597504K, 99% used [0x0000000080000000,0x00000000a4735b88,0x00000000a4780000)
 Metaspace       used 66956K, committed 68608K, reserved 1114112K
  class space    used 6921K, committed 7616K, reserved 1048576K
}
Event: 39.726 GC heap after
{Heap after GC invocations=1155 (full 3):
 PSYoungGen      total 4096K, used 774K [0x00000000d5580000, 0x00000000d5b00000, 0x0000000100000000)
  eden space 3072K, 0% used [0x00000000d5580000,0x00000000d5580000,0x00000000d5880000)
  from space 1024K, 75% used [0x00000000d5a00000,0x00000000d5ac1a08,0x00000000d5b00000)
  to   space 1024K, 0% used [0x00000000d5900000,0x00000000d5900000,0x00000000d5a00000)
 ParOldGen       total 598016K, used 597534K [0x0000000080000000, 0x00000000a4800000, 0x00000000d5580000)
  object space 598016K, 99% used [0x0000000080000000,0x00000000a4787b88,0x00000000a4800000)
 Metaspace       used 66956K, committed 68608K, reserved 1114112K
  class space    used 6921K, committed 7616K, reserved 1048576K
}
Event: 39.735 GC heap before
{Heap before GC invocations=1156 (full 3):
 PSYoungGen      total 4096K, used 3846K [0x00000000d5580000, 0x00000000d5b00000, 0x0000000100000000)
  eden space 3072K, 100% used [0x00000000d5580000,0x00000000d5880000,0x00000000d5880000)
  from space 1024K, 75% used [0x00000000d5a00000,0x00000000d5ac1a08,0x00000000d5b00000)
  to   space 1024K, 0% used [0x00000000d5900000,0x00000000d5900000,0x00000000d5a00000)
 ParOldGen       total 598016K, used 597534K [0x0000000080000000, 0x00000000a4800000, 0x00000000d5580000)
  object space 598016K, 99% used [0x0000000080000000,0x00000000a4787b88,0x00000000a4800000)
 Metaspace       used 66956K, committed 68608K, reserved 1114112K
  class space    used 6921K, committed 7616K, reserved 1048576K
}
Event: 39.737 GC heap after
{Heap after GC invocations=1156 (full 3):
 PSYoungGen      total 3584K, used 448K [0x00000000d5580000, 0x00000000d5a80000, 0x0000000100000000)
  eden space 3072K, 0% used [0x00000000d5580000,0x00000000d5580000,0x00000000d5880000)
  from space 512K, 87% used [0x00000000d5900000,0x00000000d5970000,0x00000000d5980000)
  to   space 1024K, 0% used [0x00000000d5980000,0x00000000d5980000,0x00000000d5a80000)
 ParOldGen       total 598528K, used 598105K [0x0000000080000000, 0x00000000a4880000, 0x00000000d5580000)
  object space 598528K, 99% used [0x0000000080000000,0x00000000a4816410,0x00000000a4880000)
 Metaspace       used 66956K, committed 68608K, reserved 1114112K
  class space    used 6921K, committed 7616K, reserved 1048576K
}
Event: 39.750 GC heap before
{Heap before GC invocations=1157 (full 3):
 PSYoungGen      total 3584K, used 3520K [0x00000000d5580000, 0x00000000d5a80000, 0x0000000100000000)
  eden space 3072K, 100% used [0x00000000d5580000,0x00000000d5880000,0x00000000d5880000)
  from space 512K, 87% used [0x00000000d5900000,0x00000000d5970000,0x00000000d5980000)
  to   space 1024K, 0% used [0x00000000d5980000,0x00000000d5980000,0x00000000d5a80000)
 ParOldGen       total 598528K, used 598105K [0x0000000080000000, 0x00000000a4880000, 0x00000000d5580000)
  object space 598528K, 99% used [0x0000000080000000,0x00000000a4816410,0x00000000a4880000)
 Metaspace       used 66957K, committed 68608K, reserved 1114112K
  class space    used 6921K, committed 7616K, reserved 1048576K
}
Event: 39.752 GC heap after
{Heap after GC invocations=1157 (full 3):
 PSYoungGen      total 3584K, used 475K [0x00000000d5580000, 0x00000000d5a00000, 0x0000000100000000)
  eden space 3072K, 0% used [0x00000000d5580000,0x00000000d5580000,0x00000000d5880000)
  from space 512K, 92% used [0x00000000d5980000,0x00000000d59f6c08,0x00000000d5a00000)
  to   space 512K, 0% used [0x00000000d5900000,0x00000000d5900000,0x00000000d5980000)
 ParOldGen       total 598528K, used 598377K [0x0000000080000000, 0x00000000a4880000, 0x00000000d5580000)
  object space 598528K, 99% used [0x0000000080000000,0x00000000a485a410,0x00000000a4880000)
 Metaspace       used 66957K, committed 68608K, reserved 1114112K
  class space    used 6921K, committed 7616K, reserved 1048576K
}
Event: 39.762 GC heap before
{Heap before GC invocations=1158 (full 3):
 PSYoungGen      total 3584K, used 3547K [0x00000000d5580000, 0x00000000d5a00000, 0x0000000100000000)
  eden space 3072K, 100% used [0x00000000d5580000,0x00000000d5880000,0x00000000d5880000)
  from space 512K, 92% used [0x00000000d5980000,0x00000000d59f6c08,0x00000000d5a00000)
  to   space 512K, 0% used [0x00000000d5900000,0x00000000d5900000,0x00000000d5980000)
 ParOldGen       total 598528K, used 598377K [0x0000000080000000, 0x00000000a4880000, 0x00000000d5580000)
  object space 598528K, 99% used [0x0000000080000000,0x00000000a485a410,0x00000000a4880000)
 Metaspace       used 66957K, committed 68608K, reserved 1114112K
  class space    used 6921K, committed 7616K, reserved 1048576K
}
Event: 39.765 GC heap after
{Heap after GC invocations=1158 (full 3):
 PSYoungGen      total 3584K, used 512K [0x00000000d5580000, 0x00000000d5a80000, 0x0000000100000000)
  eden space 3072K, 0% used [0x00000000d5580000,0x00000000d5580000,0x00000000d5880000)
  from space 512K, 100% used [0x00000000d5900000,0x00000000d5980000,0x00000000d5980000)
  to   space 1024K, 0% used [0x00000000d5980000,0x00000000d5980000,0x00000000d5a80000)
 ParOldGen       total 599040K, used 598692K [0x0000000080000000, 0x00000000a4900000, 0x00000000d5580000)
  object space 599040K, 99% used [0x0000000080000000,0x00000000a48a9018,0x00000000a4900000)
 Metaspace       used 66957K, committed 68608K, reserved 1114112K
  class space    used 6921K, committed 7616K, reserved 1048576K
}
Event: 39.776 GC heap before
{Heap before GC invocations=1159 (full 3):
 PSYoungGen      total 3584K, used 3584K [0x00000000d5580000, 0x00000000d5a80000, 0x0000000100000000)
  eden space 3072K, 100% used [0x00000000d5580000,0x00000000d5880000,0x00000000d5880000)
  from space 512K, 100% used [0x00000000d5900000,0x00000000d5980000,0x00000000d5980000)
  to   space 1024K, 0% used [0x00000000d5980000,0x00000000d5980000,0x00000000d5a80000)
 ParOldGen       total 599040K, used 598692K [0x0000000080000000, 0x00000000a4900000, 0x00000000d5580000)
  object space 599040K, 99% used [0x0000000080000000,0x00000000a48a9018,0x00000000a4900000)
 Metaspace       used 66957K, committed 68608K, reserved 1114112K
  class space    used 6921K, committed 7616K, reserved 1048576K
}
Event: 39.778 GC heap after
{Heap after GC invocations=1159 (full 3):
 PSYoungGen      total 3072K, used 1008K [0x00000000d5580000, 0x00000000d5c80000, 0x0000000100000000)
  eden space 2048K, 0% used [0x00000000d5580000,0x00000000d5580000,0x00000000d5780000)
  from space 1024K, 98% used [0x00000000d5980000,0x00000000d5a7c1e8,0x00000000d5a80000)
  to   space 2048K, 0% used [0x00000000d5780000,0x00000000d5780000,0x00000000d5980000)
 ParOldGen       total 599552K, used 599127K [0x0000000080000000, 0x00000000a4980000, 0x00000000d5580000)
  object space 599552K, 99% used [0x0000000080000000,0x00000000a4915d68,0x00000000a4980000)
 Metaspace       used 66957K, committed 68608K, reserved 1114112K
  class space    used 6921K, committed 7616K, reserved 1048576K
}
Event: 39.782 GC heap before
{Heap before GC invocations=1160 (full 3):
 PSYoungGen      total 3072K, used 2409K [0x00000000d5580000, 0x00000000d5c80000, 0x0000000100000000)
  eden space 2048K, 68% used [0x00000000d5580000,0x00000000d56de280,0x00000000d5780000)
  from space 1024K, 98% used [0x00000000d5980000,0x00000000d5a7c1e8,0x00000000d5a80000)
  to   space 2048K, 0% used [0x00000000d5780000,0x00000000d5780000,0x00000000d5980000)
 ParOldGen       total 599552K, used 599127K [0x0000000080000000, 0x00000000a4980000, 0x00000000d5580000)
  object space 599552K, 99% used [0x0000000080000000,0x00000000a4915d68,0x00000000a4980000)
 Metaspace       used 66957K, committed 68608K, reserved 1114112K
  class space    used 6921K, committed 7616K, reserved 1048576K
}
Event: 39.785 GC heap after
{Heap after GC invocations=1160 (full 3):
 PSYoungGen      total 3072K, used 623K [0x00000000d5580000, 0x00000000d5a00000, 0x0000000100000000)
  eden space 2048K, 0% used [0x00000000d5580000,0x00000000d5580000,0x00000000d5780000)
  from space 1024K, 60% used [0x00000000d5780000,0x00000000d581bd30,0x00000000d5880000)
  to   space 1024K, 0% used [0x00000000d5900000,0x00000000d5900000,0x00000000d5a00000)
 ParOldGen       total 600576K, used 600121K [0x0000000080000000, 0x00000000a4a80000, 0x00000000d5580000)
  object space 600576K, 99% used [0x0000000080000000,0x00000000a4a0e590,0x00000000a4a80000)
 Metaspace       used 66957K, committed 68608K, reserved 1114112K
  class space    used 6921K, committed 7616K, reserved 1048576K
}
Event: 39.790 GC heap before
{Heap before GC invocations=1161 (full 3):
 PSYoungGen      total 3072K, used 2665K [0x00000000d5580000, 0x00000000d5a00000, 0x0000000100000000)
  eden space 2048K, 99% used [0x00000000d5580000,0x00000000d577ea88,0x00000000d5780000)
  from space 1024K, 60% used [0x00000000d5780000,0x00000000d581bd30,0x00000000d5880000)
  to   space 1024K, 0% used [0x00000000d5900000,0x00000000d5900000,0x00000000d5a00000)
 ParOldGen       total 600576K, used 600121K [0x0000000080000000, 0x00000000a4a80000, 0x00000000d5580000)
  object space 600576K, 99% used [0x0000000080000000,0x00000000a4a0e590,0x00000000a4a80000)
 Metaspace       used 66957K, committed 68608K, reserved 1114112K
  class space    used 6921K, committed 7616K, reserved 1048576K
}
Event: 39.792 GC heap after
{Heap after GC invocations=1161 (full 3):
 PSYoungGen      total 2560K, used 995K [0x00000000d5580000, 0x00000000d5c00000, 0x0000000100000000)
  eden space 1536K, 0% used [0x00000000d5580000,0x00000000d5580000,0x00000000d5700000)
  from space 1024K, 97% used [0x00000000d5900000,0x00000000d59f8dc0,0x00000000d5a00000)
  to   space 2048K, 0% used [0x00000000d5700000,0x00000000d5700000,0x00000000d5900000)
 ParOldGen       total 601088K, used 600755K [0x0000000080000000, 0x00000000a4b00000, 0x00000000d5580000)
  object space 601088K, 99% used [0x0000000080000000,0x00000000a4aacd00,0x00000000a4b00000)
 Metaspace       used 66957K, committed 68608K, reserved 1114112K
  class space    used 6921K, committed 7616K, reserved 1048576K
}
Event: 39.799 GC heap before
{Heap before GC invocations=1162 (full 3):
 PSYoungGen      total 2560K, used 2531K [0x00000000d5580000, 0x00000000d5c00000, 0x0000000100000000)
  eden space 1536K, 100% used [0x00000000d5580000,0x00000000d5700000,0x00000000d5700000)
  from space 1024K, 97% used [0x00000000d5900000,0x00000000d59f8dc0,0x00000000d5a00000)
  to   space 2048K, 0% used [0x00000000d5700000,0x00000000d5700000,0x00000000d5900000)
 ParOldGen       total 601088K, used 600755K [0x0000000080000000, 0x00000000a4b00000, 0x00000000d5580000)
  object space 601088K, 99% used [0x0000000080000000,0x00000000a4aacd00,0x00000000a4b00000)
 Metaspace       used 66957K, committed 68608K, reserved 1114112K
  class space    used 6921K, committed 7616K, reserved 1048576K
}

