# JRE version: OpenJDK Runtime Environment Temurin-21.0.11+10 (21.0.11+10) (build 21.0.11+10-LTS)
# Java VM: OpenJDK 64-Bit Server VM Temurin-21.0.11+10 (21.0.11+10-LTS, mixed mode, sharing, tiered, compressed oops, compressed class ptrs, parallel gc, windows-amd64)
GC Precious Log:
 CardTable entry size: 512
 CPUs: 12 total, 12 available
 Memory: 5978M
 Large Page Support: Disabled
 NUMA Support: Disabled
 Compressed Oops: Enabled (32-bit)
 Alignments: Space 512K, Generation 512K, Heap 2M
 Heap Min Capacity: 100M
 Heap Initial Capacity: 100M
 Heap Max Capacity: 2G
 Pre-touch: Disabled
 Parallel Workers: 10
Heap:
 PSYoungGen      total 7168K, used 1278K [0x00000000d5580000, 0x00000000d5e80000, 0x0000000100000000)
  eden space 6144K, 13% used [0x00000000d5580000,0x00000000d564fb30,0x00000000d5b80000)
  from space 1024K, 43% used [0x00000000d5c80000,0x00000000d5cf0000,0x00000000d5d80000)
  to   space 1024K, 0% used [0x00000000d5d80000,0x00000000d5d80000,0x00000000d5e80000)
 ParOldGen       total 397312K, used 397186K [0x0000000080000000, 0x0000000098400000, 0x00000000d5580000)
  object space 397312K, 99% used [0x0000000080000000,0x00000000983e0918,0x0000000098400000)
 Metaspace       used 68087K, committed 69888K, reserved 1114112K
  class space    used 7176K, committed 8000K, reserved 1048576K
GC Heap History (20 events):
Event: 466.901 GC heap before
{Heap before GC invocations=909 (full 3):
 PSYoungGen      total 7168K, used 6943K [0x00000000d5580000, 0x00000000d5d80000, 0x0000000100000000)
  eden space 6144K, 99% used [0x00000000d5580000,0x00000000d5b7fff8,0x00000000d5b80000)
  from space 1024K, 78% used [0x00000000d5b80000,0x00000000d5c48000,0x00000000d5c80000)
  to   space 1024K, 0% used [0x00000000d5c80000,0x00000000d5c80000,0x00000000d5d80000)
 ParOldGen       total 393216K, used 393091K [0x0000000080000000, 0x0000000098000000, 0x00000000d5580000)
  object space 393216K, 99% used [0x0000000080000000,0x0000000097fe0e80,0x0000000098000000)
 Metaspace       used 67376K, committed 69120K, reserved 1114112K
  class space    used 7055K, committed 7808K, reserved 1048576K
}
Event: 466.904 GC heap after
{Heap after GC invocations=909 (full 3):
 PSYoungGen      total 7168K, used 736K [0x00000000d5580000, 0x00000000d5d80000, 0x0000000100000000)
  eden space 6144K, 0% used [0x00000000d5580000,0x00000000d5580000,0x00000000d5b80000)
  from space 1024K, 71% used [0x00000000d5c80000,0x00000000d5d38000,0x00000000d5d80000)
  to   space 1024K, 0% used [0x00000000d5b80000,0x00000000d5b80000,0x00000000d5c80000)
 ParOldGen       total 393728K, used 393499K [0x0000000080000000, 0x0000000098080000, 0x00000000d5580000)
  object space 393728K, 99% used [0x0000000080000000,0x0000000098046e80,0x0000000098080000)
 Metaspace       used 67376K, committed 69120K, reserved 1114112K
  class space    used 7055K, committed 7808K, reserved 1048576K
}
Event: 466.922 GC heap before
{Heap before GC invocations=910 (full 3):
 PSYoungGen      total 7168K, used 6880K [0x00000000d5580000, 0x00000000d5d80000, 0x0000000100000000)
  eden space 6144K, 100% used [0x00000000d5580000,0x00000000d5b80000,0x00000000d5b80000)
  from space 1024K, 71% used [0x00000000d5c80000,0x00000000d5d38000,0x00000000d5d80000)
  to   space 1024K, 0% used [0x00000000d5b80000,0x00000000d5b80000,0x00000000d5c80000)
 ParOldGen       total 393728K, used 393499K [0x0000000080000000, 0x0000000098080000, 0x00000000d5580000)
  object space 393728K, 99% used [0x0000000080000000,0x0000000098046e80,0x0000000098080000)
 Metaspace       used 67376K, committed 69120K, reserved 1114112K
  class space    used 7055K, committed 7808K, reserved 1048576K
}
Event: 466.925 GC heap after
{Heap after GC invocations=910 (full 3):
 PSYoungGen      total 7168K, used 992K [0x00000000d5580000, 0x00000000d5e80000, 0x0000000100000000)
  eden space 6144K, 0% used [0x00000000d5580000,0x00000000d5580000,0x00000000d5b80000)
  from space 1024K, 96% used [0x00000000d5b80000,0x00000000d5c78000,0x00000000d5c80000)
  to   space 1536K, 0% used [0x00000000d5d00000,0x00000000d5d00000,0x00000000d5e80000)
 ParOldGen       total 394240K, used 393975K [0x0000000080000000, 0x0000000098100000, 0x00000000d5580000)
  object space 394240K, 99% used [0x0000000080000000,0x00000000980bde90,0x0000000098100000)
 Metaspace       used 67376K, committed 69120K, reserved 1114112K
  class space    used 7055K, committed 7808K, reserved 1048576K
}
Event: 466.945 GC heap before
{Heap before GC invocations=911 (full 3):
 PSYoungGen      total 7168K, used 7136K [0x00000000d5580000, 0x00000000d5e80000, 0x0000000100000000)
  eden space 6144K, 100% used [0x00000000d5580000,0x00000000d5b80000,0x00000000d5b80000)
  from space 1024K, 96% used [0x00000000d5b80000,0x00000000d5c78000,0x00000000d5c80000)
  to   space 1536K, 0% used [0x00000000d5d00000,0x00000000d5d00000,0x00000000d5e80000)
 ParOldGen       total 394240K, used 393975K [0x0000000080000000, 0x0000000098100000, 0x00000000d5580000)
  object space 394240K, 99% used [0x0000000080000000,0x00000000980bde90,0x0000000098100000)
 Metaspace       used 67376K, committed 69120K, reserved 1114112K
  class space    used 7055K, committed 7808K, reserved 1048576K
}
Event: 466.949 GC heap after
{Heap after GC invocations=911 (full 3):
 PSYoungGen      total 7168K, used 576K [0x00000000d5580000, 0x00000000d5e00000, 0x0000000100000000)
  eden space 6144K, 0% used [0x00000000d5580000,0x00000000d5580000,0x00000000d5b80000)
  from space 1024K, 56% used [0x00000000d5d00000,0x00000000d5d90000,0x00000000d5e00000)
  to   space 1024K, 0% used [0x00000000d5b80000,0x00000000d5b80000,0x00000000d5c80000)
 ParOldGen       total 394752K, used 394471K [0x0000000080000000, 0x0000000098180000, 0x00000000d5580000)
  object space 394752K, 99% used [0x0000000080000000,0x0000000098139e90,0x0000000098180000)
 Metaspace       used 67376K, committed 69120K, reserved 1114112K
  class space    used 7055K, committed 7808K, reserved 1048576K
}
Event: 467.085 GC heap before
{Heap before GC invocations=912 (full 3):
 PSYoungGen      total 7168K, used 6719K [0x00000000d5580000, 0x00000000d5e00000, 0x0000000100000000)
  eden space 6144K, 99% used [0x00000000d5580000,0x00000000d5b7fff0,0x00000000d5b80000)
  from space 1024K, 56% used [0x00000000d5d00000,0x00000000d5d90000,0x00000000d5e00000)
  to   space 1024K, 0% used [0x00000000d5b80000,0x00000000d5b80000,0x00000000d5c80000)
 ParOldGen       total 394752K, used 394471K [0x0000000080000000, 0x0000000098180000, 0x00000000d5580000)
  object space 394752K, 99% used [0x0000000080000000,0x0000000098139e90,0x0000000098180000)
 Metaspace       used 67376K, committed 69120K, reserved 1114112K
  class space    used 7055K, committed 7808K, reserved 1048576K
}
Event: 467.088 GC heap after
{Heap after GC invocations=912 (full 3):
 PSYoungGen      total 7168K, used 448K [0x00000000d5580000, 0x00000000d5d80000, 0x0000000100000000)
  eden space 6144K, 0% used [0x00000000d5580000,0x00000000d5580000,0x00000000d5b80000)
  from space 1024K, 43% used [0x00000000d5b80000,0x00000000d5bf0000,0x00000000d5c80000)
  to   space 1024K, 0% used [0x00000000d5c80000,0x00000000d5c80000,0x00000000d5d80000)
 ParOldGen       total 395264K, used 394919K [0x0000000080000000, 0x0000000098200000, 0x00000000d5580000)
  object space 395264K, 99% used [0x0000000080000000,0x00000000981a9e90,0x0000000098200000)
 Metaspace       used 67376K, committed 69120K, reserved 1114112K
  class space    used 7055K, committed 7808K, reserved 1048576K
}
Event: 467.376 GC heap before
{Heap before GC invocations=913 (full 3):
 PSYoungGen      total 7168K, used 6588K [0x00000000d5580000, 0x00000000d5d80000, 0x0000000100000000)
  eden space 6144K, 99% used [0x00000000d5580000,0x00000000d5b7f000,0x00000000d5b80000)
  from space 1024K, 43% used [0x00000000d5b80000,0x00000000d5bf0000,0x00000000d5c80000)
  to   space 1024K, 0% used [0x00000000d5c80000,0x00000000d5c80000,0x00000000d5d80000)
 ParOldGen       total 395264K, used 394919K [0x0000000080000000, 0x0000000098200000, 0x00000000d5580000)
  object space 395264K, 99% used [0x0000000080000000,0x00000000981a9e90,0x0000000098200000)
 Metaspace       used 67377K, committed 69120K, reserved 1114112K
  class space    used 7055K, committed 7808K, reserved 1048576K
}
Event: 467.380 GC heap after
{Heap after GC invocations=913 (full 3):
 PSYoungGen      total 6656K, used 460K [0x00000000d5580000, 0x00000000d5d00000, 0x0000000100000000)
  eden space 6144K, 0% used [0x00000000d5580000,0x00000000d5580000,0x00000000d5b80000)
  from space 512K, 89% used [0x00000000d5c80000,0x00000000d5cf3138,0x00000000d5d00000)
  to   space 512K, 0% used [0x00000000d5c00000,0x00000000d5c00000,0x00000000d5c80000)
 ParOldGen       total 395264K, used 395159K [0x0000000080000000, 0x0000000098200000, 0x00000000d5580000)
  object space 395264K, 99% used [0x0000000080000000,0x00000000981e5e90,0x0000000098200000)
 Metaspace       used 67377K, committed 69120K, reserved 1114112K
  class space    used 7055K, committed 7808K, reserved 1048576K
}
Event: 467.513 GC heap before
{Heap before GC invocations=914 (full 3):
 PSYoungGen      total 6656K, used 6604K [0x00000000d5580000, 0x00000000d5d00000, 0x0000000100000000)
  eden space 6144K, 100% used [0x00000000d5580000,0x00000000d5b80000,0x00000000d5b80000)
  from space 512K, 89% used [0x00000000d5c80000,0x00000000d5cf3138,0x00000000d5d00000)
  to   space 512K, 0% used [0x00000000d5c00000,0x00000000d5c00000,0x00000000d5c80000)
 ParOldGen       total 395264K, used 395159K [0x0000000080000000, 0x0000000098200000, 0x00000000d5580000)
  object space 395264K, 99% used [0x0000000080000000,0x00000000981e5e90,0x0000000098200000)
 Metaspace       used 67377K, committed 69120K, reserved 1114112K
  class space    used 7055K, committed 7808K, reserved 1048576K
}
Event: 467.516 GC heap after
{Heap after GC invocations=914 (full 3):
 PSYoungGen      total 6656K, used 490K [0x00000000d5580000, 0x00000000d6080000, 0x0000000100000000)
  eden space 6144K, 0% used [0x00000000d5580000,0x00000000d5580000,0x00000000d5b80000)
  from space 512K, 95% used [0x00000000d5c00000,0x00000000d5c7a9f8,0x00000000d5c80000)
  to   space 2560K, 0% used [0x00000000d5e00000,0x00000000d5e00000,0x00000000d6080000)
 ParOldGen       total 396800K, used 396612K [0x0000000080000000, 0x0000000098380000, 0x00000000d5580000)
  object space 396800K, 99% used [0x0000000080000000,0x00000000983511c8,0x0000000098380000)
 Metaspace       used 67377K, committed 69120K, reserved 1114112K
  class space    used 7055K, committed 7808K, reserved 1048576K
}
Event: 467.564 GC heap before
{Heap before GC invocations=915 (full 3):
 PSYoungGen      total 6656K, used 6634K [0x00000000d5580000, 0x00000000d6080000, 0x0000000100000000)
  eden space 6144K, 100% used [0x00000000d5580000,0x00000000d5b80000,0x00000000d5b80000)
  from space 512K, 95% used [0x00000000d5c00000,0x00000000d5c7a9f8,0x00000000d5c80000)
  to   space 2560K, 0% used [0x00000000d5e00000,0x00000000d5e00000,0x00000000d6080000)
 ParOldGen       total 396800K, used 396612K [0x0000000080000000, 0x0000000098380000, 0x00000000d5580000)
  object space 396800K, 99% used [0x0000000080000000,0x00000000983511c8,0x0000000098380000)
 Metaspace       used 67377K, committed 69120K, reserved 1114112K
  class space    used 7055K, committed 7808K, reserved 1048576K
}
Event: 467.566 GC heap after
{Heap after GC invocations=915 (full 3):
 PSYoungGen      total 6656K, used 420K [0x00000000d5580000, 0x00000000d5e80000, 0x0000000100000000)
  eden space 6144K, 0% used [0x00000000d5580000,0x00000000d5580000,0x00000000d5b80000)
  from space 512K, 82% used [0x00000000d5e00000,0x00000000d5e69290,0x00000000d5e80000)
  to   space 1024K, 0% used [0x00000000d5c80000,0x00000000d5c80000,0x00000000d5d80000)
 ParOldGen       total 396800K, used 396660K [0x0000000080000000, 0x0000000098380000, 0x00000000d5580000)
  object space 396800K, 99% used [0x0000000080000000,0x000000009835d1c8,0x0000000098380000)
 Metaspace       used 67377K, committed 69120K, reserved 1114112K
  class space    used 7055K, committed 7808K, reserved 1048576K
}
Event: 468.405 GC heap before
{Heap before GC invocations=916 (full 3):
 PSYoungGen      total 6656K, used 6564K [0x00000000d5580000, 0x00000000d5e80000, 0x0000000100000000)
  eden space 6144K, 100% used [0x00000000d5580000,0x00000000d5b80000,0x00000000d5b80000)
  from space 512K, 82% used [0x00000000d5e00000,0x00000000d5e69290,0x00000000d5e80000)
  to   space 1024K, 0% used [0x00000000d5c80000,0x00000000d5c80000,0x00000000d5d80000)
 ParOldGen       total 396800K, used 396660K [0x0000000080000000, 0x0000000098380000, 0x00000000d5580000)
  object space 396800K, 99% used [0x0000000080000000,0x000000009835d1c8,0x0000000098380000)
 Metaspace       used 67377K, committed 69120K, reserved 1114112K
  class space    used 7055K, committed 7808K, reserved 1048576K
}
Event: 468.409 GC heap after
{Heap after GC invocations=916 (full 3):
 PSYoungGen      total 7168K, used 256K [0x00000000d5580000, 0x00000000d5e80000, 0x0000000100000000)
  eden space 6144K, 0% used [0x00000000d5580000,0x00000000d5580000,0x00000000d5b80000)
  from space 1024K, 25% used [0x00000000d5c80000,0x00000000d5cc0000,0x00000000d5d80000)
  to   space 512K, 0% used [0x00000000d5e00000,0x00000000d5e00000,0x00000000d5e80000)
 ParOldGen       total 396800K, used 396692K [0x0000000080000000, 0x0000000098380000, 0x00000000d5580000)
  object space 396800K, 99% used [0x0000000080000000,0x00000000983651c8,0x0000000098380000)
 Metaspace       used 67377K, committed 69120K, reserved 1114112K
  class space    used 7055K, committed 7808K, reserved 1048576K
}
Event: 470.098 GC heap before
{Heap before GC invocations=917 (full 3):
 PSYoungGen      total 7168K, used 6347K [0x00000000d5580000, 0x00000000d5e80000, 0x0000000100000000)
  eden space 6144K, 99% used [0x00000000d5580000,0x00000000d5b72c30,0x00000000d5b80000)
  from space 1024K, 25% used [0x00000000d5c80000,0x00000000d5cc0000,0x00000000d5d80000)
  to   space 512K, 0% used [0x00000000d5e00000,0x00000000d5e00000,0x00000000d5e80000)
 ParOldGen       total 396800K, used 396692K [0x0000000080000000, 0x0000000098380000, 0x00000000d5580000)
  object space 396800K, 99% used [0x0000000080000000,0x00000000983651c8,0x0000000098380000)
 Metaspace       used 67504K, committed 69248K, reserved 1114112K
  class space    used 7074K, committed 7872K, reserved 1048576K
}
Event: 470.110 GC heap after
{Heap after GC invocations=917 (full 3):
 PSYoungGen      total 6656K, used 504K [0x00000000d5580000, 0x00000000d5e80000, 0x0000000100000000)
  eden space 6144K, 0% used [0x00000000d5580000,0x00000000d5580000,0x00000000d5b80000)
  from space 512K, 98% used [0x00000000d5e00000,0x00000000d5e7e358,0x00000000d5e80000)
  to   space 1024K, 0% used [0x00000000d5c80000,0x00000000d5c80000,0x00000000d5d80000)
 ParOldGen       total 397312K, used 396912K [0x0000000080000000, 0x0000000098400000, 0x00000000d5580000)
  object space 397312K, 99% used [0x0000000080000000,0x000000009839c298,0x0000000098400000)
 Metaspace       used 67504K, committed 69248K, reserved 1114112K
  class space    used 7074K, committed 7872K, reserved 1048576K
}
Event: 472.449 GC heap before
{Heap before GC invocations=918 (full 3):
 PSYoungGen      total 6656K, used 6648K [0x00000000d5580000, 0x00000000d5e80000, 0x0000000100000000)
  eden space 6144K, 100% used [0x00000000d5580000,0x00000000d5b80000,0x00000000d5b80000)
  from space 512K, 98% used [0x00000000d5e00000,0x00000000d5e7e358,0x00000000d5e80000)
  to   space 1024K, 0% used [0x00000000d5c80000,0x00000000d5c80000,0x00000000d5d80000)
 ParOldGen       total 397312K, used 396912K [0x0000000080000000, 0x0000000098400000, 0x00000000d5580000)
  object space 397312K, 99% used [0x0000000080000000,0x000000009839c298,0x0000000098400000)
 Metaspace       used 68060K, committed 69888K, reserved 1114112K
  class space    used 7174K, committed 8000K, reserved 1048576K
}
Event: 472.454 GC heap after
{Heap after GC invocations=918 (full 3):
 PSYoungGen      total 7168K, used 448K [0x00000000d5580000, 0x00000000d5e80000, 0x0000000100000000)
  eden space 6144K, 0% used [0x00000000d5580000,0x00000000d5580000,0x00000000d5b80000)
  from space 1024K, 43% used [0x00000000d5c80000,0x00000000d5cf0000,0x00000000d5d80000)
  to   space 1024K, 0% used [0x00000000d5d80000,0x00000000d5d80000,0x00000000d5e80000)
 ParOldGen       total 397312K, used 397186K [0x0000000080000000, 0x0000000098400000, 0x00000000d5580000)
  object space 397312K, 99% used [0x0000000080000000,0x00000000983e0918,0x0000000098400000)
 Metaspace       used 68060K, committed 69888K, reserved 1114112K
  class space    used 7174K, committed 8000K, reserved 1048576K
}

